#########################################################################################################
参数量：127581696
#########################################################################################################
0.attention.self.query.weight
0.attention.self.key.weight
0.attention.self.value.weight
0.attention.output.dense.weight
0.intermediate.dense.weight
0.output.dense.weight
1.attention.self.query.weight
1.attention.self.key.weight
1.attention.self.value.weight
1.attention.output.dense.weight
1.intermediate.dense.weight
1.output.dense.weight
2.attention.self.query.weight
2.attention.self.key.weight
2.attention.self.value.weight
2.attention.output.dense.weight
2.intermediate.dense.weight
2.output.dense.weight
3.attention.self.query.weight
3.attention.self.key.weight
3.attention.self.value.weight
3.attention.output.dense.weight
3.intermediate.dense.weight
3.output.dense.weight
4.attention.self.query.weight
4.attention.self.key.weight
4.attention.self.value.weight
4.attention.output.dense.weight
4.intermediate.dense.weight
4.output.dense.weight
5.attention.self.query.weight
5.attention.self.key.weight
5.attention.self.value.weight
5.attention.output.dense.weight
5.intermediate.dense.weight
5.output.dense.weight
#########################################################################################################
参数量：462011904
#########################################################################################################
{"eval_acc": 0.6838235294117647, "eval_f1": 0.8122270742358079, "eval_acc_and_f1": 0.7480253018237863, "learning_rate": 1.9420289855072467e-05, "loss": 0.8097236680984498, "step": 50}
{"eval_acc": 0.6838235294117647, "eval_f1": 0.8122270742358079, "eval_acc_and_f1": 0.7480253018237863, "learning_rate": 1.8840579710144928e-05, "loss": 0.757179104089737, "step": 100}
{"eval_acc": 0.6838235294117647, "eval_f1": 0.8122270742358079, "eval_acc_and_f1": 0.7480253018237863, "learning_rate": 1.8260869565217393e-05, "loss": 0.7000828492641449, "step": 150}
{"eval_acc": 0.6911764705882353, "eval_f1": 0.8055555555555556, "eval_acc_and_f1": 0.7483660130718954, "learning_rate": 1.7681159420289858e-05, "loss": 0.6624954462051391, "step": 200}
{"eval_acc": 0.6495098039215687, "eval_f1": 0.7620632279534109, "eval_acc_and_f1": 0.70512/20/2023 03:59:23 - INFO - transformers.modeling_utils -   Weights of BertForSequenceClassification not initialized from pretrained model: ['bert.encoder.scc_layer.0.attention.self.query.bias', 'bert.encoder.scc_layer.0.attention.self.query.tensor_set.0', 'bert.encoder.scc_layer.0.attention.self.query.tensor_set.1', 'bert.encoder.scc_layer.0.attention.self.query.tensor_set.2', 'bert.encoder.scc_layer.0.attention.self.query.tensor_set.3', 'bert.encoder.scc_layer.0.attention.self.query.tensor_set.4', 'bert.encoder.scc_layer.0.attention.self.query.tensor_set.5', 'bert.encoder.scc_layer.0.attention.self.query.tensor_set.6', 'bert.encoder.scc_layer.0.attention.self.query.tensor_set.7', 'bert.encoder.scc_layer.0.attention.self.query.tensor_set.8', 'bert.encoder.scc_layer.0.attention.self.query.tensor_set.9', 'bert.encoder.s{"eval_acc": 0.6740196078431373, "eval_f1": 0.7885532591414943, "eval_acc_and_f1": 0.7312864334923158, "learning_rate": 1.420289855072464e-05, "loss": 0.6256215274333954, "step": 500}
{"eval_acc": 0.6985294117647058, "eval_f1": 0.8075117370892019, "eval_acc_and_f1": 0.7530205744269538, "learning_rate": 1.3623188405797103e-05, "loss": 0.5955066913366318, "step": 550}
{"eval_acc": 0.6813725490196079, "eval_f1": 0.7949526813880127, "eval_acc_and_f1": 0.7381626152038103, "learning_rate": 1.3043478260869566e-05, "loss": 0.5932956218719483, "step": 600}
{"eval_acc": 0.7083333333333334, "eval_f1": 0.8199697428139183, "eval_acc_and_f1": 0.7641515380736259, "learning_rate": 1.2463768115942029e-05, "loss": 0.5791557717323303, "step": 650}
{"eval_acc": 0.7034313725490197, "eval_f1": 0.8185907046476761, "eval_acc_and_f1": 0.761011038598348, "learning_rate": 1.1884057971014494e-05, "loss": 0.581033621430397, "step": 700}
{"eval_acc": 0.7034313725490197, "eval_f1": 0.8094488188976378, "eval_acc_and_f1": 0.7564400957233287, "learning_rate": 1.1304347826086957e-05, "loss": 0.5755699801445008, "step": 750}
{"eval_acc": 0.7205882352941176, "eval_f1": 0.8246153846153846, "eval_acc_and_f1": 0.7726018099547511, "learning_rate": 1.0724637681159422e-05, "loss": 0.5462942695617676, "step": 800}
{"eval_acc": 0.7426470588235294, "eval_f1": 0.8258706467661692, "eval_acc_and_f1": 0.7842588527948493, "learning_rate": 1.0144927536231885e-05, "loss": 0.5448170983791352, "step": 850}
{"eval_acc": 0.7426470588235294, "eval_f1": 0.827018121911038, "eval_acc_and_f1": 0.7848325903672837, "learning_rate": 9.565217391304349e-06, "loss": 0.5212148296833038, "step": 900}
{"eval_acc": 0.7573529411764706, "eval_f1": 0.8390243902439024, "eval_acc_and_f1": 0.7981886657101864, "learning_rate": 8.985507246376812e-06, "loss": 0.535173237323761, "step": 950}
{"eval_acc": 0.7475490196078431, "eval_f1": 0.8352, "eval_acc_and_f1": 0.7913745098039215, "learning_rate": 8.405797101449275e-06, "loss": 0.48569492518901825, "step": 1000}
{"eval_acc": 0.7524509803921569, "eval_f1": 0.8357723577235772, "eval_acc_and_f1": 0.794111669057867, "learning_rate": 7.82608695652174e-06, "loss": 0.45086378931999205, "step": 1050}
{"eval_acc": 0.7450980392156863, "eval_f1": 0.8283828382838284, "eval_acc_and_f1": 0.7867404387497574, "learning_rate": 7.246376811594203e-06, "loss": 0.44136394560337067, "step": 1100}
{"eval_acc": 0.7450980392156863, "eval_f1": 0.8231292517006803, "eval_acc_and_f1": 0.7841136454581833, "learning_rate": 6.666666666666667e-06, "loss": 0.4073798859119415, "step": 1150}
{"eval_acc": 0.7401960784313726, "eval_f1": 0.8203389830508475, "eval_acc_and_f1": 0.78026753074111, "learning_rate": 6.086956521739132e-06, "loss": 0.3487241902947426, "step": 1200}
{"eval_acc": 0.75, "eval_f1": 0.832236842105263, "eval_acc_and_f1": 0.7911184210526315, "learning_rate": 5.507246376811595e-06, "loss": 0.37505096167325974, "step": 1250}
{"eval_acc": 0.7426470588235294, "eval_f1": 0.8298217179902755, "eval_acc_and_f1": 0.7862343884069025, "learning_rate": 4.927536231884059e-06, "loss": 0.31422170758247375, "step": 1300}
{"eval_acc": 0.7524509803921569, "eval_f1": 0.8341543513957307, "eval_acc_and_f1": 0.7933026658939437, "learning_rate": 4.347826086956522e-06, "loss": 0.3109656149148941, "step": 1350}
{"eval_acc": 0.7524509803921569, "eval_f1": 0.8357723577235772, "eval_acc_and_f1": 0.794111669057867, "learning_rate": 3.768115942028986e-06, "loss": 0.2801718506217003, "step": 1400}
{"eval_acc": 0.7426470588235294, "eval_f1": 0.8275862068965516, "eval_acc_and_f1": 0.7851166328600405, "learning_rate": 3.188405797101449e-06, "loss": 0.27591558277606965, "step": 1450}
{"eval_acc": 0.7671568627450981, "eval_f1": 0.8465266558966075, "eval_acc_and_f1": 0.8068417593208528, "learning_rate": 2.6086956521739132e-06, "loss": 0.24359649196267127, "step": 1500}
{"eval_acc": 0.7598039215686274, "eval_f1": 0.8429487179487178, "eval_acc_and_f1": 0.8013763197586726, "learning_rate": 2.028985507246377e-06, "loss": 0.2611146464943886, "step": 1550}
{"eval_acc": 0.7475490196078431, "eval_f1": 0.8325203252032519, "eval_acc_and_f1": 0.7900346724055476, "learning_rate": 1.4492753623188408e-06, "loss": 0.23822498872876166, "step": 1600}
{"eval_acc": 0.75, "eval_f1": 0.832236842105263, "eval_acc_and_f1": 0.7911184210526315, "learning_rate": 8.695652173913044e-07, "loss": 0.22085118412971497, "step": 1650}
{"eval_acc": 0.7549019607843137, "eval_f1": 0.8366013071895424, "eval_acc_and_f1": 0.795751633986928, "learning_rate": 2.8985507246376816e-07, "loss": 0.22696963980793952, "step": 1700}
#########################################################################################################
参数量：127581696
#########################################################################################################
0.attention.self.query.weight
0.attention.self.key.weight
0.attention.self.value.weight
0.attention.output.dense.weight
0.intermediate.dense.weight
0.output.dense.weight
1.attention.self.query.weight
1.attention.self.key.weight
1.attention.self.value.weight
1.attention.output.dense.weight
1.intermediate.dense.weight
1.output.dense.weight
2.attention.self.query.weight
2.attention.self.key.weight
2.attention.self.value.weight
2.attention.output.dense.weight
2.intermediate.dense.weight
2.output.dense.weight
3.attention.self.query.weight
3.attention.self.key.weight
3.attention.self.value.weight
3.attention.output.dense.weight
3.intermediate.dense.weight
3.output.dense.weight
4.attention.self.query.weight
4.attention.self.key.weight
4.attention.self.value.weight
4.attention.output.dense.weight
4.intermediate.dense.weight
4.output.dense.weight
5.attention.self.query.weight
5.attention.self.key.weight
5.attention.self.value.weight
5.attention.output.dense.weight
5.intermediate.dense.weight
5.output.dense.weight
#########################################################################################################
参数量：462011904
#########################################################################################################
#########################################################################################################
参数量：127581696
#########################################################################################################
0.attention.self.query.weight
0.attention.self.key.weight
0.attention.self.value.weight
0.attention.output.dense.weight
0.intermediate.dense.weight
0.output.dense.weight
1.attention.self.query.weight
1.attention.self.key.weight
1.attention.self.value.weight
1.attention.output.dense.weight
1.intermediate.dense.weight
1.output.dense.weight
2.attention.self.query.weight
2.attention.self.key.weight
2.attention.self.value.weight
2.attention.output.dense.weight
2.intermediate.dense.weight
2.output.dense.weight
3.attention.self.query.weight
3.attention.self.key.weight
3.attention.self.value.weight
3.attention.output.dense.weight
3.intermediate.dense.weight
3.output.dense.weight
4.attention.self.query.weight
4.attention.self.key.weight
4.attention.self.value.weight
4.attention.output.dense.weight
4.intermediate.dense.weight
4.output.dense.weight
5.attention.self.query.weight
5.attention.self.key.weight
5.attention.self.value.weight
5.attention.output.dense.weight
5.intermediate.dense.weight
5.output.dense.weight
#########################################################################################################
参数量：462011904
#########################################################################################################
ert.encoder.scc_layer.1.attention.self.value.tensor_set.4', 'bert.encoder.scc_layer.1.attention.self.value.tensor_set.5', 'bert.encoder.scc_layer.1.attention.self.value.tensor_set.6', 'bert.encoder.scc_layer.1.attention.self.value.tensor_set.7', 'bert.encoder.scc_layer.1.attention.self.value.tensor_set.8', 'bert.encoder.scc_layer.1.attention.self.value.tensor_set.9', 'bert.encoder.scc_layer.1.attention.self.value.tensor_set.10', 'bert.encoder.scc_layer.1.attention.self.value.tensor_set.11', 'bert.encoder.scc_layer.1.attention.self.value.tensor_set.12', 'bert.encoder.scc_layer.1.attention.self.value.tensor_set.13', 'bert.encoder.scc_layer.1.attention.self.value.tensor_set.14', 'bert.encoder.scc_layer.1.attention.output.dense.bias', 'bert.encoder.scc_layer.1.attention.output.dense.tensor_set.0', 'bert.encoder.scc_layer.1.attention.output.dense.tensor_set.1', 'bert.encoder.scc_layer.1.attention.output.dense.tensor_set.2', 'bert.encoder.scc_layer.1.attention.output.dense.tensor_set.3', 'bert.encoder.scc_layer.1.attention.output.dense.tensor_set.4', 'bert.encoder.scc_layer.1.attention.output.dense.tensor_set.5', 'bert.encoder.scc_layer.1.attention.output.dense.tensor_set.6', 'bert.encoder.scc_layer.1.attention.output.dense.tensor_set.7', 'bert.encoder.scc_layer.1.attention.output.dense.tensor_set.8', 'bert.encoder.scc_layer.1.attention.output.dense.tensor_set.9', 'bert.encoder.scc_layer.1.attention.output.dense.tensor_set.10', 'bert.encoder.scc_layer.1.attention.output.dense.tensor_set.11', 'bert.encoder.scc_layer.1.attention.output.dense.tensor_set.12', 'bert.encoder.scc_layer.1.attention.output.dense.tensor_set.13', 'bert.encoder.scc_layer.1.attention.output.dense.tensor_set.14', 'bert.encoder.scc_layer.1.attention.output.LayerNorm.weight', 'bert.encoder.scc_layer.1.attention.output.LayerNorm.bias', 'bert.encoder.scc_layer.1.intermediate.dense.bias', 'bert.encoder.scc_layer.1.intermediate.dense.tensor_set.0', 'bert.encoder.scc_layer.1.intermediate.dense.tensor_set.1', 'bert.encoder.scc_layer.1.intermediate.dense.tensor_set.2', 'bert.encoder.scc_layer.1.intermediate.dense.tensor_set.3', 'bert.encoder.scc_layer.1.intermediate.dense.tensor_set.4', 'bert.encoder.scc_layer.1.intermediate.dense.tensor_set.5', 'bert.encoder.scc_layer.1.intermediate.dense.tensor_set.6', 'bert.encoder.scc_layer.1.intermediate.dense.tensor_set.7', 'bert.encoder.scc_layer.1.intermediate.dense.tensor_set.8', 'bert.encoder.scc_layer.1.intermediate.dense.tensor_set.9', 'bert.encoder.scc_layer.1.intermediate.dense.tensor_set.10', 'bert.encoder.scc_layer.1.intermediate.dense.tensor_set.11', 'bert.encoder.scc_layer.1.intermediate.dense.tensor_set.12', 'bert.encoder.scc_layer.1.intermediate.dense.tensor_set.13', 'bert.encoder.scc_layer.1.intermediate.dense.tensor_set.14', 'bert.encoder.scc_layer.1.output.dense.bias', 'bert.encoder.scc_layer.1.output.dense.tensor_set.0', 'bert.encoder.scc_layer.1.output.dense.tensor_set.1', 'bert.encoder.scc_layer.1.output.dense.tensor_set.2', 'bert.encoder.scc_layer.1.output.dense.tensor_set.3', 'bert.encoder.scc_layer.1.output.dense.tensor_set.4', 'bert.encoder.scc_layer.1.output.dense.tensor_set.5', 'bert.encoder.scc_layer.1.output.dense.tensor_set.6', 'bert.encoder.scc_layer.1.output.dense.tensor_set.7', 'bert.encoder.scc_layer.1.output.dense.tensor_set.8', 'bert.encoder.scc_layer.1.output.dense.tensor_set.9', 'bert.encoder.scc_layer.1.output.dense.tensor_set.10', 'bert.encoder.scc_layer.1.output.dense.tensor_set.11', 'bert.encoder.scc_layer.1.output.dense.tensor_set.12', 'bert.encoder.scc_layer.1.output.dense.tensor_set.13', 'bert.encoder.scc_layer.1.output.dense.tensor_set.14', 'bert.encoder.scc_layer.1.output.LayerNorm.weight', 'bert.encoder.scc_layer.1.output.LayerNorm.bias', 'bert.encoder.scc_layer.2.attention.self.query.bias', 'bert.encoder.scc_layer.2.attention.self.query.tensor_set.0', 'bert.encoder.scc_layer.2.attention.self.query.tensor_set.1', 'bert.encoder.scc_layer.2.attention.self.query.tensor_set.2', 'bert.encoder.scc_layer.2.attention.self.query.tensor_set.3', 'bert.encoder.scc_layer.2.attention.self.query.tensor_set.4', 'bert.encoder.scc_layer.2.attention.self.query.tensor_set.5', 'bert.encoder.scc_layer.2.attention.self.query.tensor_set.6', 'bert.encoder.scc_layer.2.attention.self.query.tensor_set.7', 'bert.encoder.scc_layer.2.attention.self.query.tensor_set.8', 'bert.encoder.scc_layer.2.attention.self.query.tensor_set.9', 'bert.encoder.scc_layer.2.attention.self.query.tensor_set.10', 'bert.encoder.scc_layer.2.attention.self.query.tensor_set.11', 'bert.encoder.scc_layer.2.attention.self.query.tensor_set.12', 'bert.encoder.scc_layer.2.attention.self.query.tensor_set.13', 'bert.encoder.scc_layer.2.attention.self.query.tensor_set.14', 'bert.encoder.scc_layer.2.attention.self.key.bias', 'bert.encoder.scc_layer.2.attention.self.key.tensor_set.0', 'bert.encoder.scc_layer.2.attention.self.key.tensor_set.1', 'bert.encoder.scc_layer.2.attention.self.key.tensor_set.2', 'bert.encoder.scc_layer.2.attention.self.key.tensor_set.3', 'bert.encoder.scc_layer.2.attention.self.key.tensor_set.4', 'bert.encoder.scc_layer.2.attention.self.key.tensor_set.5', 'bert.encoder.scc_layer.2.attention.self.key.tensor_set.6', 'bert.encoder.scc_layer.2.attention.self.key.tensor_set.7', 'bert.encoder.scc_layer.2.attention.self.key.tensor_set.8', 'bert.encoder.scc_layer.2.attention.self.key.tensor_set.9', 'bert.encoder.scc_layer.2.attention.self.key.tensor_set.10', 'bert.encoder.scc_layer.2.attention.self.key.tensor_set.11', 'bert.encoder.scc_layer.2.attention.self.key.tensor_set.12', 'bert.encoder.scc_layer.2.attention.self.key.tensor_set.13', 'bert.encoder.scc_layer.2.attention.self.key.tensor_set.14', 'bert.encoder.scc_layer.2.attention.self.value.bias', 'bert.encoder.scc_layer.2.attention.self.value.tensor_set.0', 'bert.encoder.scc_layer.2.attention.self.value.tensor_set.1', 'bert.encoder.scc_layer.2.attention.self.value.tensor_set.2', 'bert.encoder.scc_layer.2.attention.self.value.tensor_set.3', 'bert.encoder.scc_layer.2.attention.self.value.tensor_set.4', 'bert.encoder.scc_layer.2.attention.self.value.tensor_set.5', 'bert.encoder.scc_layer.2.attention.self.value.tensor_set.6', 'bert.encoder.scc_layer.2.attention.self.value.tensor_set.7', 'bert.encoder.scc_layer.2.attention.self.value.tensor_set.8', 'bert.encoder.scc_layer.2.attention.self.value.tensor_set.9', 'bert.encoder.scc_layer.2.attention.self.value.tensor_set.10', 'bert.encoder.scc_layer.2.attention.self.value.tensor_set.11', 'bert.encoder.scc_layer.2.attention.self.value.tensor_set.12', 'bert.encoder.scc_layer.2.attention.self.value.tensor_set.13', 'bert.encoder.scc_layer.2.attention.self.value.tensor_set.14', 'bert.encoder.scc_layer.2.attention.output.dense.bias', 'bert.encoder.scc_layer.2.attention.output.dense.tensor_set.0', 'bert.encoder.scc_layer.2.attention.output.dense.tensor_set.1', 'bert.encoder.scc_layer.2.attention.output.dense.tensor_set.2', 'bert.encoder.scc_layer.2.attention.output.dense.tensor_set.3', 'bert.encoder.scc_layer.2.attention.output.dense.tensor_set.4', 'bert.encoder.scc_layer.2.attention.output.dense.tensor_set.5', 'bert.encoder.scc_layer.2.attention.output.dense.tensor_set.6', 'bert.encoder.scc_layer.2.attention.output.dense.tensor_set.7', 'bert.encoder.scc_layer.2.attention.output.dense.tensor_set.8', 'bert.encoder.scc_layer.2.attention.output.dense.tensor_set.9', 'bert.encoder.scc_layer.2.attention.output.dense.tensor_set.10', 'bert.encoder.scc_layer.2.attention.output.dense.tensor_set.11', 'bert.encoder.scc_layer.2.attention.output.dense.tensor_set.12', 'bert.encoder.scc_layer.2.attention.output.dense.tensor_set.13', 'bert.encoder.scc_layer.2.attention.output.dense.tensor_set.14', 'bert.encoder.scc_layer.2.attention.output.LayerNorm.weight', 'bert.encoder.scc_layer.2.attention.output.LayerNorm.bias', 'bert.encoder.scc_layer.2.intermediate.dense.bias', 'bert.encoder.scc_layer.2.intermediate.dense.tensor_set.0', 'bert.encoder.scc_layer.2.intermediate.dense.tensor_set.1', 'bert.encoder.scc_layer.2.intermediate.dense.tensor_set.2', 'bert.encoder.scc_layer.2.intermediate.dense.tensor_set.3', 'bert.encoder.scc_layer.2.intermediate.dense.tensor_set.4', 'bert.encoder.scc_layer.2.intermediate.dense.tensor_set.5', 'bert.encoder.scc_layer.2.intermediate.dense.tensor_set.6', 'bert.encoder.scc_layer.2.intermediate.dense.tensor_set.7', 'bert.encoder.scc_layer.2.intermediate.dense.tensor_set.8', 'bert.encoder.scc_layer.2.intermediate.dense.tensor_set.9', 'bert.encoder.scc_layer.2.intermediate.dense.tensor_set.10', 'bert.encoder.scc_layer.2.intermediate.dense.tensor_set.11', 'bert.encoder.scc_layer.2.intermediate.dense.tensor_set.12', 'bert.encoder.scc_layer.2.intermediate.dense.tensor_set.13', 'bert.encoder.scc_layer.2.intermediate.dense.tensor_set.14', 'bert.encoder.scc_layer.2.output.dense.bias', 'bert.encoder.scc_layer.2.output.dense.tensor_set.0', 'bert.encoder.scc_layer.2.output.dense.tensor_set.1', 'bert.encoder.scc_layer.2.output.dense.tensor_set.2', 'bert.encoder.scc_layer.2.output.dense.tensor_set.3', 'bert.encoder.scc_layer.2.output.dense.tensor_set.4', 'bert.encoder.scc_layer.2.output.dense.tensor_set.5', 'bert.encoder.scc_layer.2.output.dense.tensor_set.6', 'bert.encoder.scc_layer.2.output.dense.tensor_set.7', 'bert.encoder.scc_layer.2.output.dense.tensor_set.8', 'bert.encoder.scc_layer.2.output.dense.tensor_set.9', 'bert.encoder.scc_layer.2.output.dense.tensor_set.10', 'bert.encoder.scc_layer.2.output.dense.tensor_set.11', 'bert.encoder.scc_layer.2.output.dense.tensor_set.12', 'bert.encoder.scc_layer.2.output.dense.tensor_set.13', 'bert.encoder.scc_layer.2.output.dense.tensor_set.14', 'bert.encoder.scc_layer.2.output.LayerNorm.weight', 'bert.encoder.scc_layer.2.output.LayerNorm.bias', 'bert.encoder.scc_layer.3.attention.self.query.bias', 'bert.encoder.scc_layer.3.attention.self.query.tensor_set.0', 'bert.encoder.scc_layer.3.attention.self.query.tensor_set.1', 'bert.encoder.scc_layer.3.attention.self.query.tensor_set.2', 'bert.encoder.scc_layer.3.attention.self.query.tensor_set.3', 'bert.encoder.scc_layer.3.attention.self.query.tensor_set.4', 'bert.encoder.scc_layer.3.attention.self.query.tensor_set.5', 'bert.encoder.scc_layer.3.attention.self.query.tensor_set.6', 'bert.encoder.scc_layer.3.attention.self.query.tensor_set.7', 'bert.encoder.scc_layer.3.attention.self.query.tensor_set.8', 'bert.encoder.scc_layer.3.attention.self.query.tensor_set.9', 'bert.encoder.scc_layer.3.attention.self.query.tensor_set.10', 'bert.encoder.scc_layer.3.attention.self.query.tensor_set.11', 'bert.encoder.scc_layer.3.attention.self.query.tensor_set.12', 'bert.encoder.scc_layer.3.attention.self.query.tensor_set.13', 'bert.encoder.scc_layer.3.attention.self.query.tensor_set.14', 'bert.encoder.scc_layer.3.attention.self.key.bias', 'bert.encoder.scc_layer.3.attention.self.key.tensor_set.0', 'bert.encoder.scc_layer.3.attention.self.key.tensor_set.1', 'bert.encoder.scc_layer.3.attention.self.key.tensor_set.2', 'bert.encoder.scc_layer.3.attention.self.key.tensor_set.3', 'bert.encoder.scc_layer.3.attention.self.key.tensor_set.4', 'bert.encoder.scc_layer.3.attention.self.key.tensor_set.5', 'bert.encoder.scc_layer.3.attention.self.key.tensor_set.6', 'bert.encoder.scc_layer.3.attention.self.key.tensor_set.7', 'bert.encoder.scc_layer.3.attention.self.key.tensor_set.8', 'bert.encoder.scc_layer.3.attention.self.key.tensor_set.9', 'bert.encoder.scc_layer.3.attention.self.key.tensor_set.10', 'bert.encoder.scc_layer.3.attention.self.key.tensor_set.11', 'bert.encoder.scc_layer.3.attention.self.key.tensor_set.12', 'bert.encoder.scc_layer.3.attention.self.key.tensor_set.13', 'bert.encoder.scc_layer.3.attention.self.key.tensor_set.14', 'bert.encoder.scc_layer.3.attention.self.value.bias', 'bert.encoder.scc_layer.3.attention.self.value.tensor_set.0', 'bert.encoder.scc_layer.3.attention.self.value.tensor_set.1', 'bert.encoder.scc_layer.3.attention.self.value.tensor_set.2', 'bert.encoder.scc_layer.3.attention.self.value.tensor_set.3', 'bert.encoder.scc_layer.3.attention.self.value.tensor_set.4', 'bert.encoder.scc_layer.3.attention.self.value.tensor_set.5', 'bert.encoder.scc_layer.3.attention.self.value.tensor_set.6', 'bert.encoder.scc_layer.3.attention.self.value.tensor_set.7', 'bert.encoder.scc_layer.3.attention.self.value.tensor_set.8', 'bert.encoder.scc_layer.3.attention.self.value.tensor_set.9', 'bert.encoder.scc_layer.3.attention.self.value.tensor_set.10', 'bert.encoder.scc_layer.3.attention.self.value.tensor_set.11', 'bert.encoder.scc_layer.3.attention.self.value.tensor_set.12', 'bert.encoder.scc_layer.3.attention.self.value.tensor_set.13', 'bert.encoder.scc_layer.3.attention.self.value.tensor_set.14', 'bert.encoder.scc_layer.3.attention.output.dense.bias', 'bert.encoder.scc_layer.3.attention.output.dense.tensor_set.0', 'bert.encoder.scc_layer.3.attention.output.dense.tensor_set.1', 'bert.encoder.scc_layer.3.attention.output.dense.tensor_set.2', 'bert.encoder.scc_layer.3.attention.output.dense.tensor_set.3', 'bert.encoder.scc_layer.3.attention.output.dense.tensor_set.4', 'bert.encoder.scc_layer.3.attention.output.dense.tensor_set.5', 'bert.encoder.scc_layer.3.attention.output.dense.tensor_set.6', 'bert.encoder.scc_layer.3.attention.output.dense.tensor_set.7', 'bert.encoder.scc_layer.3.attention.output.dense.tensor_set.8', 'bert.encoder.scc_layer.3.attention.output.dense.tensor_set.9', 'bert.encoder.scc_layer.3.attention.output.dense.tensor_set.10', 'bert.encoder.scc_layer.3.attention.output.dense.tensor_set.11', 'bert.encoder.scc_layer.3.attention.output.dense.tensor_set.12', 'bert.encoder.scc_layer.3.attention.output.dense.tensor_set.13', 'bert.encoder.scc_layer.3.attention.output.dense.tensor_set.14', 'bert.encoder.scc_layer.3.attention.output.LayerNorm.weight', 'bert.encoder.scc_layer.3.attention.output.LayerNorm.bias', 'bert.encoder.scc_layer.3.intermediate.dense.bias', 'bert.encoder.scc_layer.3.intermediate.dense.tensor_set.0', 'bert.encoder.scc_layer.3.intermediate.dense.tensor_set.1', 'bert.encoder.scc_layer.3.intermediate.dense.tensor_set.2', 'bert.encoder.scc_layer.3.intermediate.dense.tensor_set.3', 'bert.encoder.scc_layer.3.intermediate.dense.tensor_set.4', 'bert.encoder.scc_layer.3.intermediate.dense.tensor_set.5', 'bert.encoder.scc_layer.3.intermediate.dense.tensor_set.6', 'bert.encoder.scc_layer.3.intermediate.dense.tensor_set.7', 'bert.encoder.scc_layer.3.intermediate.dense.tensor_set.8', 'bert.encoder.scc_layer.3.intermediate.dense.tensor_set.9', 'bert.encoder.scc_layer.3.intermediate.dense.tensor_set.10', 'bert.encoder.scc_layer.3.intermediate.dense.tensor_set.11', 'bert.encoder.scc_layer.3.intermediate.dense.tensor_set.12', 'bert.encoder.scc_layer.3.intermediate.dense.tensor_set.13', 'bert.encoder.scc_layer.3.intermediate.dense.tensor_set.14', 'bert.encoder.scc_layer.3.output.dense.bias', 'bert.encoder.scc_layer.3.output.dense.tensor_set.0', 'bert.encoder.scc_layer.3.output.dense.tensor_set.1', 'bert.encoder.scc_layer.3.output.dense.tensor_set.2', 'bert.encoder.scc_layer.3.output.dense.tensor_set.3', 'bert.encoder.scc_layer.3.output.dense.tensor_set.4', 'bert.encoder.scc_layer.3.output.dense.tensor_set.5', 'bert.encoder.scc_layer.3.output.dense.tensor_set.6', 'bert.encoder.scc_layer.3.output.dense.tensor_set.7', 'bert.encoder.scc_layer.3.output.dense.tensor_set.8', 'bert.encoder.scc_layer.3.output.dense.tensor_set.9', 'bert.encoder.scc_layer.3.output.dense.tensor_set.10', 'bert.encoder.scc_layer.3.output.dense.tensor_set.11', 'bert.encoder.scc_layer.3.output.dense.tensor_set.12', 'bert.encoder.scc_layer.3.output.dense.tensor_set.13', 'bert.encoder.scc_layer.3.output.dense.tensor_set.14', 'bert.encoder.scc_layer.3.output.LayerNorm.weight', 'bert.encoder.scc_layer.3.output.LayerNorm.bias', 'bert.encoder.scc_layer.4.attention.self.query.bias', 'bert.encoder.scc_layer.4.attention.self.query.tensor_set.0', 'bert.encoder.scc_layer.4.attention.self.query.tensor_set.1', 'bert.encoder.scc_layer.4.attention.self.query.tensor_set.2', 'bert.encoder.scc_layer.4.attention.self.query.tensor_set.3', 'bert.encoder.scc_layer.4.attention.self.query.tensor_set.4', 'bert.encoder.scc_layer.4.attention.self.query.tensor_set.5', 'bert.encoder.scc_layer.4.attention.self.query.tensor_set.6', 'bert.encoder.scc_layer.4.attention.self.query.tensor_set.7', 'bert.encoder.scc_layer.4.attention.self.query.tensor_set.8', 'bert.encoder.scc_layer.4.attention.self.query.tensor_set.9', 'bert.encoder.scc_layer.4.attention.self.query.tensor_set.10', 'bert.encoder.scc_layer.4.attention.self.query.tensor_set.11', 'bert.encoder.scc_layer.4.attention.self.query.tensor_set.12', 'bert.encoder.scc_layer.4.attention.self.query.tensor_set.13', 'bert.encoder.scc_layer.4.attention.self.query.tensor_set.14', 'bert.encoder.scc_layer.4.attention.self.key.bias', 'bert.encoder.scc_layer.4.attention.self.key.tensor_set.0', 'bert.encoder.scc_layer.4.attention.self.key.tensor_set.1', 'bert.encoder.scc_layer.4.attention.self.key.tensor_set.2', 'bert.encoder.scc_layer.4.attention.self.key.tensor_set.3', 'bert.encoder.scc_layer.4.attention.self.key.tensor_set.4', 'bert.encoder.scc_layer.4.attention.self.key.tensor_set.5', 'bert.encoder.scc_layer.4.attention.self.key.tensor_set.6', 'bert.encoder.scc_layer.4.attention.self.key.tensor_set.7', 'bert.encoder.scc_layer.4.attention.self.key.tensor_set.8', 'bert.encoder.scc_layer.4.attention.self.key.tensor_set.9', 'bert.encoder.scc_layer.4.attention.self.key.tensor_set.10', 'bert.encoder.scc_layer.4.attention.self.key.tensor_set.11', 'bert.encoder.scc_layer.4.attention.self.key.tensor_set.12', 'bert.encoder.scc_layer.4.attention.self.key.tensor_set.13', 'bert.encoder.scc_layer.4.attention.self.key.tensor_set.14', 'bert.encoder.scc_layer.4.attention.self.value.bias', 'bert.encoder.scc_layer.4.attention.self.value.tensor_set.0', 'bert.encoder.scc_layer.4.attention.self.value.tensor_set.1', 'bert.encoder.scc_layer.4.attention.self.value.tensor_set.2', 'bert.encoder.scc_layer.4.attention.self.value.tensor_set.3', 'bert.encoder.scc_layer.4.attention.self.value.tensor_set.4', 'bert.encoder.scc_layer.4.attention.self.value.tensor_set.5', 'bert.encoder.scc_layer.4.attention.self.value.tensor_set.6', 'bert.encoder.scc_layer.4.attention.self.value.tensor_set.7', 'bert.encoder.scc_layer.4.attention.self.value.tensor_set.8', 'bert.encoder.scc_layer.4.attention.self.value.tensor_set.9', 'bert.encoder.scc_layer.4.attention.self.value.tensor_set.10', 'bert.encoder.scc_layer.4.attention.self.value.tensor_set.11', 'bert.encoder.scc_layer.4.attention.self.value.tensor_set.12', 'bert.encoder.scc_layer.4.attention.self.value.tensor_set.13', 'bert.encoder.scc_layer.4.attention.self.value.tensor_set.14', 'bert.encoder.scc_layer.4.attention.output.dense.bias', 'bert.encoder.scc_layer.4.attention.output.dense.tensor_set.0', 'bert.encoder.scc_layer.4.attention.output.dense.tensor_set.1', 'bert.encoder.scc_layer.4.attention.output.dense.tensor_set.2', 'bert.encoder.scc_layer.4.attention.output.dense.tensor_set.3', 'bert.encoder.scc_layer.4.attention.output.dense.tensor_set.4', 'bert.encoder.scc_layer.4.attention.output.dense.tensor_set.5', 'bert.encoder.scc_layer.4.attention.output.dense.tensor_set.6', 'bert.encoder.scc_layer.4.attention.output.dense.tensor_set.7', 'bert.encoder.scc_layer.4.attention.output.dense.tensor_set.8', 'bert.encoder.scc_layer.4.attention.output.dense.tensor_set.9', 'bert.encoder.scc_layer.4.attention.output.dense.tensor_set.10', 'bert.encoder.scc_layer.4.attention.output.dense.tensor_set.11', 'bert.encoder.scc_layer.4.attention.output.dense.tensor_set.12', 'bert.encoder.scc_layer.4.attention.output.dense.tensor_set.13', 'bert.encoder.scc_layer.4.attention.output.dense.tensor_set.14', 'bert.encoder.scc_layer.4.attention.output.LayerNorm.weight', 'bert.encoder.scc_layer.4.attention.output.LayerNorm.bias', 'bert.encoder.scc_layer.4.intermediate.dense.bias', 'bert.encoder.scc_layer.4.intermediate.dense.tensor_set.0', 'bert.encoder.scc_layer.4.intermediate.dense.tensor_set.1', 'bert.encoder.scc_layer.4.intermediate.dense.tensor_set.2', 'bert.encoder.scc_layer.4.intermediate.dense.tensor_set.3', 'bert.encoder.scc_layer.4.intermediate.dense.tensor_set.4', 'bert.encoder.scc_layer.4.intermediate.dense.tensor_set.5', 'bert.encoder.scc_layer.4.intermediate.dense.tensor_set.6', 'bert.encoder.scc_layer.4.intermediate.dense.tensor_set.7', 'bert.encoder.scc_layer.4.intermediate.dense.tensor_set.8', 'bert.encoder.scc_layer.4.intermediate.dense.tensor_set.9', 'bert.encoder.scc_layer.4.intermediate.dense.tensor_set.10', 'bert.encoder.scc_layer.4.intermediate.dense.tensor_set.11', 'bert.encoder.scc_layer.4.intermediate.dense.tensor_set.12', 'bert.encoder.scc_layer.4.intermediate.dense.tensor_set.13', 'bert.encoder.scc_layer.4.intermediate.dense.tensor_set.14', 'bert.encoder.scc_layer.4.output.dense.bias', 'bert.encoder.scc_layer.4.output.dense.tensor_set.0', 'bert.encoder.scc_layer.4.output.dense.tensor_set.1', 'bert.encoder.scc_layer.4.output.dense.tensor_set.2', 'bert.encoder.scc_layer.4.output.dense.tensor_set.3', 'bert.encoder.scc_layer.4.output.dense.tensor_set.4', 'bert.encoder.scc_layer.4.output.dense.tensor_set.5', 'bert.encoder.scc_layer.4.output.dense.tensor_set.6', 'bert.encoder.scc_layer.4.output.dense.tensor_set.7', 'bert.encoder.scc_layer.4.output.dense.tensor_set.8', 'bert.encoder.scc_layer.4.output.dense.tensor_set.9', 'bert.encoder.scc_layer.4.output.dense.tensor_set.10', 'bert.encoder.scc_layer.4.output.dense.tensor_set.11', 'bert.encoder.scc_layer.4.output.dense.tensor_set.12', 'bert.encoder.scc_layer.4.output.dense.tensor_set.13', 'bert.encoder.scc_layer.4.output.dense.tensor_set.14', 'bert.encoder.scc_layer.4.output.LayerNorm.weight', 'bert.encoder.scc_layer.4.output.LayerNorm.bias', 'bert.encoder.scc_layer.5.attention.self.query.bias', 'bert.encoder.scc_layer.5.attention.self.query.tensor_set.0', 'bert.encoder.scc_layer.5.attention.self.query.tensor_set.1', 'bert.encoder.scc_layer.5.attention.self.query.tensor_set.2', 'bert.encoder.scc_layer.5.attention.self.query.tensor_set.3', 'bert.encoder.scc_layer.5.attention.self.query.tensor_set.4', 'bert.encoder.scc_layer.5.attention.self.query.tensor_set.5', 'bert.encoder.scc_layer.5.attention.self.query.tensor_set.6', 'bert.encoder.scc_layer.5.attention.self.query.tensor_set.7', 'bert.encoder.scc_layer.5.attention.self.query.tensor_set.8', 'bert.encoder.scc_layer.5.attention.self.query.tensor_set.9', 'bert.encoder.scc_layer.5.attention.self.query.tensor_set.10', 'bert.encoder.scc_layer.5.attention.self.query.tensor_set.11', 'bert.encoder.scc_layer.5.attention.self.query.tensor_set.12', 'bert.encoder.scc_layer.5.attention.self.query.tensor_set.13', 'bert.encoder.scc_layer.5.attention.self.query.tensor_set.14', 'bert.encoder.scc_layer.5.attention.self.key.bias', 'bert.encoder.scc_layer.5.attention.self.key.tensor_set.0', 'bert.encoder.scc_layer.5.attention.self.key.tensor_set.1', 'bert.encoder.scc_layer.5.attention.self.key.tensor_set.2', 'bert.encoder.scc_layer.5.attention.self.key.tensor_set.3', 'bert.encoder.scc_layer.5.attention.self.key.tensor_set.4', 'bert.encoder.scc_layer.5.attention.self.key.tensor_set.5', 'bert.encoder.scc_layer.5.attention.self.key.tensor_set.6', 'bert.encoder.scc_layer.5.attention.self.key.tensor_set.7', 'bert.encoder.scc_layer.5.attention.self.key.tensor_set.8', 'bert.encoder.scc_layer.5.attention.self.key.tensor_set.9', 'bert.encoder.scc_layer.5.attention.self.key.tensor_set.10', 'bert.encoder.scc_layer.5.attention.self.key.tensor_set.11', 'bert.encoder.scc_layer.5.attention.self.key.tensor_set.12', 'bert.encoder.scc_layer.5.attention.self.key.tensor_set.13', 'bert.encoder.scc_layer.5.attention.self.key.tensor_set.14', 'bert.encoder.scc_layer.5.attention.self.value.bias', 'bert.encoder.scc_layer.5.attention.self.value.tensor_set.0', 'bert.encoder.scc_layer.5.attention.self.value.tensor_set.1', 'bert.encoder.scc_layer.5.attention.self.value.tensor_set.2', 'bert.encoder.scc_layer.5.attention.self.value.tensor_set.3', 'bert.encoder.scc_layer.5.attention.self.value.tensor_set.4', 'bert.encoder.scc_layer.5.attention.self.value.tensor_set.5', 'bert.encoder.scc_layer.5.attention.self.value.tensor_set.6', 'bert.encoder.scc_layer.5.attention.self.value.tensor_set.7', 'bert.encoder.scc_layer.5.attention.self.value.tensor_set.8', 'bert.encoder.scc_layer.5.attention.self.value.tensor_set.9', 'bert.encoder.scc_layer.5.attention.self.value.tensor_set.10', 'bert.encoder.scc_layer.5.attention.self.value.tensor_set.11', 'bert.encoder.scc_layer.5.attention.self.value.tensor_set.12', 'bert.encoder.scc_layer.5.attention.self.value.tensor_set.13', 'bert.encoder.scc_layer.5.attention.self.value.tensor_set.14', 'bert.encoder.scc_layer.5.attention.output.dense.bias', 'bert.encoder.scc_layer.5.attention.output.dense.tensor_set.0', 'bert.encoder.scc_layer.5.attention.output.dense.tensor_set.1', 'bert.encoder.scc_layer.5.attention.output.dense.tensor_set.2', 'bert.encoder.scc_layer.5.attention.output.dense.tensor_set.3', 'bert.encoder.scc_layer.5.attention.output.dense.tensor_set.4', 'bert.encoder.scc_layer.5.attention.output.dense.tensor_set.5', 'bert.encoder.scc_layer.5.attention.output.dense.tensor_set.6', 'bert.encoder.scc_layer.5.attention.output.dense.tensor_set.7', 'bert.encoder.scc_layer.5.attention.output.dense.tensor_set.8', 'bert.encoder.scc_layer.5.attention.output.dense.tensor_set.9', 'bert.encoder.scc_layer.5.attention.output.dense.tensor_set.10', 'bert.encoder.scc_layer.5.attention.output.dense.tensor_set.11', 'bert.encoder.scc_layer.5.attention.output.dense.tensor_set.12', 'bert.encoder.scc_layer.5.attention.output.dense.tensor_set.13', 'bert.encoder.scc_layer.5.attention.output.dense.tensor_set.14', 'bert.encoder.scc_layer.5.attention.output.LayerNorm.weight', 'bert.encoder.scc_layer.5.attention.output.LayerNorm.bias', 'bert.encoder.scc_layer.5.intermediate.dense.bias', 'bert.encoder.scc_layer.5.intermediate.dense.tensor_set.0', 'bert.encoder.scc_layer.5.intermediate.dense.tensor_set.1', 'bert.encoder.scc_layer.5.intermediate.dense.tensor_set.2', 'bert.encoder.scc_layer.5.intermediate.dense.tensor_set.3', 'bert.encoder.scc_layer.5.intermediate.dense.tensor_set.4', 'bert.encoder.scc_layer.5.intermediate.dense.tensor_set.5', 'bert.encoder.scc_layer.5.intermediate.dense.tensor_set.6', 'bert.encoder.scc_layer.5.intermediate.dense.tensor_set.7', 'bert.encoder.scc_layer.5.intermediate.dense.tensor_set.8', 'bert.encoder.scc_layer.5.intermediate.dense.tensor_set.9', 'bert.encoder.scc_layer.5.intermediate.dense.tensor_set.10', 'bert.encoder.scc_layer.5.intermediate.dense.tensor_set.11', 'bert.encoder.scc_layer.5.intermediate.dense.tensor_set.12', 'bert.encoder.scc_layer.5.intermediate.dense.tensor_set.13', 'bert.encoder.scc_layer.5.intermediate.dense.tensor_set.14', 'bert.encoder.scc_layer.5.output.dense.bias', 'bert.encoder.scc_layer.5.output.dense.tensor_set.0', 'bert.encoder.scc_layer.5.output.dense.tensor_set.1', 'bert.encoder.scc_layer.5.output.dense.tensor_set.2', 'bert.encoder.scc_layer.5.output.dense.tensor_set.3', 'bert.encoder.scc_layer.5.output.dense.tensor_set.4', 'bert.encoder.scc_layer.5.output.dense.tensor_set.5', 'bert.encoder.scc_layer.5.output.dense.tensor_set.6', 'bert.encoder.scc_layer.5.output.dense.tensor_set.7', 'bert.encoder.scc_layer.5.output.dense.tensor_set.8', 'bert.encoder.scc_layer.5.output.dense.tensor_set.9', 'bert.encoder.scc_layer.5.output.dense.tensor_set.10', 'bert.encoder.scc_layer.5.output.dense.tensor_set.11', 'bert.encoder.scc_layer.5.output.dense.tensor_set.12', 'bert.encoder.scc_layer.5.output.dense.tensor_set.13', 'bert.encoder.scc_layer.5.output.dense.tensor_set.14', 'bert.encoder.scc_layer.5.output.LayerNorm.weight', 'bert.encoder.scc_layer.5.output.LayerNorm.bias', 'classifier.weight', 'classifier.bias']
12/20/2023 03:59:23 - INFO - transformers.modeling_utils -   Weights from pretrained model not used in BertForSequenceClassification: ['cls.predictions.bias', 'cls.predictions.transform.dense.weight', 'cls.predictions.transform.dense.bias', 'cls.predictions.decoder.weight', 'cls.seq_relationship.weight', 'cls.seq_relationship.bias', 'cls.predictions.transform.LayerNorm.weight', 'cls.predictions.transform.LayerNorm.bias']
12/20/2023 03:59:30 - INFO - __main__ -   Training/evaluation parameters Namespace(adam_epsilon=1e-08, cache_dir='', config_name='', data_dir='/mnt/zhanyuliang/data/nlp_data/GLUE//MRPC', device=device(type='cuda'), do_eval=True, do_lower_case=True, do_train=True, eval_all_checkpoints=False, evaluate_during_training=True, fp16=False, fp16_opt_level='O1', gradient_accumulation_steps=1, learning_rate=2e-05, local_rank=-1, logging_steps=50, max_grad_norm=1.0, max_seq_length=128, max_steps=-1, model_name_or_path='bert-base-uncased', model_type='bert', n_gpu=1, no_cuda=False, num_train_epochs=15.0, output_dir='/mnt/zhanyuliang/data/checkpoint/nlp/theseus/save_successor/', output_mode='classification', overwrite_cache=False, overwrite_output_dir=True, per_gpu_eval_batch_size=32, per_gpu_train_batch_size=32, replacing_rate=0.3, save_steps=50, scheduler_linear_k=0.0006, scheduler_type='linear', seed=42, server_ip='', server_port='', steps_for_replacing=0, task_name='mrpc', tokenizer_name='', warmup_steps=0, weight_decay=0.0)
12/20/2023 03:59:30 - INFO - __main__ -   Loading features from cached file /mnt/zhanyuliang/data/nlp_data/GLUE//MRPC/cached_train_bert-base-uncased_128_mrpc
12/20/2023 03:59:31 - INFO - __main__ -   ***** Running training *****
12/20/2023 03:59:31 - INFO - __main__ -     Num examples = 3668
12/20/2023 03:59:31 - INFO - __main__ -     Num Epochs = 15
12/20/2023 03:59:31 - INFO - __main__ -     Instantaneous batch size per GPU = 32
12/20/2023 03:59:31 - INFO - __main__ -     Total train batch size (w. parallel, distributed & accumulation) = 32
12/20/2023 03:59:31 - INFO - __main__ -     Gradient Accumulation steps = 1
12/20/2023 03:59:31 - INFO - __main__ -     Total optimization steps = 1725
#########################################################################################################
参数量：127581696
#########################################################################################################
0.attention.self.query.weight
0.attention.self.key.weight
0.attention.self.value.weight
0.attention.output.dense.weight
0.intermediate.dense.weight
0.output.dense.weight
1.attention.self.query.weight
1.attention.self.key.weight
1.attention.self.value.weight
1.attention.output.dense.weight
1.intermediate.dense.weight
1.output.dense.weight
2.attention.self.query.weight
2.attention.self.key.weight
2.attention.self.value.weight
2.attention.output.dense.weight
2.intermediate.dense.weight
2.output.dense.weight
3.attention.self.query.weight
3.attention.self.key.weight
3.attention.self.value.weight
3.attention.output.dense.weight
3.intermediate.dense.weight
3.output.dense.weight
4.attention.self.query.weight
4.attention.self.key.weight
4.attention.self.value.weight
4.attention.output.dense.weight
4.intermediate.dense.weight
4.output.dense.weight
5.attention.self.query.weight
5.attention.self.key.weight
5.attention.self.value.weight
5.attention.output.dense.weight
5.intermediate.dense.weight
5.output.dense.weight
#########################################################################################################
参数量：462011904
#########################################################################################################
Epoch:   0%|          | 0/15 [00:00<?, ?it/s]
Iteration:   0%|          | 0/115 [00:00<?, ?it/s][AIteration:   0%|          | 0/115 [00:04<?, ?it/s]
Epoch:   0%|          | 0/15 [00:04<?, ?it/s]
Traceback (most recent call last):
  File "./run_glue.py", line 637, in <module>
    main()
  File "./run_glue.py", line 588, in main
    global_step, tr_loss = train(args, train_dataset, model, tokenizer)
  File "./run_glue.py", line 139, in train
    outputs = model(**inputs)
  File "/home/zhanyuliang/miniconda3/envs/theseus/lib/python3.8/site-packages/torch/nn/modules/module.py", line 1194, in _call_impl
    return forward_call(*input, **kwargs)
  File "/home/zhanyuliang/Project/DistillingMPO/OPF/BERT-of-Theseus/bert_of_theseus/modeling_bert_of_theseus.py", line 445, in forward
    outputs = self.bert(input_ids,
  File "/home/zhanyuliang/miniconda3/envs/theseus/lib/python3.8/site-packages/torch/nn/modules/module.py", line 1194, in _call_impl
    return forward_call(*input, **kwargs)
  File "/home/zhanyuliang/Project/DistillingMPO/OPF/BERT-of-Theseus/bert_of_theseus/modeling_bert_of_theseus.py", line 296, in forward
    encoder_outputs = self.encoder(embedding_output,
  File "/home/zhanyuliang/miniconda3/envs/theseus/lib/python3.8/site-packages/torch/nn/modules/module.py", line 1194, in _call_impl
    return forward_call(*input, **kwargs)
  File "/home/zhanyuliang/Project/DistillingMPO/OPF/BERT-of-Theseus/bert_of_theseus/modeling_bert_of_theseus.py", line 143, in forward
    layer_outputs = layer_module(hidden_states, attention_mask, head_mask[i], encoder_hidden_states,
  File "/home/zhanyuliang/miniconda3/envs/theseus/lib/python3.8/site-packages/torch/nn/modules/module.py", line 1194, in _call_impl
    return forward_call(*input, **kwargs)
  File "/home/zhanyuliang/miniconda3/envs/theseus/lib/python3.8/site-packages/transformers/modeling_bert.py", line 395, in forward
    intermediate_output = self.intermediate(attention_output)
  File "/home/zhanyuliang/miniconda3/envs/theseus/lib/python3.8/site-packages/torch/nn/modules/module.py", line 1194, in _call_impl
    return forward_call(*input, **kwargs)
  File "/home/zhanyuliang/miniconda3/envs/theseus/lib/python3.8/site-packages/transformers/modeling_bert.py", line 348, in forward
    hidden_states = self.intermediate_act_fn(hidden_states)
  File "/home/zhanyuliang/miniconda3/envs/theseus/lib/python3.8/site-packages/transformers/modeling_bert.py", line 135, in gelu
    return x * 0.5 * (1.0 + torch.erf(x / math.sqrt(2.0)))
torch.cuda.OutOfMemoryError: CUDA out of memory. Tried to allocate 48.00 MiB (GPU 0; 23.69 GiB total capacity; 2.85 GiB already allocated; 10.94 MiB free; 2.95 GiB reserved in total by PyTorch) If reserved memory is >> allocated memory try setting max_split_size_mb to avoid fragmentation.  See documentation for Memory Management and PYTORCH_CUDA_ALLOC_CONF
