05/01/2024 15:03:51 - WARNING - __main__ - Process rank: -1, device: cuda:0, n_gpu: 1distributed training: False, 16-bits training: False
05/01/2024 15:03:51 - INFO - __main__ - Training/evaluation parameters TrainingArguments(
_n_gpu=1,
adafactor=False,
adam_beta1=0.9,
adam_beta2=0.999,
adam_epsilon=1e-08,
bf16=False,
bf16_full_eval=False,
dataloader_drop_last=False,
dataloader_num_workers=0,
dataloader_pin_memory=True,
ddp_bucket_cap_mb=None,
ddp_find_unused_parameters=None,
debug=[],
deepspeed=None,
disable_tqdm=False,
do_eval=True,
do_predict=False,
do_train=True,
eval_accumulation_steps=None,
eval_steps=5,
evaluation_strategy=IntervalStrategy.NO,
fp16=False,
fp16_backend=auto,
fp16_full_eval=False,
fp16_opt_level=O1,
gradient_accumulation_steps=1,
gradient_checkpointing=False,
greater_is_better=None,
group_by_length=False,
half_precision_backend=auto,
hub_model_id=None,
hub_strategy=HubStrategy.EVERY_SAVE,
hub_token=<HUB_TOKEN>,
ignore_data_skip=False,
label_names=None,
label_smoothing_factor=0.0,
learning_rate=5e-07,
length_column_name=length,
load_best_model_at_end=False,
local_rank=-1,
log_level=-1,
log_level_replica=-1,
log_on_each_node=True,
logging_dir=/mnt/zhanyuliang/data/checkpoint/nlp/lgtm/mrpc_output/runs/May01_15-03-50_ubuntu-gd,
logging_first_step=False,
logging_nan_inf_filter=True,
logging_steps=500,
logging_strategy=IntervalStrategy.STEPS,
lr_scheduler_type=SchedulerType.LINEAR,
max_grad_norm=1.0,
max_steps=-1,
metric_for_best_model=None,
mp_parameters=,
no_cuda=False,
num_train_epochs=15.0,
optim=OptimizerNames.ADAMW_HF,
output_dir=/mnt/zhanyuliang/data/checkpoint/nlp/lgtm/mrpc_output/,
overwrite_output_dir=True,
past_index=-1,
per_device_eval_batch_size=32,
per_device_train_batch_size=32,
prediction_loss_only=False,
push_to_hub=False,
push_to_hub_model_id=None,
push_to_hub_organization=None,
push_to_hub_token=<PUSH_TO_HUB_TOKEN>,
remove_unused_columns=True,
report_to=[],
resume_from_checkpoint=None,
run_name=/mnt/zhanyuliang/data/checkpoint/nlp/lgtm/mrpc_output/,
save_on_each_node=False,
save_steps=500,
save_strategy=IntervalStrategy.STEPS,
save_total_limit=None,
seed=42,
sharded_ddp=[],
skip_memory_metrics=True,
tf32=None,
tpu_metrics_debug=False,
tpu_num_cores=None,
use_legacy_prediction_loop=False,
warmup_ratio=0.0,
warmup_steps=0,
weight_decay=0.0,
xpu_backend=None,
)
05/01/2024 15:05:39 - INFO - datasets.builder - Overwrite dataset info from restored data version if exists.
05/01/2024 15:05:39 - INFO - datasets.info - Loading Dataset info from /home/zhanyuliang/.cache/huggingface/datasets/glue/mrpc/0.0.0/1edab70c7fdff5d2
05/01/2024 15:05:39 - INFO - datasets.builder - Found cached dataset glue (/home/zhanyuliang/.cache/huggingface/datasets/glue/mrpc/0.0.0/1edab70c7fdff5d2)
05/01/2024 15:05:39 - INFO - datasets.info - Loading Dataset info from /home/zhanyuliang/.cache/huggingface/datasets/glue/mrpc/0.0.0/1edab70c7fdff5d2
05/01/2024 15:05:41 - INFO - datasets.arrow_dataset - Loading cached processed dataset at /home/zhanyuliang/.cache/huggingface/datasets/glue/mrpc/0.0.0/1edab70c7fdff5d2/cache-1f541d1f3d1f798f.arrow
05/01/2024 15:05:41 - INFO - datasets.arrow_dataset - Loading cached processed dataset at /home/zhanyuliang/.cache/huggingface/datasets/glue/mrpc/0.0.0/1edab70c7fdff5d2/cache-871ca715c0f5ad07.arrow
05/01/2024 15:05:41 - INFO - datasets.arrow_dataset - Loading cached processed dataset at /home/zhanyuliang/.cache/huggingface/datasets/glue/mrpc/0.0.0/1edab70c7fdff5d2/cache-ed23cade9f958e82.arrow
05/01/2024 15:05:41 - INFO - __main__ - The following columns  don't have a corresponding argument in `BertForSequenceClassification.forward` and have been ignored: sentence2, idx, sentence1.
05/01/2024 15:05:41 - INFO - __main__ - Sample 2619 of the training set: {'label': 1, 'input_ids': [101, 1996, 8931, 2020, 2579, 2039, 2007, 19608, 2041, 16992, 2037, 2553, 2114, 2572, 3217, 5831, 1010, 3752, 3943, 5530, 1997, 5491, 2041, 16992, 9989, 2114, 2032, 1012, 102, 8931, 2020, 2579, 2039, 2007, 19608, 2041, 16992, 2037, 2553, 2114, 2572, 3217, 5831, 1010, 3752, 1037, 3943, 1011, 3931, 19238, 3661, 2000, 1996, 2457, 1012, 102, 0, 0, 0, 0, 0, 0, 0, 0, 0, 0, 0, 0, 0, 0, 0, 0, 0, 0, 0, 0, 0, 0, 0, 0, 0, 0, 0, 0, 0, 0, 0, 0, 0, 0, 0, 0, 0, 0, 0, 0, 0, 0, 0, 0, 0, 0, 0, 0, 0, 0, 0, 0, 0, 0, 0, 0, 0, 0, 0, 0, 0, 0, 0, 0, 0, 0, 0, 0, 0, 0, 0, 0], 'token_type_ids': [0, 0, 0, 0, 0, 0, 0, 0, 0, 0, 0, 0, 0, 0, 0, 0, 0, 0, 0, 0, 0, 0, 0, 0, 0, 0, 0, 0, 0, 1, 1, 1, 1, 1, 1, 1, 1, 1, 1, 1, 1, 1, 1, 1, 1, 1, 1, 1, 1, 1, 1, 1, 1, 1, 1, 1, 0, 0, 0, 0, 0, 0, 0, 0, 0, 0, 0, 0, 0, 0, 0, 0, 0, 0, 0, 0, 0, 0, 0, 0, 0, 0, 0, 0, 0, 0, 0, 0, 0, 0, 0, 0, 0, 0, 0, 0, 0, 0, 0, 0, 0, 0, 0, 0, 0, 0, 0, 0, 0, 0, 0, 0, 0, 0, 0, 0, 0, 0, 0, 0, 0, 0, 0, 0, 0, 0, 0, 0], 'attention_mask': [1, 1, 1, 1, 1, 1, 1, 1, 1, 1, 1, 1, 1, 1, 1, 1, 1, 1, 1, 1, 1, 1, 1, 1, 1, 1, 1, 1, 1, 1, 1, 1, 1, 1, 1, 1, 1, 1, 1, 1, 1, 1, 1, 1, 1, 1, 1, 1, 1, 1, 1, 1, 1, 1, 1, 1, 0, 0, 0, 0, 0, 0, 0, 0, 0, 0, 0, 0, 0, 0, 0, 0, 0, 0, 0, 0, 0, 0, 0, 0, 0, 0, 0, 0, 0, 0, 0, 0, 0, 0, 0, 0, 0, 0, 0, 0, 0, 0, 0, 0, 0, 0, 0, 0, 0, 0, 0, 0, 0, 0, 0, 0, 0, 0, 0, 0, 0, 0, 0, 0, 0, 0, 0, 0, 0, 0, 0, 0]}.
05/01/2024 15:05:41 - INFO - __main__ - Sample 456 of the training set: {'label': 1, 'input_ids': [101, 18178, 8661, 4584, 2551, 2005, 1996, 4924, 1011, 6153, 2231, 2024, 1037, 6976, 4539, 2005, 8431, 1998, 6980, 2003, 2770, 2152, 3805, 1997, 2279, 4465, 1005, 1055, 4883, 2602, 1999, 2162, 1011, 7950, 18178, 2818, 17238, 1012, 102, 4584, 1999, 18178, 2818, 17238, 1005, 1055, 4924, 1011, 6153, 2231, 2024, 1037, 6976, 4539, 2005, 8431, 1010, 1998, 6980, 2003, 2770, 2152, 3805, 1997, 4465, 1005, 1055, 4883, 2602, 1999, 1996, 2162, 1011, 25537, 2555, 1012, 102, 0, 0, 0, 0, 0, 0, 0, 0, 0, 0, 0, 0, 0, 0, 0, 0, 0, 0, 0, 0, 0, 0, 0, 0, 0, 0, 0, 0, 0, 0, 0, 0, 0, 0, 0, 0, 0, 0, 0, 0, 0, 0, 0, 0, 0, 0, 0, 0, 0, 0, 0], 'token_type_ids': [0, 0, 0, 0, 0, 0, 0, 0, 0, 0, 0, 0, 0, 0, 0, 0, 0, 0, 0, 0, 0, 0, 0, 0, 0, 0, 0, 0, 0, 0, 0, 0, 0, 0, 0, 0, 0, 0, 0, 1, 1, 1, 1, 1, 1, 1, 1, 1, 1, 1, 1, 1, 1, 1, 1, 1, 1, 1, 1, 1, 1, 1, 1, 1, 1, 1, 1, 1, 1, 1, 1, 1, 1, 1, 1, 1, 1, 0, 0, 0, 0, 0, 0, 0, 0, 0, 0, 0, 0, 0, 0, 0, 0, 0, 0, 0, 0, 0, 0, 0, 0, 0, 0, 0, 0, 0, 0, 0, 0, 0, 0, 0, 0, 0, 0, 0, 0, 0, 0, 0, 0, 0, 0, 0, 0, 0, 0, 0], 'attention_mask': [1, 1, 1, 1, 1, 1, 1, 1, 1, 1, 1, 1, 1, 1, 1, 1, 1, 1, 1, 1, 1, 1, 1, 1, 1, 1, 1, 1, 1, 1, 1, 1, 1, 1, 1, 1, 1, 1, 1, 1, 1, 1, 1, 1, 1, 1, 1, 1, 1, 1, 1, 1, 1, 1, 1, 1, 1, 1, 1, 1, 1, 1, 1, 1, 1, 1, 1, 1, 1, 1, 1, 1, 1, 1, 1, 1, 1, 0, 0, 0, 0, 0, 0, 0, 0, 0, 0, 0, 0, 0, 0, 0, 0, 0, 0, 0, 0, 0, 0, 0, 0, 0, 0, 0, 0, 0, 0, 0, 0, 0, 0, 0, 0, 0, 0, 0, 0, 0, 0, 0, 0, 0, 0, 0, 0, 0, 0, 0]}.
05/01/2024 15:05:41 - INFO - __main__ - Sample 102 of the training set: {'label': 0, 'input_ids': [101, 3115, 1004, 3532, 1005, 1055, 3156, 4518, 5950, 17795, 6430, 1018, 1012, 2871, 2685, 2000, 5818, 2509, 1012, 2753, 1010, 2096, 17235, 2850, 4160, 17795, 3062, 1020, 1012, 1019, 2685, 2000, 1015, 1010, 18744, 1012, 2753, 1012, 102, 1996, 3115, 1004, 3532, 1005, 1055, 3156, 5950, 2001, 2039, 1015, 1012, 4293, 2685, 1010, 2030, 1014, 1012, 2324, 3867, 1010, 2000, 5989, 2581, 1012, 6273, 1012, 102, 0, 0, 0, 0, 0, 0, 0, 0, 0, 0, 0, 0, 0, 0, 0, 0, 0, 0, 0, 0, 0, 0, 0, 0, 0, 0, 0, 0, 0, 0, 0, 0, 0, 0, 0, 0, 0, 0, 0, 0, 0, 0, 0, 0, 0, 0, 0, 0, 0, 0, 0, 0, 0, 0, 0, 0, 0, 0, 0, 0, 0], 'token_type_ids': [0, 0, 0, 0, 0, 0, 0, 0, 0, 0, 0, 0, 0, 0, 0, 0, 0, 0, 0, 0, 0, 0, 0, 0, 0, 0, 0, 0, 0, 0, 0, 0, 0, 0, 0, 0, 0, 0, 0, 1, 1, 1, 1, 1, 1, 1, 1, 1, 1, 1, 1, 1, 1, 1, 1, 1, 1, 1, 1, 1, 1, 1, 1, 1, 1, 1, 1, 0, 0, 0, 0, 0, 0, 0, 0, 0, 0, 0, 0, 0, 0, 0, 0, 0, 0, 0, 0, 0, 0, 0, 0, 0, 0, 0, 0, 0, 0, 0, 0, 0, 0, 0, 0, 0, 0, 0, 0, 0, 0, 0, 0, 0, 0, 0, 0, 0, 0, 0, 0, 0, 0, 0, 0, 0, 0, 0, 0, 0], 'attention_mask': [1, 1, 1, 1, 1, 1, 1, 1, 1, 1, 1, 1, 1, 1, 1, 1, 1, 1, 1, 1, 1, 1, 1, 1, 1, 1, 1, 1, 1, 1, 1, 1, 1, 1, 1, 1, 1, 1, 1, 1, 1, 1, 1, 1, 1, 1, 1, 1, 1, 1, 1, 1, 1, 1, 1, 1, 1, 1, 1, 1, 1, 1, 1, 1, 1, 1, 1, 0, 0, 0, 0, 0, 0, 0, 0, 0, 0, 0, 0, 0, 0, 0, 0, 0, 0, 0, 0, 0, 0, 0, 0, 0, 0, 0, 0, 0, 0, 0, 0, 0, 0, 0, 0, 0, 0, 0, 0, 0, 0, 0, 0, 0, 0, 0, 0, 0, 0, 0, 0, 0, 0, 0, 0, 0, 0, 0, 0, 0]}.
#########################################################################################################
分解前参数量：66956546
#########################################################################################################
bert.encoder.layer.0.attention.self.query.weight
bert.encoder.layer.0.attention.self.key.weight
bert.encoder.layer.0.attention.self.value.weight
bert.encoder.layer.0.attention.output.dense.weight
bert.encoder.layer.0.intermediate.dense.weight
bert.encoder.layer.0.output.dense.weight
bert.encoder.layer.1.attention.self.query.weight
bert.encoder.layer.1.attention.self.key.weight
bert.encoder.layer.1.attention.self.value.weight
bert.encoder.layer.1.attention.output.dense.weight
bert.encoder.layer.1.intermediate.dense.weight
bert.encoder.layer.1.output.dense.weight
bert.encoder.layer.2.attention.self.query.weight
bert.encoder.layer.2.attention.self.key.weight
bert.encoder.layer.2.attention.self.value.weight
bert.encoder.layer.2.attention.output.dense.weight
bert.encoder.layer.2.intermediate.dense.weight
bert.encoder.layer.2.output.dense.weight
bert.encoder.layer.3.attention.self.query.weight
bert.encoder.layer.3.attention.self.key.weight
bert.encoder.layer.3.attention.self.value.weight
bert.encoder.layer.3.attention.output.dense.weight
bert.encoder.layer.3.intermediate.dense.weight
bert.encoder.layer.3.output.dense.weight
bert.encoder.layer.4.attention.self.query.weight
bert.encoder.layer.4.attention.self.key.weight
bert.encoder.layer.4.attention.self.value.weight
bert.encoder.layer.4.attention.output.dense.weight
bert.encoder.layer.4.intermediate.dense.weight
bert.encoder.layer.4.output.dense.weight
bert.encoder.layer.5.attention.self.query.weight
bert.encoder.layer.5.attention.self.key.weight
bert.encoder.layer.5.attention.self.value.weight
bert.encoder.layer.5.attention.output.dense.weight
bert.encoder.layer.5.intermediate.dense.weight
bert.encoder.layer.5.output.dense.weight
#########################################################################################################
分解后参数量：210283778
#########################################################################################################
#########################################################################################################
分解前参数量：109483778
#########################################################################################################
bert.encoder.layer.0.attention.self.query.weight
bert.encoder.layer.0.attention.self.key.weight
bert.encoder.layer.0.attention.self.value.weight
bert.encoder.layer.0.attention.output.dense.weight
bert.encoder.layer.0.intermediate.dense.weight
bert.encoder.layer.0.output.dense.weight
bert.encoder.layer.1.attention.self.query.weight
bert.encoder.layer.1.attention.self.key.weight
bert.encoder.layer.1.attention.self.value.weight
bert.encoder.layer.1.attention.output.dense.weight
bert.encoder.layer.1.intermediate.dense.weight
bert.encoder.layer.1.output.dense.weight
bert.encoder.layer.2.attention.self.query.weight
bert.encoder.layer.2.attention.self.key.weight
bert.encoder.layer.2.attention.self.value.weight
bert.encoder.layer.2.attention.output.dense.weight
bert.encoder.layer.2.intermediate.dense.weight
bert.encoder.layer.2.output.dense.weight
bert.encoder.layer.3.attention.self.query.weight
bert.encoder.layer.3.attention.self.key.weight
bert.encoder.layer.3.attention.self.value.weight
bert.encoder.layer.3.attention.output.dense.weight
bert.encoder.layer.3.intermediate.dense.weight
bert.encoder.layer.3.output.dense.weight
bert.encoder.layer.4.attention.self.query.weight
bert.encoder.layer.4.attention.self.key.weight
bert.encoder.layer.4.attention.self.value.weight
bert.encoder.layer.4.attention.output.dense.weight
bert.encoder.layer.4.intermediate.dense.weight
bert.encoder.layer.4.output.dense.weight
bert.encoder.layer.5.attention.self.query.weight
bert.encoder.layer.5.attention.self.key.weight
bert.encoder.layer.5.attention.self.value.weight
bert.encoder.layer.5.attention.output.dense.weight
bert.encoder.layer.5.intermediate.dense.weight
bert.encoder.layer.5.output.dense.weight
bert.encoder.layer.6.attention.self.query.weight
bert.encoder.layer.6.attention.self.key.weight
bert.encoder.layer.6.attention.self.value.weight
bert.encoder.layer.6.attention.output.dense.weight
bert.encoder.layer.6.intermediate.dense.weight
bert.encoder.layer.6.output.dense.weight
bert.encoder.layer.7.attention.self.query.weight
bert.encoder.layer.7.attention.self.key.weight
bert.encoder.layer.7.attention.self.value.weight
bert.encoder.layer.7.attention.output.dense.weight
bert.encoder.layer.7.intermediate.dense.weight
bert.encoder.layer.7.output.dense.weight
bert.encoder.layer.8.attention.self.query.weight
bert.encoder.layer.8.attention.self.key.weight
bert.encoder.layer.8.attention.self.value.weight
bert.encoder.layer.8.attention.output.dense.weight
bert.encoder.layer.8.intermediate.dense.weight
bert.encoder.layer.8.output.dense.weight
bert.encoder.layer.9.attention.self.query.weight
bert.encoder.layer.9.attention.self.key.weight
bert.encoder.layer.9.attention.self.value.weight
bert.encoder.layer.9.attention.output.dense.weight
bert.encoder.layer.9.intermediate.dense.weight
bert.encoder.layer.9.output.dense.weight
bert.encoder.layer.10.attention.self.query.weight
bert.encoder.layer.10.attention.self.key.weight
bert.encoder.layer.10.attention.self.value.weight
bert.encoder.layer.10.attention.output.dense.weight
bert.encoder.layer.10.intermediate.dense.weight
bert.encoder.layer.10.output.dense.weight
bert.encoder.layer.11.attention.self.query.weight
bert.encoder.layer.11.attention.self.key.weight
bert.encoder.layer.11.attention.self.value.weight
bert.encoder.layer.11.attention.output.dense.weight
bert.encoder.layer.11.intermediate.dense.weight
bert.encoder.layer.11.output.dense.weight
#########################################################################################################
分解后参数量：396138242
#########################################################################################################
######################################student_model##########################################################
bert.embeddings.word_embeddings.weight
torch.Size([30522, 768])
bert.embeddings.position_embeddings.weight
torch.Size([512, 768])
bert.embeddings.token_type_embeddings.weight
torch.Size([2, 768])
bert.embeddings.LayerNorm.weight
torch.Size([768])
bert.embeddings.LayerNorm.bias
torch.Size([768])
bert.encoder.layer.0.attention.self.query.bias
torch.Size([768])
bert.encoder.layer.0.attention.self.query.tensor_set.0
torch.Size([1, 32, 32, 576])
bert.encoder.layer.0.attention.self.query.tensor_set.1
torch.Size([576, 1, 1, 576])
bert.encoder.layer.0.attention.self.query.tensor_set.2
torch.Size([576, 1, 1, 576])
bert.encoder.layer.0.attention.self.query.tensor_set.3
torch.Size([576, 1, 1, 576])
bert.encoder.layer.0.attention.self.query.tensor_set.4
torch.Size([576, 1, 1, 576])
bert.encoder.layer.0.attention.self.query.tensor_set.5
torch.Size([576, 1, 1, 576])
bert.encoder.layer.0.attention.self.query.tensor_set.6
torch.Size([576, 24, 24, 1])
bert.encoder.layer.0.attention.self.key.bias
torch.Size([768])
bert.encoder.layer.0.attention.self.key.tensor_set.0
torch.Size([1, 32, 32, 576])
bert.encoder.layer.0.attention.self.key.tensor_set.1
torch.Size([576, 1, 1, 576])
bert.encoder.layer.0.attention.self.key.tensor_set.2
torch.Size([576, 1, 1, 576])
bert.encoder.layer.0.attention.self.key.tensor_set.3
torch.Size([576, 1, 1, 576])
bert.encoder.layer.0.attention.self.key.tensor_set.4
torch.Size([576, 1, 1, 576])
bert.encoder.layer.0.attention.self.key.tensor_set.5
torch.Size([576, 1, 1, 576])
bert.encoder.layer.0.attention.self.key.tensor_set.6
torch.Size([576, 24, 24, 1])
bert.encoder.layer.0.attention.self.value.bias
torch.Size([768])
bert.encoder.layer.0.attention.self.value.tensor_set.0
torch.Size([1, 32, 32, 576])
bert.encoder.layer.0.attention.self.value.tensor_set.1
torch.Size([576, 1, 1, 576])
bert.encoder.layer.0.attention.self.value.tensor_set.2
torch.Size([576, 1, 1, 576])
bert.encoder.layer.0.attention.self.value.tensor_set.3
torch.Size([576, 1, 1, 576])
bert.encoder.layer.0.attention.self.value.tensor_set.4
torch.Size([576, 1, 1, 576])
bert.encoder.layer.0.attention.self.value.tensor_set.5
torch.Size([576, 1, 1, 576])
bert.encoder.layer.0.attention.self.value.tensor_set.6
torch.Size([576, 24, 24, 1])
bert.encoder.layer.0.attention.output.dense.bias
torch.Size([768])
bert.encoder.layer.0.attention.output.dense.tensor_set.0
torch.Size([1, 32, 32, 576])
bert.encoder.layer.0.attention.output.dense.tensor_set.1
torch.Size([576, 1, 1, 576])
bert.encoder.layer.0.attention.output.dense.tensor_set.2
torch.Size([576, 1, 1, 576])
bert.encoder.layer.0.attention.output.dense.tensor_set.3
torch.Size([576, 1, 1, 576])
bert.encoder.layer.0.attention.output.dense.tensor_set.4
torch.Size([576, 1, 1, 576])
bert.encoder.layer.0.attention.output.dense.tensor_set.5
torch.Size([576, 1, 1, 576])
bert.encoder.layer.0.attention.output.dense.tensor_set.6
torch.Size([576, 24, 24, 1])
bert.encoder.layer.0.attention.output.LayerNorm.weight
torch.Size([768])
bert.encoder.layer.0.attention.output.LayerNorm.bias
torch.Size([768])
bert.encoder.layer.0.intermediate.dense.bias
torch.Size([3072])
bert.encoder.layer.0.intermediate.dense.tensor_set.0
torch.Size([1, 64, 32, 1152])
bert.encoder.layer.0.intermediate.dense.tensor_set.1
torch.Size([1152, 1, 1, 1152])
bert.encoder.layer.0.intermediate.dense.tensor_set.2
torch.Size([1152, 1, 1, 1152])
bert.encoder.layer.0.intermediate.dense.tensor_set.3
torch.Size([1152, 1, 1, 1152])
bert.encoder.layer.0.intermediate.dense.tensor_set.4
torch.Size([1152, 1, 1, 1152])
bert.encoder.layer.0.intermediate.dense.tensor_set.5
torch.Size([1152, 1, 1, 1152])
bert.encoder.layer.0.intermediate.dense.tensor_set.6
torch.Size([1152, 48, 24, 1])
bert.encoder.layer.0.output.dense.bias
torch.Size([768])
bert.encoder.layer.0.output.dense.tensor_set.0
torch.Size([1, 32, 64, 1152])
bert.encoder.layer.0.output.dense.tensor_set.1
torch.Size([1152, 1, 1, 1152])
bert.encoder.layer.0.output.dense.tensor_set.2
torch.Size([1152, 1, 1, 1152])
bert.encoder.layer.0.output.dense.tensor_set.3
torch.Size([1152, 1, 1, 1152])
bert.encoder.layer.0.output.dense.tensor_set.4
torch.Size([1152, 1, 1, 1152])
bert.encoder.layer.0.output.dense.tensor_set.5
torch.Size([1152, 1, 1, 1152])
bert.encoder.layer.0.output.dense.tensor_set.6
torch.Size([1152, 24, 48, 1])
bert.encoder.layer.0.output.LayerNorm.weight
torch.Size([768])
bert.encoder.layer.0.output.LayerNorm.bias
torch.Size([768])
bert.encoder.layer.1.attention.self.query.bias
torch.Size([768])
bert.encoder.layer.1.attention.self.query.tensor_set.0
torch.Size([1, 32, 32, 576])
bert.encoder.layer.1.attention.self.query.tensor_set.1
torch.Size([576, 1, 1, 576])
bert.encoder.layer.1.attention.self.query.tensor_set.2
torch.Size([576, 1, 1, 576])
bert.encoder.layer.1.attention.self.query.tensor_set.3
torch.Size([576, 1, 1, 576])
bert.encoder.layer.1.attention.self.query.tensor_set.4
torch.Size([576, 1, 1, 576])
bert.encoder.layer.1.attention.self.query.tensor_set.5
torch.Size([576, 1, 1, 576])
bert.encoder.layer.1.attention.self.query.tensor_set.6
torch.Size([576, 24, 24, 1])
bert.encoder.layer.1.attention.self.key.bias
torch.Size([768])
bert.encoder.layer.1.attention.self.key.tensor_set.0
torch.Size([1, 32, 32, 576])
bert.encoder.layer.1.attention.self.key.tensor_set.1
torch.Size([576, 1, 1, 576])
bert.encoder.layer.1.attention.self.key.tensor_set.2
torch.Size([576, 1, 1, 576])
bert.encoder.layer.1.attention.self.key.tensor_set.3
torch.Size([576, 1, 1, 576])
bert.encoder.layer.1.attention.self.key.tensor_set.4
torch.Size([576, 1, 1, 576])
bert.encoder.layer.1.attention.self.key.tensor_set.5
torch.Size([576, 1, 1, 576])
bert.encoder.layer.1.attention.self.key.tensor_set.6
torch.Size([576, 24, 24, 1])
bert.encoder.layer.1.attention.self.value.bias
torch.Size([768])
bert.encoder.layer.1.attention.self.value.tensor_set.0
torch.Size([1, 32, 32, 576])
bert.encoder.layer.1.attention.self.value.tensor_set.1
torch.Size([576, 1, 1, 576])
bert.encoder.layer.1.attention.self.value.tensor_set.2
torch.Size([576, 1, 1, 576])
bert.encoder.layer.1.attention.self.value.tensor_set.3
torch.Size([576, 1, 1, 576])
bert.encoder.layer.1.attention.self.value.tensor_set.4
torch.Size([576, 1, 1, 576])
bert.encoder.layer.1.attention.self.value.tensor_set.5
torch.Size([576, 1, 1, 576])
bert.encoder.layer.1.attention.self.value.tensor_set.6
torch.Size([576, 24, 24, 1])
bert.encoder.layer.1.attention.output.dense.bias
torch.Size([768])
bert.encoder.layer.1.attention.output.dense.tensor_set.0
torch.Size([1, 32, 32, 576])
bert.encoder.layer.1.attention.output.dense.tensor_set.1
torch.Size([576, 1, 1, 576])
bert.encoder.layer.1.attention.output.dense.tensor_set.2
torch.Size([576, 1, 1, 576])
bert.encoder.layer.1.attention.output.dense.tensor_set.3
torch.Size([576, 1, 1, 576])
bert.encoder.layer.1.attention.output.dense.tensor_set.4
torch.Size([576, 1, 1, 576])
bert.encoder.layer.1.attention.output.dense.tensor_set.5
torch.Size([576, 1, 1, 576])
bert.encoder.layer.1.attention.output.dense.tensor_set.6
torch.Size([576, 24, 24, 1])
bert.encoder.layer.1.attention.output.LayerNorm.weight
torch.Size([768])
bert.encoder.layer.1.attention.output.LayerNorm.bias
torch.Size([768])
bert.encoder.layer.1.intermediate.dense.bias
torch.Size([3072])
bert.encoder.layer.1.intermediate.dense.tensor_set.0
torch.Size([1, 64, 32, 1152])
bert.encoder.layer.1.intermediate.dense.tensor_set.1
torch.Size([1152, 1, 1, 1152])
bert.encoder.layer.1.intermediate.dense.tensor_set.2
torch.Size([1152, 1, 1, 1152])
bert.encoder.layer.1.intermediate.dense.tensor_set.3
torch.Size([1152, 1, 1, 1152])
bert.encoder.layer.1.intermediate.dense.tensor_set.4
torch.Size([1152, 1, 1, 1152])
bert.encoder.layer.1.intermediate.dense.tensor_set.5
torch.Size([1152, 1, 1, 1152])
bert.encoder.layer.1.intermediate.dense.tensor_set.6
torch.Size([1152, 48, 24, 1])
bert.encoder.layer.1.output.dense.bias
torch.Size([768])
bert.encoder.layer.1.output.dense.tensor_set.0
torch.Size([1, 32, 64, 1152])
bert.encoder.layer.1.output.dense.tensor_set.1
torch.Size([1152, 1, 1, 1152])
bert.encoder.layer.1.output.dense.tensor_set.2
torch.Size([1152, 1, 1, 1152])
bert.encoder.layer.1.output.dense.tensor_set.3
torch.Size([1152, 1, 1, 1152])
bert.encoder.layer.1.output.dense.tensor_set.4
torch.Size([1152, 1, 1, 1152])
bert.encoder.layer.1.output.dense.tensor_set.5
torch.Size([1152, 1, 1, 1152])
bert.encoder.layer.1.output.dense.tensor_set.6
torch.Size([1152, 24, 48, 1])
bert.encoder.layer.1.output.LayerNorm.weight
torch.Size([768])
bert.encoder.layer.1.output.LayerNorm.bias
torch.Size([768])
bert.encoder.layer.2.attention.self.query.bias
torch.Size([768])
bert.encoder.layer.2.attention.self.query.tensor_set.0
torch.Size([1, 32, 32, 576])
bert.encoder.layer.2.attention.self.query.tensor_set.1
torch.Size([576, 1, 1, 576])
bert.encoder.layer.2.attention.self.query.tensor_set.2
torch.Size([576, 1, 1, 576])
bert.encoder.layer.2.attention.self.query.tensor_set.3
torch.Size([576, 1, 1, 576])
bert.encoder.layer.2.attention.self.query.tensor_set.4
torch.Size([576, 1, 1, 576])
bert.encoder.layer.2.attention.self.query.tensor_set.5
torch.Size([576, 1, 1, 576])
bert.encoder.layer.2.attention.self.query.tensor_set.6
torch.Size([576, 24, 24, 1])
bert.encoder.layer.2.attention.self.key.bias
torch.Size([768])
bert.encoder.layer.2.attention.self.key.tensor_set.0
torch.Size([1, 32, 32, 576])
bert.encoder.layer.2.attention.self.key.tensor_set.1
torch.Size([576, 1, 1, 576])
bert.encoder.layer.2.attention.self.key.tensor_set.2
torch.Size([576, 1, 1, 576])
bert.encoder.layer.2.attention.self.key.tensor_set.3
torch.Size([576, 1, 1, 576])
bert.encoder.layer.2.attention.self.key.tensor_set.4
torch.Size([576, 1, 1, 576])
bert.encoder.layer.2.attention.self.key.tensor_set.5
torch.Size([576, 1, 1, 576])
bert.encoder.layer.2.attention.self.key.tensor_set.6
torch.Size([576, 24, 24, 1])
bert.encoder.layer.2.attention.self.value.bias
torch.Size([768])
bert.encoder.layer.2.attention.self.value.tensor_set.0
torch.Size([1, 32, 32, 576])
bert.encoder.layer.2.attention.self.value.tensor_set.1
torch.Size([576, 1, 1, 576])
bert.encoder.layer.2.attention.self.value.tensor_set.2
torch.Size([576, 1, 1, 576])
bert.encoder.layer.2.attention.self.value.tensor_set.3
torch.Size([576, 1, 1, 576])
bert.encoder.layer.2.attention.self.value.tensor_set.4
torch.Size([576, 1, 1, 576])
bert.encoder.layer.2.attention.self.value.tensor_set.5
torch.Size([576, 1, 1, 576])
bert.encoder.layer.2.attention.self.value.tensor_set.6
torch.Size([576, 24, 24, 1])
bert.encoder.layer.2.attention.output.dense.bias
torch.Size([768])
bert.encoder.layer.2.attention.output.dense.tensor_set.0
torch.Size([1, 32, 32, 576])
bert.encoder.layer.2.attention.output.dense.tensor_set.1
torch.Size([576, 1, 1, 576])
bert.encoder.layer.2.attention.output.dense.tensor_set.2
torch.Size([576, 1, 1, 576])
bert.encoder.layer.2.attention.output.dense.tensor_set.3
torch.Size([576, 1, 1, 576])
bert.encoder.layer.2.attention.output.dense.tensor_set.4
torch.Size([576, 1, 1, 576])
bert.encoder.layer.2.attention.output.dense.tensor_set.5
torch.Size([576, 1, 1, 576])
bert.encoder.layer.2.attention.output.dense.tensor_set.6
torch.Size([576, 24, 24, 1])
bert.encoder.layer.2.attention.output.LayerNorm.weight
torch.Size([768])
bert.encoder.layer.2.attention.output.LayerNorm.bias
torch.Size([768])
bert.encoder.layer.2.intermediate.dense.bias
torch.Size([3072])
bert.encoder.layer.2.intermediate.dense.tensor_set.0
torch.Size([1, 64, 32, 1152])
bert.encoder.layer.2.intermediate.dense.tensor_set.1
torch.Size([1152, 1, 1, 1152])
bert.encoder.layer.2.intermediate.dense.tensor_set.2
torch.Size([1152, 1, 1, 1152])
bert.encoder.layer.2.intermediate.dense.tensor_set.3
torch.Size([1152, 1, 1, 1152])
bert.encoder.layer.2.intermediate.dense.tensor_set.4
torch.Size([1152, 1, 1, 1152])
bert.encoder.layer.2.intermediate.dense.tensor_set.5
torch.Size([1152, 1, 1, 1152])
bert.encoder.layer.2.intermediate.dense.tensor_set.6
torch.Size([1152, 48, 24, 1])
bert.encoder.layer.2.output.dense.bias
torch.Size([768])
bert.encoder.layer.2.output.dense.tensor_set.0
torch.Size([1, 32, 64, 1152])
bert.encoder.layer.2.output.dense.tensor_set.1
torch.Size([1152, 1, 1, 1152])
bert.encoder.layer.2.output.dense.tensor_set.2
torch.Size([1152, 1, 1, 1152])
bert.encoder.layer.2.output.dense.tensor_set.3
torch.Size([1152, 1, 1, 1152])
bert.encoder.layer.2.output.dense.tensor_set.4
torch.Size([1152, 1, 1, 1152])
bert.encoder.layer.2.output.dense.tensor_set.5
torch.Size([1152, 1, 1, 1152])
bert.encoder.layer.2.output.dense.tensor_set.6
torch.Size([1152, 24, 48, 1])
bert.encoder.layer.2.output.LayerNorm.weight
torch.Size([768])
bert.encoder.layer.2.output.LayerNorm.bias
torch.Size([768])
bert.encoder.layer.3.attention.self.query.bias
torch.Size([768])
bert.encoder.layer.3.attention.self.query.tensor_set.0
torch.Size([1, 32, 32, 576])
bert.encoder.layer.3.attention.self.query.tensor_set.1
torch.Size([576, 1, 1, 576])
bert.encoder.layer.3.attention.self.query.tensor_set.2
torch.Size([576, 1, 1, 576])
bert.encoder.layer.3.attention.self.query.tensor_set.3
torch.Size([576, 1, 1, 576])
bert.encoder.layer.3.attention.self.query.tensor_set.4
torch.Size([576, 1, 1, 576])
bert.encoder.layer.3.attention.self.query.tensor_set.5
torch.Size([576, 1, 1, 576])
bert.encoder.layer.3.attention.self.query.tensor_set.6
torch.Size([576, 24, 24, 1])
bert.encoder.layer.3.attention.self.key.bias
torch.Size([768])
bert.encoder.layer.3.attention.self.key.tensor_set.0
torch.Size([1, 32, 32, 576])
bert.encoder.layer.3.attention.self.key.tensor_set.1
torch.Size([576, 1, 1, 576])
bert.encoder.layer.3.attention.self.key.tensor_set.2
torch.Size([576, 1, 1, 576])
bert.encoder.layer.3.attention.self.key.tensor_set.3
torch.Size([576, 1, 1, 576])
bert.encoder.layer.3.attention.self.key.tensor_set.4
torch.Size([576, 1, 1, 576])
bert.encoder.layer.3.attention.self.key.tensor_set.5
torch.Size([576, 1, 1, 576])
bert.encoder.layer.3.attention.self.key.tensor_set.6
torch.Size([576, 24, 24, 1])
bert.encoder.layer.3.attention.self.value.bias
torch.Size([768])
bert.encoder.layer.3.attention.self.value.tensor_set.0
torch.Size([1, 32, 32, 576])
bert.encoder.layer.3.attention.self.value.tensor_set.1
torch.Size([576, 1, 1, 576])
bert.encoder.layer.3.attention.self.value.tensor_set.2
torch.Size([576, 1, 1, 576])
bert.encoder.layer.3.attention.self.value.tensor_set.3
torch.Size([576, 1, 1, 576])
bert.encoder.layer.3.attention.self.value.tensor_set.4
torch.Size([576, 1, 1, 576])
bert.encoder.layer.3.attention.self.value.tensor_set.5
torch.Size([576, 1, 1, 576])
bert.encoder.layer.3.attention.self.value.tensor_set.6
torch.Size([576, 24, 24, 1])
bert.encoder.layer.3.attention.output.dense.bias
torch.Size([768])
bert.encoder.layer.3.attention.output.dense.tensor_set.0
torch.Size([1, 32, 32, 576])
bert.encoder.layer.3.attention.output.dense.tensor_set.1
torch.Size([576, 1, 1, 576])
bert.encoder.layer.3.attention.output.dense.tensor_set.2
torch.Size([576, 1, 1, 576])
bert.encoder.layer.3.attention.output.dense.tensor_set.3
torch.Size([576, 1, 1, 576])
bert.encoder.layer.3.attention.output.dense.tensor_set.4
torch.Size([576, 1, 1, 576])
bert.encoder.layer.3.attention.output.dense.tensor_set.5
torch.Size([576, 1, 1, 576])
bert.encoder.layer.3.attention.output.dense.tensor_set.6
torch.Size([576, 24, 24, 1])
bert.encoder.layer.3.attention.output.LayerNorm.weight
torch.Size([768])
bert.encoder.layer.3.attention.output.LayerNorm.bias
torch.Size([768])
bert.encoder.layer.3.intermediate.dense.bias
torch.Size([3072])
bert.encoder.layer.3.intermediate.dense.tensor_set.0
torch.Size([1, 64, 32, 1152])
bert.encoder.layer.3.intermediate.dense.tensor_set.1
torch.Size([1152, 1, 1, 1152])
bert.encoder.layer.3.intermediate.dense.tensor_set.2
torch.Size([1152, 1, 1, 1152])
bert.encoder.layer.3.intermediate.dense.tensor_set.3
torch.Size([1152, 1, 1, 1152])
bert.encoder.layer.3.intermediate.dense.tensor_set.4
torch.Size([1152, 1, 1, 1152])
bert.encoder.layer.3.intermediate.dense.tensor_set.5
torch.Size([1152, 1, 1, 1152])
bert.encoder.layer.3.intermediate.dense.tensor_set.6
torch.Size([1152, 48, 24, 1])
bert.encoder.layer.3.output.dense.bias
torch.Size([768])
bert.encoder.layer.3.output.dense.tensor_set.0
torch.Size([1, 32, 64, 1152])
bert.encoder.layer.3.output.dense.tensor_set.1
torch.Size([1152, 1, 1, 1152])
bert.encoder.layer.3.output.dense.tensor_set.2
torch.Size([1152, 1, 1, 1152])
bert.encoder.layer.3.output.dense.tensor_set.3
torch.Size([1152, 1, 1, 1152])
bert.encoder.layer.3.output.dense.tensor_set.4
torch.Size([1152, 1, 1, 1152])
bert.encoder.layer.3.output.dense.tensor_set.5
torch.Size([1152, 1, 1, 1152])
bert.encoder.layer.3.output.dense.tensor_set.6
torch.Size([1152, 24, 48, 1])
bert.encoder.layer.3.output.LayerNorm.weight
torch.Size([768])
bert.encoder.layer.3.output.LayerNorm.bias
torch.Size([768])
bert.encoder.layer.4.attention.self.query.bias
torch.Size([768])
bert.encoder.layer.4.attention.self.query.tensor_set.0
torch.Size([1, 32, 32, 576])
bert.encoder.layer.4.attention.self.query.tensor_set.1
torch.Size([576, 1, 1, 576])
bert.encoder.layer.4.attention.self.query.tensor_set.2
torch.Size([576, 1, 1, 576])
bert.encoder.layer.4.attention.self.query.tensor_set.3
torch.Size([576, 1, 1, 576])
bert.encoder.layer.4.attention.self.query.tensor_set.4
torch.Size([576, 1, 1, 576])
bert.encoder.layer.4.attention.self.query.tensor_set.5
torch.Size([576, 1, 1, 576])
bert.encoder.layer.4.attention.self.query.tensor_set.6
torch.Size([576, 24, 24, 1])
bert.encoder.layer.4.attention.self.key.bias
torch.Size([768])
bert.encoder.layer.4.attention.self.key.tensor_set.0
torch.Size([1, 32, 32, 576])
bert.encoder.layer.4.attention.self.key.tensor_set.1
torch.Size([576, 1, 1, 576])
bert.encoder.layer.4.attention.self.key.tensor_set.2
torch.Size([576, 1, 1, 576])
bert.encoder.layer.4.attention.self.key.tensor_set.3
torch.Size([576, 1, 1, 576])
bert.encoder.layer.4.attention.self.key.tensor_set.4
torch.Size([576, 1, 1, 576])
bert.encoder.layer.4.attention.self.key.tensor_set.5
torch.Size([576, 1, 1, 576])
bert.encoder.layer.4.attention.self.key.tensor_set.6
torch.Size([576, 24, 24, 1])
bert.encoder.layer.4.attention.self.value.bias
torch.Size([768])
bert.encoder.layer.4.attention.self.value.tensor_set.0
torch.Size([1, 32, 32, 576])
bert.encoder.layer.4.attention.self.value.tensor_set.1
torch.Size([576, 1, 1, 576])
bert.encoder.layer.4.attention.self.value.tensor_set.2
torch.Size([576, 1, 1, 576])
bert.encoder.layer.4.attention.self.value.tensor_set.3
torch.Size([576, 1, 1, 576])
bert.encoder.layer.4.attention.self.value.tensor_set.4
torch.Size([576, 1, 1, 576])
bert.encoder.layer.4.attention.self.value.tensor_set.5
torch.Size([576, 1, 1, 576])
bert.encoder.layer.4.attention.self.value.tensor_set.6
torch.Size([576, 24, 24, 1])
bert.encoder.layer.4.attention.output.dense.bias
torch.Size([768])
bert.encoder.layer.4.attention.output.dense.tensor_set.0
torch.Size([1, 32, 32, 576])
bert.encoder.layer.4.attention.output.dense.tensor_set.1
torch.Size([576, 1, 1, 576])
bert.encoder.layer.4.attention.output.dense.tensor_set.2
torch.Size([576, 1, 1, 576])
bert.encoder.layer.4.attention.output.dense.tensor_set.3
torch.Size([576, 1, 1, 576])
bert.encoder.layer.4.attention.output.dense.tensor_set.4
torch.Size([576, 1, 1, 576])
bert.encoder.layer.4.attention.output.dense.tensor_set.5
torch.Size([576, 1, 1, 576])
bert.encoder.layer.4.attention.output.dense.tensor_set.6
torch.Size([576, 24, 24, 1])
bert.encoder.layer.4.attention.output.LayerNorm.weight
torch.Size([768])
bert.encoder.layer.4.attention.output.LayerNorm.bias
torch.Size([768])
bert.encoder.layer.4.intermediate.dense.bias
torch.Size([3072])
bert.encoder.layer.4.intermediate.dense.tensor_set.0
torch.Size([1, 64, 32, 1152])
bert.encoder.layer.4.intermediate.dense.tensor_set.1
torch.Size([1152, 1, 1, 1152])
bert.encoder.layer.4.intermediate.dense.tensor_set.2
torch.Size([1152, 1, 1, 1152])
bert.encoder.layer.4.intermediate.dense.tensor_set.3
torch.Size([1152, 1, 1, 1152])
bert.encoder.layer.4.intermediate.dense.tensor_set.4
torch.Size([1152, 1, 1, 1152])
bert.encoder.layer.4.intermediate.dense.tensor_set.5
torch.Size([1152, 1, 1, 1152])
bert.encoder.layer.4.intermediate.dense.tensor_set.6
torch.Size([1152, 48, 24, 1])
bert.encoder.layer.4.output.dense.bias
torch.Size([768])
bert.encoder.layer.4.output.dense.tensor_set.0
torch.Size([1, 32, 64, 1152])
bert.encoder.layer.4.output.dense.tensor_set.1
torch.Size([1152, 1, 1, 1152])
bert.encoder.layer.4.output.dense.tensor_set.2
torch.Size([1152, 1, 1, 1152])
bert.encoder.layer.4.output.dense.tensor_set.3
torch.Size([1152, 1, 1, 1152])
bert.encoder.layer.4.output.dense.tensor_set.4
torch.Size([1152, 1, 1, 1152])
bert.encoder.layer.4.output.dense.tensor_set.5
torch.Size([1152, 1, 1, 1152])
bert.encoder.layer.4.output.dense.tensor_set.6
torch.Size([1152, 24, 48, 1])
bert.encoder.layer.4.output.LayerNorm.weight
torch.Size([768])
bert.encoder.layer.4.output.LayerNorm.bias
torch.Size([768])
bert.encoder.layer.5.attention.self.query.bias
torch.Size([768])
bert.encoder.layer.5.attention.self.query.tensor_set.0
torch.Size([1, 32, 32, 576])
bert.encoder.layer.5.attention.self.query.tensor_set.1
torch.Size([576, 1, 1, 576])
bert.encoder.layer.5.attention.self.query.tensor_set.2
torch.Size([576, 1, 1, 576])
bert.encoder.layer.5.attention.self.query.tensor_set.3
torch.Size([576, 1, 1, 576])
bert.encoder.layer.5.attention.self.query.tensor_set.4
torch.Size([576, 1, 1, 576])
bert.encoder.layer.5.attention.self.query.tensor_set.5
torch.Size([576, 1, 1, 576])
bert.encoder.layer.5.attention.self.query.tensor_set.6
torch.Size([576, 24, 24, 1])
bert.encoder.layer.5.attention.self.key.bias
torch.Size([768])
bert.encoder.layer.5.attention.self.key.tensor_set.0
torch.Size([1, 32, 32, 576])
bert.encoder.layer.5.attention.self.key.tensor_set.1
torch.Size([576, 1, 1, 576])
bert.encoder.layer.5.attention.self.key.tensor_set.2
torch.Size([576, 1, 1, 576])
bert.encoder.layer.5.attention.self.key.tensor_set.3
torch.Size([576, 1, 1, 576])
bert.encoder.layer.5.attention.self.key.tensor_set.4
torch.Size([576, 1, 1, 576])
bert.encoder.layer.5.attention.self.key.tensor_set.5
torch.Size([576, 1, 1, 576])
bert.encoder.layer.5.attention.self.key.tensor_set.6
torch.Size([576, 24, 24, 1])
bert.encoder.layer.5.attention.self.value.bias
torch.Size([768])
bert.encoder.layer.5.attention.self.value.tensor_set.0
torch.Size([1, 32, 32, 576])
bert.encoder.layer.5.attention.self.value.tensor_set.1
torch.Size([576, 1, 1, 576])
bert.encoder.layer.5.attention.self.value.tensor_set.2
torch.Size([576, 1, 1, 576])
bert.encoder.layer.5.attention.self.value.tensor_set.3
torch.Size([576, 1, 1, 576])
bert.encoder.layer.5.attention.self.value.tensor_set.4
torch.Size([576, 1, 1, 576])
bert.encoder.layer.5.attention.self.value.tensor_set.5
torch.Size([576, 1, 1, 576])
bert.encoder.layer.5.attention.self.value.tensor_set.6
torch.Size([576, 24, 24, 1])
bert.encoder.layer.5.attention.output.dense.bias
torch.Size([768])
bert.encoder.layer.5.attention.output.dense.tensor_set.0
torch.Size([1, 32, 32, 576])
bert.encoder.layer.5.attention.output.dense.tensor_set.1
torch.Size([576, 1, 1, 576])
bert.encoder.layer.5.attention.output.dense.tensor_set.2
torch.Size([576, 1, 1, 576])
bert.encoder.layer.5.attention.output.dense.tensor_set.3
torch.Size([576, 1, 1, 576])
bert.encoder.layer.5.attention.output.dense.tensor_set.4
torch.Size([576, 1, 1, 576])
bert.encoder.layer.5.attention.output.dense.tensor_set.5
torch.Size([576, 1, 1, 576])
bert.encoder.layer.5.attention.output.dense.tensor_set.6
torch.Size([576, 24, 24, 1])
bert.encoder.layer.5.attention.output.LayerNorm.weight
torch.Size([768])
bert.encoder.layer.5.attention.output.LayerNorm.bias
torch.Size([768])
bert.encoder.layer.5.intermediate.dense.bias
torch.Size([3072])
bert.encoder.layer.5.intermediate.dense.tensor_set.0
torch.Size([1, 64, 32, 1152])
bert.encoder.layer.5.intermediate.dense.tensor_set.1
torch.Size([1152, 1, 1, 1152])
bert.encoder.layer.5.intermediate.dense.tensor_set.2
torch.Size([1152, 1, 1, 1152])
bert.encoder.layer.5.intermediate.dense.tensor_set.3
torch.Size([1152, 1, 1, 1152])
bert.encoder.layer.5.intermediate.dense.tensor_set.4
torch.Size([1152, 1, 1, 1152])
bert.encoder.layer.5.intermediate.dense.tensor_set.5
torch.Size([1152, 1, 1, 1152])
bert.encoder.layer.5.intermediate.dense.tensor_set.6
torch.Size([1152, 48, 24, 1])
bert.encoder.layer.5.output.dense.bias
torch.Size([768])
bert.encoder.layer.5.output.dense.tensor_set.0
torch.Size([1, 32, 64, 1152])
bert.encoder.layer.5.output.dense.tensor_set.1
torch.Size([1152, 1, 1, 1152])
bert.encoder.layer.5.output.dense.tensor_set.2
torch.Size([1152, 1, 1, 1152])
bert.encoder.layer.5.output.dense.tensor_set.3
torch.Size([1152, 1, 1, 1152])
bert.encoder.layer.5.output.dense.tensor_set.4
torch.Size([1152, 1, 1, 1152])
bert.encoder.layer.5.output.dense.tensor_set.5
torch.Size([1152, 1, 1, 1152])
bert.encoder.layer.5.output.dense.tensor_set.6
torch.Size([1152, 24, 48, 1])
bert.encoder.layer.5.output.LayerNorm.weight
torch.Size([768])
bert.encoder.layer.5.output.LayerNorm.bias
torch.Size([768])
bert.pooler.dense.weight
torch.Size([768, 768])
bert.pooler.dense.bias
torch.Size([768])
classifier.weight
torch.Size([2, 768])
classifier.bias
torch.Size([2])
######################################teacher_model##########################################################
bert.embeddings.word_embeddings.weight
torch.Size([30522, 768])
bert.embeddings.position_embeddings.weight
torch.Size([512, 768])
bert.embeddings.token_type_embeddings.weight
torch.Size([2, 768])
bert.embeddings.LayerNorm.weight
torch.Size([768])
bert.embeddings.LayerNorm.bias
torch.Size([768])
bert.encoder.layer.0.attention.self.query.bias
torch.Size([768])
bert.encoder.layer.0.attention.self.query.tensor_set.0
torch.Size([1, 32, 32, 576])
bert.encoder.layer.0.attention.self.query.tensor_set.1
torch.Size([576, 1, 1, 576])
bert.encoder.layer.0.attention.self.query.tensor_set.2
torch.Size([576, 1, 1, 576])
bert.encoder.layer.0.attention.self.query.tensor_set.3
torch.Size([576, 1, 1, 576])
bert.encoder.layer.0.attention.self.query.tensor_set.4
torch.Size([576, 1, 1, 576])
bert.encoder.layer.0.attention.self.query.tensor_set.5
torch.Size([576, 1, 1, 576])
bert.encoder.layer.0.attention.self.query.tensor_set.6
torch.Size([576, 24, 24, 1])
bert.encoder.layer.0.attention.self.key.bias
torch.Size([768])
bert.encoder.layer.0.attention.self.key.tensor_set.0
torch.Size([1, 32, 32, 576])
bert.encoder.layer.0.attention.self.key.tensor_set.1
torch.Size([576, 1, 1, 576])
bert.encoder.layer.0.attention.self.key.tensor_set.2
torch.Size([576, 1, 1, 576])
bert.encoder.layer.0.attention.self.key.tensor_set.3
torch.Size([576, 1, 1, 576])
bert.encoder.layer.0.attention.self.key.tensor_set.4
torch.Size([576, 1, 1, 576])
bert.encoder.layer.0.attention.self.key.tensor_set.5
torch.Size([576, 1, 1, 576])
bert.encoder.layer.0.attention.self.key.tensor_set.6
torch.Size([576, 24, 24, 1])
bert.encoder.layer.0.attention.self.value.bias
torch.Size([768])
bert.encoder.layer.0.attention.self.value.tensor_set.0
torch.Size([1, 32, 32, 576])
bert.encoder.layer.0.attention.self.value.tensor_set.1
torch.Size([576, 1, 1, 576])
bert.encoder.layer.0.attention.self.value.tensor_set.2
torch.Size([576, 1, 1, 576])
bert.encoder.layer.0.attention.self.value.tensor_set.3
torch.Size([576, 1, 1, 576])
bert.encoder.layer.0.attention.self.value.tensor_set.4
torch.Size([576, 1, 1, 576])
bert.encoder.layer.0.attention.self.value.tensor_set.5
torch.Size([576, 1, 1, 576])
bert.encoder.layer.0.attention.self.value.tensor_set.6
torch.Size([576, 24, 24, 1])
bert.encoder.layer.0.attention.output.dense.bias
torch.Size([768])
bert.encoder.layer.0.attention.output.dense.tensor_set.0
torch.Size([1, 32, 32, 576])
bert.encoder.layer.0.attention.output.dense.tensor_set.1
torch.Size([576, 1, 1, 576])
bert.encoder.layer.0.attention.output.dense.tensor_set.2
torch.Size([576, 1, 1, 576])
bert.encoder.layer.0.attention.output.dense.tensor_set.3
torch.Size([576, 1, 1, 576])
bert.encoder.layer.0.attention.output.dense.tensor_set.4
torch.Size([576, 1, 1, 576])
bert.encoder.layer.0.attention.output.dense.tensor_set.5
torch.Size([576, 1, 1, 576])
bert.encoder.layer.0.attention.output.dense.tensor_set.6
torch.Size([576, 24, 24, 1])
bert.encoder.layer.0.attention.output.LayerNorm.weight
torch.Size([768])
bert.encoder.layer.0.attention.output.LayerNorm.bias
torch.Size([768])
bert.encoder.layer.0.intermediate.dense.bias
torch.Size([3072])
bert.encoder.layer.0.intermediate.dense.tensor_set.0
torch.Size([1, 64, 32, 1152])
bert.encoder.layer.0.intermediate.dense.tensor_set.1
torch.Size([1152, 1, 1, 1152])
bert.encoder.layer.0.intermediate.dense.tensor_set.2
torch.Size([1152, 1, 1, 1152])
bert.encoder.layer.0.intermediate.dense.tensor_set.3
torch.Size([1152, 1, 1, 1152])
bert.encoder.layer.0.intermediate.dense.tensor_set.4
torch.Size([1152, 1, 1, 1152])
bert.encoder.layer.0.intermediate.dense.tensor_set.5
torch.Size([1152, 1, 1, 1152])
bert.encoder.layer.0.intermediate.dense.tensor_set.6
torch.Size([1152, 48, 24, 1])
bert.encoder.layer.0.output.dense.bias
torch.Size([768])
bert.encoder.layer.0.output.dense.tensor_set.0
torch.Size([1, 32, 64, 1152])
bert.encoder.layer.0.output.dense.tensor_set.1
torch.Size([1152, 1, 1, 1152])
bert.encoder.layer.0.output.dense.tensor_set.2
torch.Size([1152, 1, 1, 1152])
bert.encoder.layer.0.output.dense.tensor_set.3
torch.Size([1152, 1, 1, 1152])
bert.encoder.layer.0.output.dense.tensor_set.4
torch.Size([1152, 1, 1, 1152])
bert.encoder.layer.0.output.dense.tensor_set.5
torch.Size([1152, 1, 1, 1152])
bert.encoder.layer.0.output.dense.tensor_set.6
torch.Size([1152, 24, 48, 1])
bert.encoder.layer.0.output.LayerNorm.weight
torch.Size([768])
bert.encoder.layer.0.output.LayerNorm.bias
torch.Size([768])
bert.encoder.layer.1.attention.self.query.bias
torch.Size([768])
bert.encoder.layer.1.attention.self.query.tensor_set.0
torch.Size([1, 32, 32, 576])
bert.encoder.layer.1.attention.self.query.tensor_set.1
torch.Size([576, 1, 1, 576])
bert.encoder.layer.1.attention.self.query.tensor_set.2
torch.Size([576, 1, 1, 576])
bert.encoder.layer.1.attention.self.query.tensor_set.3
torch.Size([576, 1, 1, 576])
bert.encoder.layer.1.attention.self.query.tensor_set.4
torch.Size([576, 1, 1, 576])
bert.encoder.layer.1.attention.self.query.tensor_set.5
torch.Size([576, 1, 1, 576])
bert.encoder.layer.1.attention.self.query.tensor_set.6
torch.Size([576, 24, 24, 1])
bert.encoder.layer.1.attention.self.key.bias
torch.Size([768])
bert.encoder.layer.1.attention.self.key.tensor_set.0
torch.Size([1, 32, 32, 576])
bert.encoder.layer.1.attention.self.key.tensor_set.1
torch.Size([576, 1, 1, 576])
bert.encoder.layer.1.attention.self.key.tensor_set.2
torch.Size([576, 1, 1, 576])
bert.encoder.layer.1.attention.self.key.tensor_set.3
torch.Size([576, 1, 1, 576])
bert.encoder.layer.1.attention.self.key.tensor_set.4
torch.Size([576, 1, 1, 576])
bert.encoder.layer.1.attention.self.key.tensor_set.5
torch.Size([576, 1, 1, 576])
bert.encoder.layer.1.attention.self.key.tensor_set.6
torch.Size([576, 24, 24, 1])
bert.encoder.layer.1.attention.self.value.bias
torch.Size([768])
bert.encoder.layer.1.attention.self.value.tensor_set.0
torch.Size([1, 32, 32, 576])
bert.encoder.layer.1.attention.self.value.tensor_set.1
torch.Size([576, 1, 1, 576])
bert.encoder.layer.1.attention.self.value.tensor_set.2
torch.Size([576, 1, 1, 576])
bert.encoder.layer.1.attention.self.value.tensor_set.3
torch.Size([576, 1, 1, 576])
bert.encoder.layer.1.attention.self.value.tensor_set.4
torch.Size([576, 1, 1, 576])
bert.encoder.layer.1.attention.self.value.tensor_set.5
torch.Size([576, 1, 1, 576])
bert.encoder.layer.1.attention.self.value.tensor_set.6
torch.Size([576, 24, 24, 1])
bert.encoder.layer.1.attention.output.dense.bias
torch.Size([768])
bert.encoder.layer.1.attention.output.dense.tensor_set.0
torch.Size([1, 32, 32, 576])
bert.encoder.layer.1.attention.output.dense.tensor_set.1
torch.Size([576, 1, 1, 576])
bert.encoder.layer.1.attention.output.dense.tensor_set.2
torch.Size([576, 1, 1, 576])
bert.encoder.layer.1.attention.output.dense.tensor_set.3
torch.Size([576, 1, 1, 576])
bert.encoder.layer.1.attention.output.dense.tensor_set.4
torch.Size([576, 1, 1, 576])
bert.encoder.layer.1.attention.output.dense.tensor_set.5
torch.Size([576, 1, 1, 576])
bert.encoder.layer.1.attention.output.dense.tensor_set.6
torch.Size([576, 24, 24, 1])
bert.encoder.layer.1.attention.output.LayerNorm.weight
torch.Size([768])
bert.encoder.layer.1.attention.output.LayerNorm.bias
torch.Size([768])
bert.encoder.layer.1.intermediate.dense.bias
torch.Size([3072])
bert.encoder.layer.1.intermediate.dense.tensor_set.0
torch.Size([1, 64, 32, 1152])
bert.encoder.layer.1.intermediate.dense.tensor_set.1
torch.Size([1152, 1, 1, 1152])
bert.encoder.layer.1.intermediate.dense.tensor_set.2
torch.Size([1152, 1, 1, 1152])
bert.encoder.layer.1.intermediate.dense.tensor_set.3
torch.Size([1152, 1, 1, 1152])
bert.encoder.layer.1.intermediate.dense.tensor_set.4
torch.Size([1152, 1, 1, 1152])
bert.encoder.layer.1.intermediate.dense.tensor_set.5
torch.Size([1152, 1, 1, 1152])
bert.encoder.layer.1.intermediate.dense.tensor_set.6
torch.Size([1152, 48, 24, 1])
bert.encoder.layer.1.output.dense.bias
torch.Size([768])
bert.encoder.layer.1.output.dense.tensor_set.0
torch.Size([1, 32, 64, 1152])
bert.encoder.layer.1.output.dense.tensor_set.1
torch.Size([1152, 1, 1, 1152])
bert.encoder.layer.1.output.dense.tensor_set.2
torch.Size([1152, 1, 1, 1152])
bert.encoder.layer.1.output.dense.tensor_set.3
torch.Size([1152, 1, 1, 1152])
bert.encoder.layer.1.output.dense.tensor_set.4
torch.Size([1152, 1, 1, 1152])
bert.encoder.layer.1.output.dense.tensor_set.5
torch.Size([1152, 1, 1, 1152])
bert.encoder.layer.1.output.dense.tensor_set.6
torch.Size([1152, 24, 48, 1])
bert.encoder.layer.1.output.LayerNorm.weight
torch.Size([768])
bert.encoder.layer.1.output.LayerNorm.bias
torch.Size([768])
bert.encoder.layer.2.attention.self.query.bias
torch.Size([768])
bert.encoder.layer.2.attention.self.query.tensor_set.0
torch.Size([1, 32, 32, 576])
bert.encoder.layer.2.attention.self.query.tensor_set.1
torch.Size([576, 1, 1, 576])
bert.encoder.layer.2.attention.self.query.tensor_set.2
torch.Size([576, 1, 1, 576])
bert.encoder.layer.2.attention.self.query.tensor_set.3
torch.Size([576, 1, 1, 576])
bert.encoder.layer.2.attention.self.query.tensor_set.4
torch.Size([576, 1, 1, 576])
bert.encoder.layer.2.attention.self.query.tensor_set.5
torch.Size([576, 1, 1, 576])
bert.encoder.layer.2.attention.self.query.tensor_set.6
torch.Size([576, 24, 24, 1])
bert.encoder.layer.2.attention.self.key.bias
torch.Size([768])
bert.encoder.layer.2.attention.self.key.tensor_set.0
torch.Size([1, 32, 32, 576])
bert.encoder.layer.2.attention.self.key.tensor_set.1
torch.Size([576, 1, 1, 576])
bert.encoder.layer.2.attention.self.key.tensor_set.2
torch.Size([576, 1, 1, 576])
bert.encoder.layer.2.attention.self.key.tensor_set.3
torch.Size([576, 1, 1, 576])
bert.encoder.layer.2.attention.self.key.tensor_set.4
torch.Size([576, 1, 1, 576])
bert.encoder.layer.2.attention.self.key.tensor_set.5
torch.Size([576, 1, 1, 576])
bert.encoder.layer.2.attention.self.key.tensor_set.6
torch.Size([576, 24, 24, 1])
bert.encoder.layer.2.attention.self.value.bias
torch.Size([768])
bert.encoder.layer.2.attention.self.value.tensor_set.0
torch.Size([1, 32, 32, 576])
bert.encoder.layer.2.attention.self.value.tensor_set.1
torch.Size([576, 1, 1, 576])
bert.encoder.layer.2.attention.self.value.tensor_set.2
torch.Size([576, 1, 1, 576])
bert.encoder.layer.2.attention.self.value.tensor_set.3
torch.Size([576, 1, 1, 576])
bert.encoder.layer.2.attention.self.value.tensor_set.4
torch.Size([576, 1, 1, 576])
bert.encoder.layer.2.attention.self.value.tensor_set.5
torch.Size([576, 1, 1, 576])
bert.encoder.layer.2.attention.self.value.tensor_set.6
torch.Size([576, 24, 24, 1])
bert.encoder.layer.2.attention.output.dense.bias
torch.Size([768])
bert.encoder.layer.2.attention.output.dense.tensor_set.0
torch.Size([1, 32, 32, 576])
bert.encoder.layer.2.attention.output.dense.tensor_set.1
torch.Size([576, 1, 1, 576])
bert.encoder.layer.2.attention.output.dense.tensor_set.2
torch.Size([576, 1, 1, 576])
bert.encoder.layer.2.attention.output.dense.tensor_set.3
torch.Size([576, 1, 1, 576])
bert.encoder.layer.2.attention.output.dense.tensor_set.4
torch.Size([576, 1, 1, 576])
bert.encoder.layer.2.attention.output.dense.tensor_set.5
torch.Size([576, 1, 1, 576])
bert.encoder.layer.2.attention.output.dense.tensor_set.6
torch.Size([576, 24, 24, 1])
bert.encoder.layer.2.attention.output.LayerNorm.weight
torch.Size([768])
bert.encoder.layer.2.attention.output.LayerNorm.bias
torch.Size([768])
bert.encoder.layer.2.intermediate.dense.bias
torch.Size([3072])
bert.encoder.layer.2.intermediate.dense.tensor_set.0
torch.Size([1, 64, 32, 1152])
bert.encoder.layer.2.intermediate.dense.tensor_set.1
torch.Size([1152, 1, 1, 1152])
bert.encoder.layer.2.intermediate.dense.tensor_set.2
torch.Size([1152, 1, 1, 1152])
bert.encoder.layer.2.intermediate.dense.tensor_set.3
torch.Size([1152, 1, 1, 1152])
bert.encoder.layer.2.intermediate.dense.tensor_set.4
torch.Size([1152, 1, 1, 1152])
bert.encoder.layer.2.intermediate.dense.tensor_set.5
torch.Size([1152, 1, 1, 1152])
bert.encoder.layer.2.intermediate.dense.tensor_set.6
torch.Size([1152, 48, 24, 1])
bert.encoder.layer.2.output.dense.bias
torch.Size([768])
bert.encoder.layer.2.output.dense.tensor_set.0
torch.Size([1, 32, 64, 1152])
bert.encoder.layer.2.output.dense.tensor_set.1
torch.Size([1152, 1, 1, 1152])
bert.encoder.layer.2.output.dense.tensor_set.2
torch.Size([1152, 1, 1, 1152])
bert.encoder.layer.2.output.dense.tensor_set.3
torch.Size([1152, 1, 1, 1152])
bert.encoder.layer.2.output.dense.tensor_set.4
torch.Size([1152, 1, 1, 1152])
bert.encoder.layer.2.output.dense.tensor_set.5
torch.Size([1152, 1, 1, 1152])
bert.encoder.layer.2.output.dense.tensor_set.6
torch.Size([1152, 24, 48, 1])
bert.encoder.layer.2.output.LayerNorm.weight
torch.Size([768])
bert.encoder.layer.2.output.LayerNorm.bias
torch.Size([768])
bert.encoder.layer.3.attention.self.query.bias
torch.Size([768])
bert.encoder.layer.3.attention.self.query.tensor_set.0
torch.Size([1, 32, 32, 576])
bert.encoder.layer.3.attention.self.query.tensor_set.1
torch.Size([576, 1, 1, 576])
bert.encoder.layer.3.attention.self.query.tensor_set.2
torch.Size([576, 1, 1, 576])
bert.encoder.layer.3.attention.self.query.tensor_set.3
torch.Size([576, 1, 1, 576])
bert.encoder.layer.3.attention.self.query.tensor_set.4
torch.Size([576, 1, 1, 576])
bert.encoder.layer.3.attention.self.query.tensor_set.5
torch.Size([576, 1, 1, 576])
bert.encoder.layer.3.attention.self.query.tensor_set.6
torch.Size([576, 24, 24, 1])
bert.encoder.layer.3.attention.self.key.bias
torch.Size([768])
bert.encoder.layer.3.attention.self.key.tensor_set.0
torch.Size([1, 32, 32, 576])
bert.encoder.layer.3.attention.self.key.tensor_set.1
torch.Size([576, 1, 1, 576])
bert.encoder.layer.3.attention.self.key.tensor_set.2
torch.Size([576, 1, 1, 576])
bert.encoder.layer.3.attention.self.key.tensor_set.3
torch.Size([576, 1, 1, 576])
bert.encoder.layer.3.attention.self.key.tensor_set.4
torch.Size([576, 1, 1, 576])
bert.encoder.layer.3.attention.self.key.tensor_set.5
torch.Size([576, 1, 1, 576])
bert.encoder.layer.3.attention.self.key.tensor_set.6
torch.Size([576, 24, 24, 1])
bert.encoder.layer.3.attention.self.value.bias
torch.Size([768])
bert.encoder.layer.3.attention.self.value.tensor_set.0
torch.Size([1, 32, 32, 576])
bert.encoder.layer.3.attention.self.value.tensor_set.1
torch.Size([576, 1, 1, 576])
bert.encoder.layer.3.attention.self.value.tensor_set.2
torch.Size([576, 1, 1, 576])
bert.encoder.layer.3.attention.self.value.tensor_set.3
torch.Size([576, 1, 1, 576])
bert.encoder.layer.3.attention.self.value.tensor_set.4
torch.Size([576, 1, 1, 576])
bert.encoder.layer.3.attention.self.value.tensor_set.5
torch.Size([576, 1, 1, 576])
bert.encoder.layer.3.attention.self.value.tensor_set.6
torch.Size([576, 24, 24, 1])
bert.encoder.layer.3.attention.output.dense.bias
torch.Size([768])
bert.encoder.layer.3.attention.output.dense.tensor_set.0
torch.Size([1, 32, 32, 576])
bert.encoder.layer.3.attention.output.dense.tensor_set.1
torch.Size([576, 1, 1, 576])
bert.encoder.layer.3.attention.output.dense.tensor_set.2
torch.Size([576, 1, 1, 576])
bert.encoder.layer.3.attention.output.dense.tensor_set.3
torch.Size([576, 1, 1, 576])
bert.encoder.layer.3.attention.output.dense.tensor_set.4
torch.Size([576, 1, 1, 576])
bert.encoder.layer.3.attention.output.dense.tensor_set.5
torch.Size([576, 1, 1, 576])
bert.encoder.layer.3.attention.output.dense.tensor_set.6
torch.Size([576, 24, 24, 1])
bert.encoder.layer.3.attention.output.LayerNorm.weight
torch.Size([768])
bert.encoder.layer.3.attention.output.LayerNorm.bias
torch.Size([768])
bert.encoder.layer.3.intermediate.dense.bias
torch.Size([3072])
bert.encoder.layer.3.intermediate.dense.tensor_set.0
torch.Size([1, 64, 32, 1152])
bert.encoder.layer.3.intermediate.dense.tensor_set.1
torch.Size([1152, 1, 1, 1152])
bert.encoder.layer.3.intermediate.dense.tensor_set.2
torch.Size([1152, 1, 1, 1152])
bert.encoder.layer.3.intermediate.dense.tensor_set.3
torch.Size([1152, 1, 1, 1152])
bert.encoder.layer.3.intermediate.dense.tensor_set.4
torch.Size([1152, 1, 1, 1152])
bert.encoder.layer.3.intermediate.dense.tensor_set.5
torch.Size([1152, 1, 1, 1152])
bert.encoder.layer.3.intermediate.dense.tensor_set.6
torch.Size([1152, 48, 24, 1])
bert.encoder.layer.3.output.dense.bias
torch.Size([768])
bert.encoder.layer.3.output.dense.tensor_set.0
torch.Size([1, 32, 64, 1152])
bert.encoder.layer.3.output.dense.tensor_set.1
torch.Size([1152, 1, 1, 1152])
bert.encoder.layer.3.output.dense.tensor_set.2
torch.Size([1152, 1, 1, 1152])
bert.encoder.layer.3.output.dense.tensor_set.3
torch.Size([1152, 1, 1, 1152])
bert.encoder.layer.3.output.dense.tensor_set.4
torch.Size([1152, 1, 1, 1152])
bert.encoder.layer.3.output.dense.tensor_set.5
torch.Size([1152, 1, 1, 1152])
bert.encoder.layer.3.output.dense.tensor_set.6
torch.Size([1152, 24, 48, 1])
bert.encoder.layer.3.output.LayerNorm.weight
torch.Size([768])
bert.encoder.layer.3.output.LayerNorm.bias
torch.Size([768])
bert.encoder.layer.4.attention.self.query.bias
torch.Size([768])
bert.encoder.layer.4.attention.self.query.tensor_set.0
torch.Size([1, 32, 32, 576])
bert.encoder.layer.4.attention.self.query.tensor_set.1
torch.Size([576, 1, 1, 576])
bert.encoder.layer.4.attention.self.query.tensor_set.2
torch.Size([576, 1, 1, 576])
bert.encoder.layer.4.attention.self.query.tensor_set.3
torch.Size([576, 1, 1, 576])
bert.encoder.layer.4.attention.self.query.tensor_set.4
torch.Size([576, 1, 1, 576])
bert.encoder.layer.4.attention.self.query.tensor_set.5
torch.Size([576, 1, 1, 576])
bert.encoder.layer.4.attention.self.query.tensor_set.6
torch.Size([576, 24, 24, 1])
bert.encoder.layer.4.attention.self.key.bias
torch.Size([768])
bert.encoder.layer.4.attention.self.key.tensor_set.0
torch.Size([1, 32, 32, 576])
bert.encoder.layer.4.attention.self.key.tensor_set.1
torch.Size([576, 1, 1, 576])
bert.encoder.layer.4.attention.self.key.tensor_set.2
torch.Size([576, 1, 1, 576])
bert.encoder.layer.4.attention.self.key.tensor_set.3
torch.Size([576, 1, 1, 576])
bert.encoder.layer.4.attention.self.key.tensor_set.4
torch.Size([576, 1, 1, 576])
bert.encoder.layer.4.attention.self.key.tensor_set.5
torch.Size([576, 1, 1, 576])
bert.encoder.layer.4.attention.self.key.tensor_set.6
torch.Size([576, 24, 24, 1])
bert.encoder.layer.4.attention.self.value.bias
torch.Size([768])
bert.encoder.layer.4.attention.self.value.tensor_set.0
torch.Size([1, 32, 32, 576])
bert.encoder.layer.4.attention.self.value.tensor_set.1
torch.Size([576, 1, 1, 576])
bert.encoder.layer.4.attention.self.value.tensor_set.2
torch.Size([576, 1, 1, 576])
bert.encoder.layer.4.attention.self.value.tensor_set.3
torch.Size([576, 1, 1, 576])
bert.encoder.layer.4.attention.self.value.tensor_set.4
torch.Size([576, 1, 1, 576])
bert.encoder.layer.4.attention.self.value.tensor_set.5
torch.Size([576, 1, 1, 576])
bert.encoder.layer.4.attention.self.value.tensor_set.6
torch.Size([576, 24, 24, 1])
bert.encoder.layer.4.attention.output.dense.bias
torch.Size([768])
bert.encoder.layer.4.attention.output.dense.tensor_set.0
torch.Size([1, 32, 32, 576])
bert.encoder.layer.4.attention.output.dense.tensor_set.1
torch.Size([576, 1, 1, 576])
bert.encoder.layer.4.attention.output.dense.tensor_set.2
torch.Size([576, 1, 1, 576])
bert.encoder.layer.4.attention.output.dense.tensor_set.3
torch.Size([576, 1, 1, 576])
bert.encoder.layer.4.attention.output.dense.tensor_set.4
torch.Size([576, 1, 1, 576])
bert.encoder.layer.4.attention.output.dense.tensor_set.5
torch.Size([576, 1, 1, 576])
bert.encoder.layer.4.attention.output.dense.tensor_set.6
torch.Size([576, 24, 24, 1])
bert.encoder.layer.4.attention.output.LayerNorm.weight
torch.Size([768])
bert.encoder.layer.4.attention.output.LayerNorm.bias
torch.Size([768])
bert.encoder.layer.4.intermediate.dense.bias
torch.Size([3072])
bert.encoder.layer.4.intermediate.dense.tensor_set.0
torch.Size([1, 64, 32, 1152])
bert.encoder.layer.4.intermediate.dense.tensor_set.1
torch.Size([1152, 1, 1, 1152])
bert.encoder.layer.4.intermediate.dense.tensor_set.2
torch.Size([1152, 1, 1, 1152])
bert.encoder.layer.4.intermediate.dense.tensor_set.3
torch.Size([1152, 1, 1, 1152])
bert.encoder.layer.4.intermediate.dense.tensor_set.4
torch.Size([1152, 1, 1, 1152])
bert.encoder.layer.4.intermediate.dense.tensor_set.5
torch.Size([1152, 1, 1, 1152])
bert.encoder.layer.4.intermediate.dense.tensor_set.6
torch.Size([1152, 48, 24, 1])
bert.encoder.layer.4.output.dense.bias
torch.Size([768])
bert.encoder.layer.4.output.dense.tensor_set.0
torch.Size([1, 32, 64, 1152])
bert.encoder.layer.4.output.dense.tensor_set.1
torch.Size([1152, 1, 1, 1152])
bert.encoder.layer.4.output.dense.tensor_set.2
torch.Size([1152, 1, 1, 1152])
bert.encoder.layer.4.output.dense.tensor_set.3
torch.Size([1152, 1, 1, 1152])
bert.encoder.layer.4.output.dense.tensor_set.4
torch.Size([1152, 1, 1, 1152])
bert.encoder.layer.4.output.dense.tensor_set.5
torch.Size([1152, 1, 1, 1152])
bert.encoder.layer.4.output.dense.tensor_set.6
torch.Size([1152, 24, 48, 1])
bert.encoder.layer.4.output.LayerNorm.weight
torch.Size([768])
bert.encoder.layer.4.output.LayerNorm.bias
torch.Size([768])
bert.encoder.layer.5.attention.self.query.bias
torch.Size([768])
bert.encoder.layer.5.attention.self.query.tensor_set.0
torch.Size([1, 32, 32, 576])
bert.encoder.layer.5.attention.self.query.tensor_set.1
torch.Size([576, 1, 1, 576])
bert.encoder.layer.5.attention.self.query.tensor_set.2
torch.Size([576, 1, 1, 576])
bert.encoder.layer.5.attention.self.query.tensor_set.3
torch.Size([576, 1, 1, 576])
bert.encoder.layer.5.attention.self.query.tensor_set.4
torch.Size([576, 1, 1, 576])
bert.encoder.layer.5.attention.self.query.tensor_set.5
torch.Size([576, 1, 1, 576])
bert.encoder.layer.5.attention.self.query.tensor_set.6
torch.Size([576, 24, 24, 1])
bert.encoder.layer.5.attention.self.key.bias
torch.Size([768])
bert.encoder.layer.5.attention.self.key.tensor_set.0
torch.Size([1, 32, 32, 576])
bert.encoder.layer.5.attention.self.key.tensor_set.1
torch.Size([576, 1, 1, 576])
bert.encoder.layer.5.attention.self.key.tensor_set.2
torch.Size([576, 1, 1, 576])
bert.encoder.layer.5.attention.self.key.tensor_set.3
torch.Size([576, 1, 1, 576])
bert.encoder.layer.5.attention.self.key.tensor_set.4
torch.Size([576, 1, 1, 576])
bert.encoder.layer.5.attention.self.key.tensor_set.5
torch.Size([576, 1, 1, 576])
bert.encoder.layer.5.attention.self.key.tensor_set.6
torch.Size([576, 24, 24, 1])
bert.encoder.layer.5.attention.self.value.bias
torch.Size([768])
bert.encoder.layer.5.attention.self.value.tensor_set.0
torch.Size([1, 32, 32, 576])
bert.encoder.layer.5.attention.self.value.tensor_set.1
torch.Size([576, 1, 1, 576])
bert.encoder.layer.5.attention.self.value.tensor_set.2
torch.Size([576, 1, 1, 576])
bert.encoder.layer.5.attention.self.value.tensor_set.3
torch.Size([576, 1, 1, 576])
bert.encoder.layer.5.attention.self.value.tensor_set.4
torch.Size([576, 1, 1, 576])
bert.encoder.layer.5.attention.self.value.tensor_set.5
torch.Size([576, 1, 1, 576])
bert.encoder.layer.5.attention.self.value.tensor_set.6
torch.Size([576, 24, 24, 1])
bert.encoder.layer.5.attention.output.dense.bias
torch.Size([768])
bert.encoder.layer.5.attention.output.dense.tensor_set.0
torch.Size([1, 32, 32, 576])
bert.encoder.layer.5.attention.output.dense.tensor_set.1
torch.Size([576, 1, 1, 576])
bert.encoder.layer.5.attention.output.dense.tensor_set.2
torch.Size([576, 1, 1, 576])
bert.encoder.layer.5.attention.output.dense.tensor_set.3
torch.Size([576, 1, 1, 576])
bert.encoder.layer.5.attention.output.dense.tensor_set.4
torch.Size([576, 1, 1, 576])
bert.encoder.layer.5.attention.output.dense.tensor_set.5
torch.Size([576, 1, 1, 576])
bert.encoder.layer.5.attention.output.dense.tensor_set.6
torch.Size([576, 24, 24, 1])
bert.encoder.layer.5.attention.output.LayerNorm.weight
torch.Size([768])
bert.encoder.layer.5.attention.output.LayerNorm.bias
torch.Size([768])
bert.encoder.layer.5.intermediate.dense.bias
torch.Size([3072])
bert.encoder.layer.5.intermediate.dense.tensor_set.0
torch.Size([1, 64, 32, 1152])
bert.encoder.layer.5.intermediate.dense.tensor_set.1
torch.Size([1152, 1, 1, 1152])
bert.encoder.layer.5.intermediate.dense.tensor_set.2
torch.Size([1152, 1, 1, 1152])
bert.encoder.layer.5.intermediate.dense.tensor_set.3
torch.Size([1152, 1, 1, 1152])
bert.encoder.layer.5.intermediate.dense.tensor_set.4
torch.Size([1152, 1, 1, 1152])
bert.encoder.layer.5.intermediate.dense.tensor_set.5
torch.Size([1152, 1, 1, 1152])
bert.encoder.layer.5.intermediate.dense.tensor_set.6
torch.Size([1152, 48, 24, 1])
bert.encoder.layer.5.output.dense.bias
torch.Size([768])
bert.encoder.layer.5.output.dense.tensor_set.0
torch.Size([1, 32, 64, 1152])
bert.encoder.layer.5.output.dense.tensor_set.1
torch.Size([1152, 1, 1, 1152])
bert.encoder.layer.5.output.dense.tensor_set.2
torch.Size([1152, 1, 1, 1152])
bert.encoder.layer.5.output.dense.tensor_set.3
torch.Size([1152, 1, 1, 1152])
bert.encoder.layer.5.output.dense.tensor_set.4
torch.Size([1152, 1, 1, 1152])
bert.encoder.layer.5.output.dense.tensor_set.5
torch.Size([1152, 1, 1, 1152])
bert.encoder.layer.5.output.dense.tensor_set.6
torch.Size([1152, 24, 48, 1])
bert.encoder.layer.5.output.LayerNorm.weight
torch.Size([768])
bert.encoder.layer.5.output.LayerNorm.bias
torch.Size([768])
bert.encoder.layer.6.attention.self.query.bias
torch.Size([768])
bert.encoder.layer.6.attention.self.query.tensor_set.0
torch.Size([1, 32, 32, 576])
bert.encoder.layer.6.attention.self.query.tensor_set.1
torch.Size([576, 1, 1, 576])
bert.encoder.layer.6.attention.self.query.tensor_set.2
torch.Size([576, 1, 1, 576])
bert.encoder.layer.6.attention.self.query.tensor_set.3
torch.Size([576, 1, 1, 576])
bert.encoder.layer.6.attention.self.query.tensor_set.4
torch.Size([576, 1, 1, 576])
bert.encoder.layer.6.attention.self.query.tensor_set.5
torch.Size([576, 1, 1, 576])
bert.encoder.layer.6.attention.self.query.tensor_set.6
torch.Size([576, 24, 24, 1])
bert.encoder.layer.6.attention.self.key.bias
torch.Size([768])
bert.encoder.layer.6.attention.self.key.tensor_set.0
torch.Size([1, 32, 32, 576])
bert.encoder.layer.6.attention.self.key.tensor_set.1
torch.Size([576, 1, 1, 576])
bert.encoder.layer.6.attention.self.key.tensor_set.2
torch.Size([576, 1, 1, 576])
bert.encoder.layer.6.attention.self.key.tensor_set.3
torch.Size([576, 1, 1, 576])
bert.encoder.layer.6.attention.self.key.tensor_set.4
torch.Size([576, 1, 1, 576])
bert.encoder.layer.6.attention.self.key.tensor_set.5
torch.Size([576, 1, 1, 576])
bert.encoder.layer.6.attention.self.key.tensor_set.6
torch.Size([576, 24, 24, 1])
bert.encoder.layer.6.attention.self.value.bias
torch.Size([768])
bert.encoder.layer.6.attention.self.value.tensor_set.0
torch.Size([1, 32, 32, 576])
bert.encoder.layer.6.attention.self.value.tensor_set.1
torch.Size([576, 1, 1, 576])
bert.encoder.layer.6.attention.self.value.tensor_set.2
torch.Size([576, 1, 1, 576])
bert.encoder.layer.6.attention.self.value.tensor_set.3
torch.Size([576, 1, 1, 576])
bert.encoder.layer.6.attention.self.value.tensor_set.4
torch.Size([576, 1, 1, 576])
bert.encoder.layer.6.attention.self.value.tensor_set.5
torch.Size([576, 1, 1, 576])
bert.encoder.layer.6.attention.self.value.tensor_set.6
torch.Size([576, 24, 24, 1])
bert.encoder.layer.6.attention.output.dense.bias
torch.Size([768])
bert.encoder.layer.6.attention.output.dense.tensor_set.0
torch.Size([1, 32, 32, 576])
bert.encoder.layer.6.attention.output.dense.tensor_set.1
torch.Size([576, 1, 1, 576])
bert.encoder.layer.6.attention.output.dense.tensor_set.2
torch.Size([576, 1, 1, 576])
bert.encoder.layer.6.attention.output.dense.tensor_set.3
torch.Size([576, 1, 1, 576])
bert.encoder.layer.6.attention.output.dense.tensor_set.4
torch.Size([576, 1, 1, 576])
bert.encoder.layer.6.attention.output.dense.tensor_set.5
torch.Size([576, 1, 1, 576])
bert.encoder.layer.6.attention.output.dense.tensor_set.6
torch.Size([576, 24, 24, 1])
bert.encoder.layer.6.attention.output.LayerNorm.weight
torch.Size([768])
bert.encoder.layer.6.attention.output.LayerNorm.bias
torch.Size([768])
bert.encoder.layer.6.intermediate.dense.bias
torch.Size([3072])
bert.encoder.layer.6.intermediate.dense.tensor_set.0
torch.Size([1, 64, 32, 1152])
bert.encoder.layer.6.intermediate.dense.tensor_set.1
torch.Size([1152, 1, 1, 1152])
bert.encoder.layer.6.intermediate.dense.tensor_set.2
torch.Size([1152, 1, 1, 1152])
bert.encoder.layer.6.intermediate.dense.tensor_set.3
torch.Size([1152, 1, 1, 1152])
bert.encoder.layer.6.intermediate.dense.tensor_set.4
torch.Size([1152, 1, 1, 1152])
bert.encoder.layer.6.intermediate.dense.tensor_set.5
torch.Size([1152, 1, 1, 1152])
bert.encoder.layer.6.intermediate.dense.tensor_set.6
torch.Size([1152, 48, 24, 1])
bert.encoder.layer.6.output.dense.bias
torch.Size([768])
bert.encoder.layer.6.output.dense.tensor_set.0
torch.Size([1, 32, 64, 1152])
bert.encoder.layer.6.output.dense.tensor_set.1
torch.Size([1152, 1, 1, 1152])
bert.encoder.layer.6.output.dense.tensor_set.2
torch.Size([1152, 1, 1, 1152])
bert.encoder.layer.6.output.dense.tensor_set.3
torch.Size([1152, 1, 1, 1152])
bert.encoder.layer.6.output.dense.tensor_set.4
torch.Size([1152, 1, 1, 1152])
bert.encoder.layer.6.output.dense.tensor_set.5
torch.Size([1152, 1, 1, 1152])
bert.encoder.layer.6.output.dense.tensor_set.6
torch.Size([1152, 24, 48, 1])
bert.encoder.layer.6.output.LayerNorm.weight
torch.Size([768])
bert.encoder.layer.6.output.LayerNorm.bias
torch.Size([768])
bert.encoder.layer.7.attention.self.query.bias
torch.Size([768])
bert.encoder.layer.7.attention.self.query.tensor_set.0
torch.Size([1, 32, 32, 576])
bert.encoder.layer.7.attention.self.query.tensor_set.1
torch.Size([576, 1, 1, 576])
bert.encoder.layer.7.attention.self.query.tensor_set.2
torch.Size([576, 1, 1, 576])
bert.encoder.layer.7.attention.self.query.tensor_set.3
torch.Size([576, 1, 1, 576])
bert.encoder.layer.7.attention.self.query.tensor_set.4
torch.Size([576, 1, 1, 576])
bert.encoder.layer.7.attention.self.query.tensor_set.5
torch.Size([576, 1, 1, 576])
bert.encoder.layer.7.attention.self.query.tensor_set.6
torch.Size([576, 24, 24, 1])
bert.encoder.layer.7.attention.self.key.bias
torch.Size([768])
bert.encoder.layer.7.attention.self.key.tensor_set.0
torch.Size([1, 32, 32, 576])
bert.encoder.layer.7.attention.self.key.tensor_set.1
torch.Size([576, 1, 1, 576])
bert.encoder.layer.7.attention.self.key.tensor_set.2
torch.Size([576, 1, 1, 576])
bert.encoder.layer.7.attention.self.key.tensor_set.3
torch.Size([576, 1, 1, 576])
bert.encoder.layer.7.attention.self.key.tensor_set.4
torch.Size([576, 1, 1, 576])
bert.encoder.layer.7.attention.self.key.tensor_set.5
torch.Size([576, 1, 1, 576])
bert.encoder.layer.7.attention.self.key.tensor_set.6
torch.Size([576, 24, 24, 1])
bert.encoder.layer.7.attention.self.value.bias
torch.Size([768])
bert.encoder.layer.7.attention.self.value.tensor_set.0
torch.Size([1, 32, 32, 576])
bert.encoder.layer.7.attention.self.value.tensor_set.1
torch.Size([576, 1, 1, 576])
bert.encoder.layer.7.attention.self.value.tensor_set.2
torch.Size([576, 1, 1, 576])
bert.encoder.layer.7.attention.self.value.tensor_set.3
torch.Size([576, 1, 1, 576])
bert.encoder.layer.7.attention.self.value.tensor_set.4
torch.Size([576, 1, 1, 576])
bert.encoder.layer.7.attention.self.value.tensor_set.5
torch.Size([576, 1, 1, 576])
bert.encoder.layer.7.attention.self.value.tensor_set.6
torch.Size([576, 24, 24, 1])
bert.encoder.layer.7.attention.output.dense.bias
torch.Size([768])
bert.encoder.layer.7.attention.output.dense.tensor_set.0
torch.Size([1, 32, 32, 576])
bert.encoder.layer.7.attention.output.dense.tensor_set.1
torch.Size([576, 1, 1, 576])
bert.encoder.layer.7.attention.output.dense.tensor_set.2
torch.Size([576, 1, 1, 576])
bert.encoder.layer.7.attention.output.dense.tensor_set.3
torch.Size([576, 1, 1, 576])
bert.encoder.layer.7.attention.output.dense.tensor_set.4
torch.Size([576, 1, 1, 576])
bert.encoder.layer.7.attention.output.dense.tensor_set.5
torch.Size([576, 1, 1, 576])
bert.encoder.layer.7.attention.output.dense.tensor_set.6
torch.Size([576, 24, 24, 1])
bert.encoder.layer.7.attention.output.LayerNorm.weight
torch.Size([768])
bert.encoder.layer.7.attention.output.LayerNorm.bias
torch.Size([768])
bert.encoder.layer.7.intermediate.dense.bias
torch.Size([3072])
bert.encoder.layer.7.intermediate.dense.tensor_set.0
torch.Size([1, 64, 32, 1152])
bert.encoder.layer.7.intermediate.dense.tensor_set.1
torch.Size([1152, 1, 1, 1152])
bert.encoder.layer.7.intermediate.dense.tensor_set.2
torch.Size([1152, 1, 1, 1152])
bert.encoder.layer.7.intermediate.dense.tensor_set.3
torch.Size([1152, 1, 1, 1152])
bert.encoder.layer.7.intermediate.dense.tensor_set.4
torch.Size([1152, 1, 1, 1152])
bert.encoder.layer.7.intermediate.dense.tensor_set.5
torch.Size([1152, 1, 1, 1152])
bert.encoder.layer.7.intermediate.dense.tensor_set.6
torch.Size([1152, 48, 24, 1])
bert.encoder.layer.7.output.dense.bias
torch.Size([768])
bert.encoder.layer.7.output.dense.tensor_set.0
torch.Size([1, 32, 64, 1152])
bert.encoder.layer.7.output.dense.tensor_set.1
torch.Size([1152, 1, 1, 1152])
bert.encoder.layer.7.output.dense.tensor_set.2
torch.Size([1152, 1, 1, 1152])
bert.encoder.layer.7.output.dense.tensor_set.3
torch.Size([1152, 1, 1, 1152])
bert.encoder.layer.7.output.dense.tensor_set.4
torch.Size([1152, 1, 1, 1152])
bert.encoder.layer.7.output.dense.tensor_set.5
torch.Size([1152, 1, 1, 1152])
bert.encoder.layer.7.output.dense.tensor_set.6
torch.Size([1152, 24, 48, 1])
bert.encoder.layer.7.output.LayerNorm.weight
torch.Size([768])
bert.encoder.layer.7.output.LayerNorm.bias
torch.Size([768])
bert.encoder.layer.8.attention.self.query.bias
torch.Size([768])
bert.encoder.layer.8.attention.self.query.tensor_set.0
torch.Size([1, 32, 32, 576])
bert.encoder.layer.8.attention.self.query.tensor_set.1
torch.Size([576, 1, 1, 576])
bert.encoder.layer.8.attention.self.query.tensor_set.2
torch.Size([576, 1, 1, 576])
bert.encoder.layer.8.attention.self.query.tensor_set.3
torch.Size([576, 1, 1, 576])
bert.encoder.layer.8.attention.self.query.tensor_set.4
torch.Size([576, 1, 1, 576])
bert.encoder.layer.8.attention.self.query.tensor_set.5
torch.Size([576, 1, 1, 576])
bert.encoder.layer.8.attention.self.query.tensor_set.6
torch.Size([576, 24, 24, 1])
bert.encoder.layer.8.attention.self.key.bias
torch.Size([768])
bert.encoder.layer.8.attention.self.key.tensor_set.0
torch.Size([1, 32, 32, 576])
bert.encoder.layer.8.attention.self.key.tensor_set.1
torch.Size([576, 1, 1, 576])
bert.encoder.layer.8.attention.self.key.tensor_set.2
torch.Size([576, 1, 1, 576])
bert.encoder.layer.8.attention.self.key.tensor_set.3
torch.Size([576, 1, 1, 576])
bert.encoder.layer.8.attention.self.key.tensor_set.4
torch.Size([576, 1, 1, 576])
bert.encoder.layer.8.attention.self.key.tensor_set.5
torch.Size([576, 1, 1, 576])
bert.encoder.layer.8.attention.self.key.tensor_set.6
torch.Size([576, 24, 24, 1])
bert.encoder.layer.8.attention.self.value.bias
torch.Size([768])
bert.encoder.layer.8.attention.self.value.tensor_set.0
torch.Size([1, 32, 32, 576])
bert.encoder.layer.8.attention.self.value.tensor_set.1
torch.Size([576, 1, 1, 576])
bert.encoder.layer.8.attention.self.value.tensor_set.2
torch.Size([576, 1, 1, 576])
bert.encoder.layer.8.attention.self.value.tensor_set.3
torch.Size([576, 1, 1, 576])
bert.encoder.layer.8.attention.self.value.tensor_set.4
torch.Size([576, 1, 1, 576])
bert.encoder.layer.8.attention.self.value.tensor_set.5
torch.Size([576, 1, 1, 576])
bert.encoder.layer.8.attention.self.value.tensor_set.6
torch.Size([576, 24, 24, 1])
bert.encoder.layer.8.attention.output.dense.bias
torch.Size([768])
bert.encoder.layer.8.attention.output.dense.tensor_set.0
torch.Size([1, 32, 32, 576])
bert.encoder.layer.8.attention.output.dense.tensor_set.1
torch.Size([576, 1, 1, 576])
bert.encoder.layer.8.attention.output.dense.tensor_set.2
torch.Size([576, 1, 1, 576])
bert.encoder.layer.8.attention.output.dense.tensor_set.3
torch.Size([576, 1, 1, 576])
bert.encoder.layer.8.attention.output.dense.tensor_set.4
torch.Size([576, 1, 1, 576])
bert.encoder.layer.8.attention.output.dense.tensor_set.5
torch.Size([576, 1, 1, 576])
bert.encoder.layer.8.attention.output.dense.tensor_set.6
torch.Size([576, 24, 24, 1])
bert.encoder.layer.8.attention.output.LayerNorm.weight
torch.Size([768])
bert.encoder.layer.8.attention.output.LayerNorm.bias
torch.Size([768])
bert.encoder.layer.8.intermediate.dense.bias
torch.Size([3072])
bert.encoder.layer.8.intermediate.dense.tensor_set.0
torch.Size([1, 64, 32, 1152])
bert.encoder.layer.8.intermediate.dense.tensor_set.1
torch.Size([1152, 1, 1, 1152])
bert.encoder.layer.8.intermediate.dense.tensor_set.2
torch.Size([1152, 1, 1, 1152])
bert.encoder.layer.8.intermediate.dense.tensor_set.3
torch.Size([1152, 1, 1, 1152])
bert.encoder.layer.8.intermediate.dense.tensor_set.4
torch.Size([1152, 1, 1, 1152])
bert.encoder.layer.8.intermediate.dense.tensor_set.5
torch.Size([1152, 1, 1, 1152])
bert.encoder.layer.8.intermediate.dense.tensor_set.6
torch.Size([1152, 48, 24, 1])
bert.encoder.layer.8.output.dense.bias
torch.Size([768])
bert.encoder.layer.8.output.dense.tensor_set.0
torch.Size([1, 32, 64, 1152])
bert.encoder.layer.8.output.dense.tensor_set.1
torch.Size([1152, 1, 1, 1152])
bert.encoder.layer.8.output.dense.tensor_set.2
torch.Size([1152, 1, 1, 1152])
bert.encoder.layer.8.output.dense.tensor_set.3
torch.Size([1152, 1, 1, 1152])
bert.encoder.layer.8.output.dense.tensor_set.4
torch.Size([1152, 1, 1, 1152])
bert.encoder.layer.8.output.dense.tensor_set.5
torch.Size([1152, 1, 1, 1152])
bert.encoder.layer.8.output.dense.tensor_set.6
torch.Size([1152, 24, 48, 1])
bert.encoder.layer.8.output.LayerNorm.weight
torch.Size([768])
bert.encoder.layer.8.output.LayerNorm.bias
torch.Size([768])
bert.encoder.layer.9.attention.self.query.bias
torch.Size([768])
bert.encoder.layer.9.attention.self.query.tensor_set.0
torch.Size([1, 32, 32, 576])
bert.encoder.layer.9.attention.self.query.tensor_set.1
torch.Size([576, 1, 1, 576])
bert.encoder.layer.9.attention.self.query.tensor_set.2
torch.Size([576, 1, 1, 576])
bert.encoder.layer.9.attention.self.query.tensor_set.3
torch.Size([576, 1, 1, 576])
bert.encoder.layer.9.attention.self.query.tensor_set.4
torch.Size([576, 1, 1, 576])
bert.encoder.layer.9.attention.self.query.tensor_set.5
torch.Size([576, 1, 1, 576])
bert.encoder.layer.9.attention.self.query.tensor_set.6
torch.Size([576, 24, 24, 1])
bert.encoder.layer.9.attention.self.key.bias
torch.Size([768])
bert.encoder.layer.9.attention.self.key.tensor_set.0
torch.Size([1, 32, 32, 576])
bert.encoder.layer.9.attention.self.key.tensor_set.1
torch.Size([576, 1, 1, 576])
bert.encoder.layer.9.attention.self.key.tensor_set.2
torch.Size([576, 1, 1, 576])
bert.encoder.layer.9.attention.self.key.tensor_set.3
torch.Size([576, 1, 1, 576])
bert.encoder.layer.9.attention.self.key.tensor_set.4
torch.Size([576, 1, 1, 576])
bert.encoder.layer.9.attention.self.key.tensor_set.5
torch.Size([576, 1, 1, 576])
bert.encoder.layer.9.attention.self.key.tensor_set.6
torch.Size([576, 24, 24, 1])
bert.encoder.layer.9.attention.self.value.bias
torch.Size([768])
bert.encoder.layer.9.attention.self.value.tensor_set.0
torch.Size([1, 32, 32, 576])
bert.encoder.layer.9.attention.self.value.tensor_set.1
torch.Size([576, 1, 1, 576])
bert.encoder.layer.9.attention.self.value.tensor_set.2
torch.Size([576, 1, 1, 576])
bert.encoder.layer.9.attention.self.value.tensor_set.3
torch.Size([576, 1, 1, 576])
bert.encoder.layer.9.attention.self.value.tensor_set.4
torch.Size([576, 1, 1, 576])
bert.encoder.layer.9.attention.self.value.tensor_set.5
torch.Size([576, 1, 1, 576])
bert.encoder.layer.9.attention.self.value.tensor_set.6
torch.Size([576, 24, 24, 1])
bert.encoder.layer.9.attention.output.dense.bias
torch.Size([768])
bert.encoder.layer.9.attention.output.dense.tensor_set.0
torch.Size([1, 32, 32, 576])
bert.encoder.layer.9.attention.output.dense.tensor_set.1
torch.Size([576, 1, 1, 576])
bert.encoder.layer.9.attention.output.dense.tensor_set.2
torch.Size([576, 1, 1, 576])
bert.encoder.layer.9.attention.output.dense.tensor_set.3
torch.Size([576, 1, 1, 576])
bert.encoder.layer.9.attention.output.dense.tensor_set.4
torch.Size([576, 1, 1, 576])
bert.encoder.layer.9.attention.output.dense.tensor_set.5
torch.Size([576, 1, 1, 576])
bert.encoder.layer.9.attention.output.dense.tensor_set.6
torch.Size([576, 24, 24, 1])
bert.encoder.layer.9.attention.output.LayerNorm.weight
torch.Size([768])
bert.encoder.layer.9.attention.output.LayerNorm.bias
torch.Size([768])
bert.encoder.layer.9.intermediate.dense.bias
torch.Size([3072])
bert.encoder.layer.9.intermediate.dense.tensor_set.0
torch.Size([1, 64, 32, 1152])
bert.encoder.layer.9.intermediate.dense.tensor_set.1
torch.Size([1152, 1, 1, 1152])
bert.encoder.layer.9.intermediate.dense.tensor_set.2
torch.Size([1152, 1, 1, 1152])
bert.encoder.layer.9.intermediate.dense.tensor_set.3
torch.Size([1152, 1, 1, 1152])
bert.encoder.layer.9.intermediate.dense.tensor_set.4
torch.Size([1152, 1, 1, 1152])
bert.encoder.layer.9.intermediate.dense.tensor_set.5
torch.Size([1152, 1, 1, 1152])
bert.encoder.layer.9.intermediate.dense.tensor_set.6
torch.Size([1152, 48, 24, 1])
bert.encoder.layer.9.output.dense.bias
torch.Size([768])
bert.encoder.layer.9.output.dense.tensor_set.0
torch.Size([1, 32, 64, 1152])
bert.encoder.layer.9.output.dense.tensor_set.1
torch.Size([1152, 1, 1, 1152])
bert.encoder.layer.9.output.dense.tensor_set.2
torch.Size([1152, 1, 1, 1152])
bert.encoder.layer.9.output.dense.tensor_set.3
torch.Size([1152, 1, 1, 1152])
bert.encoder.layer.9.output.dense.tensor_set.4
torch.Size([1152, 1, 1, 1152])
bert.encoder.layer.9.output.dense.tensor_set.5
torch.Size([1152, 1, 1, 1152])
bert.encoder.layer.9.output.dense.tensor_set.6
torch.Size([1152, 24, 48, 1])
bert.encoder.layer.9.output.LayerNorm.weight
torch.Size([768])
bert.encoder.layer.9.output.LayerNorm.bias
torch.Size([768])
bert.encoder.layer.10.attention.self.query.bias
torch.Size([768])
bert.encoder.layer.10.attention.self.query.tensor_set.0
torch.Size([1, 32, 32, 576])
bert.encoder.layer.10.attention.self.query.tensor_set.1
torch.Size([576, 1, 1, 576])
bert.encoder.layer.10.attention.self.query.tensor_set.2
torch.Size([576, 1, 1, 576])
bert.encoder.layer.10.attention.self.query.tensor_set.3
torch.Size([576, 1, 1, 576])
bert.encoder.layer.10.attention.self.query.tensor_set.4
torch.Size([576, 1, 1, 576])
bert.encoder.layer.10.attention.self.query.tensor_set.5
torch.Size([576, 1, 1, 576])
bert.encoder.layer.10.attention.self.query.tensor_set.6
torch.Size([576, 24, 24, 1])
bert.encoder.layer.10.attention.self.key.bias
torch.Size([768])
bert.encoder.layer.10.attention.self.key.tensor_set.0
torch.Size([1, 32, 32, 576])
bert.encoder.layer.10.attention.self.key.tensor_set.1
torch.Size([576, 1, 1, 576])
bert.encoder.layer.10.attention.self.key.tensor_set.2
torch.Size([576, 1, 1, 576])
bert.encoder.layer.10.attention.self.key.tensor_set.3
torch.Size([576, 1, 1, 576])
bert.encoder.layer.10.attention.self.key.tensor_set.4
torch.Size([576, 1, 1, 576])
bert.encoder.layer.10.attention.self.key.tensor_set.5
torch.Size([576, 1, 1, 576])
bert.encoder.layer.10.attention.self.key.tensor_set.6
torch.Size([576, 24, 24, 1])
bert.encoder.layer.10.attention.self.value.bias
torch.Size([768])
bert.encoder.layer.10.attention.self.value.tensor_set.0
torch.Size([1, 32, 32, 576])
bert.encoder.layer.10.attention.self.value.tensor_set.1
torch.Size([576, 1, 1, 576])
bert.encoder.layer.10.attention.self.value.tensor_set.2
torch.Size([576, 1, 1, 576])
bert.encoder.layer.10.attention.self.value.tensor_set.3
torch.Size([576, 1, 1, 576])
bert.encoder.layer.10.attention.self.value.tensor_set.4
torch.Size([576, 1, 1, 576])
bert.encoder.layer.10.attention.self.value.tensor_set.5
torch.Size([576, 1, 1, 576])
bert.encoder.layer.10.attention.self.value.tensor_set.6
torch.Size([576, 24, 24, 1])
bert.encoder.layer.10.attention.output.dense.bias
torch.Size([768])
bert.encoder.layer.10.attention.output.dense.tensor_set.0
torch.Size([1, 32, 32, 576])
bert.encoder.layer.10.attention.output.dense.tensor_set.1
torch.Size([576, 1, 1, 576])
bert.encoder.layer.10.attention.output.dense.tensor_set.2
torch.Size([576, 1, 1, 576])
bert.encoder.layer.10.attention.output.dense.tensor_set.3
torch.Size([576, 1, 1, 576])
bert.encoder.layer.10.attention.output.dense.tensor_set.4
torch.Size([576, 1, 1, 576])
bert.encoder.layer.10.attention.output.dense.tensor_set.5
torch.Size([576, 1, 1, 576])
bert.encoder.layer.10.attention.output.dense.tensor_set.6
torch.Size([576, 24, 24, 1])
bert.encoder.layer.10.attention.output.LayerNorm.weight
torch.Size([768])
bert.encoder.layer.10.attention.output.LayerNorm.bias
torch.Size([768])
bert.encoder.layer.10.intermediate.dense.bias
torch.Size([3072])
bert.encoder.layer.10.intermediate.dense.tensor_set.0
torch.Size([1, 64, 32, 1152])
bert.encoder.layer.10.intermediate.dense.tensor_set.1
torch.Size([1152, 1, 1, 1152])
bert.encoder.layer.10.intermediate.dense.tensor_set.2
torch.Size([1152, 1, 1, 1152])
bert.encoder.layer.10.intermediate.dense.tensor_set.3
torch.Size([1152, 1, 1, 1152])
bert.encoder.layer.10.intermediate.dense.tensor_set.4
torch.Size([1152, 1, 1, 1152])
bert.encoder.layer.10.intermediate.dense.tensor_set.5
torch.Size([1152, 1, 1, 1152])
bert.encoder.layer.10.intermediate.dense.tensor_set.6
torch.Size([1152, 48, 24, 1])
bert.encoder.layer.10.output.dense.bias
torch.Size([768])
bert.encoder.layer.10.output.dense.tensor_set.0
torch.Size([1, 32, 64, 1152])
bert.encoder.layer.10.output.dense.tensor_set.1
torch.Size([1152, 1, 1, 1152])
bert.encoder.layer.10.output.dense.tensor_set.2
torch.Size([1152, 1, 1, 1152])
bert.encoder.layer.10.output.dense.tensor_set.3
torch.Size([1152, 1, 1, 1152])
bert.encoder.layer.10.output.dense.tensor_set.4
torch.Size([1152, 1, 1, 1152])
bert.encoder.layer.10.output.dense.tensor_set.5
torch.Size([1152, 1, 1, 1152])
bert.encoder.layer.10.output.dense.tensor_set.6
torch.Size([1152, 24, 48, 1])
bert.encoder.layer.10.output.LayerNorm.weight
torch.Size([768])
bert.encoder.layer.10.output.LayerNorm.bias
torch.Size([768])
bert.encoder.layer.11.attention.self.query.bias
torch.Size([768])
bert.encoder.layer.11.attention.self.query.tensor_set.0
torch.Size([1, 32, 32, 576])
bert.encoder.layer.11.attention.self.query.tensor_set.1
torch.Size([576, 1, 1, 576])
bert.encoder.layer.11.attention.self.query.tensor_set.2
torch.Size([576, 1, 1, 576])
bert.encoder.layer.11.attention.self.query.tensor_set.3
torch.Size([576, 1, 1, 576])
bert.encoder.layer.11.attention.self.query.tensor_set.4
torch.Size([576, 1, 1, 576])
bert.encoder.layer.11.attention.self.query.tensor_set.5
torch.Size([576, 1, 1, 576])
bert.encoder.layer.11.attention.self.query.tensor_set.6
torch.Size([576, 24, 24, 1])
bert.encoder.layer.11.attention.self.key.bias
torch.Size([768])
bert.encoder.layer.11.attention.self.key.tensor_set.0
torch.Size([1, 32, 32, 576])
bert.encoder.layer.11.attention.self.key.tensor_set.1
torch.Size([576, 1, 1, 576])
bert.encoder.layer.11.attention.self.key.tensor_set.2
torch.Size([576, 1, 1, 576])
bert.encoder.layer.11.attention.self.key.tensor_set.3
torch.Size([576, 1, 1, 576])
bert.encoder.layer.11.attention.self.key.tensor_set.4
torch.Size([576, 1, 1, 576])
bert.encoder.layer.11.attention.self.key.tensor_set.5
torch.Size([576, 1, 1, 576])
bert.encoder.layer.11.attention.self.key.tensor_set.6
torch.Size([576, 24, 24, 1])
bert.encoder.layer.11.attention.self.value.bias
torch.Size([768])
bert.encoder.layer.11.attention.self.value.tensor_set.0
torch.Size([1, 32, 32, 576])
bert.encoder.layer.11.attention.self.value.tensor_set.1
torch.Size([576, 1, 1, 576])
bert.encoder.layer.11.attention.self.value.tensor_set.2
torch.Size([576, 1, 1, 576])
bert.encoder.layer.11.attention.self.value.tensor_set.3
torch.Size([576, 1, 1, 576])
bert.encoder.layer.11.attention.self.value.tensor_set.4
torch.Size([576, 1, 1, 576])
bert.encoder.layer.11.attention.self.value.tensor_set.5
torch.Size([576, 1, 1, 576])
bert.encoder.layer.11.attention.self.value.tensor_set.6
torch.Size([576, 24, 24, 1])
bert.encoder.layer.11.attention.output.dense.bias
torch.Size([768])
bert.encoder.layer.11.attention.output.dense.tensor_set.0
torch.Size([1, 32, 32, 576])
bert.encoder.layer.11.attention.output.dense.tensor_set.1
torch.Size([576, 1, 1, 576])
bert.encoder.layer.11.attention.output.dense.tensor_set.2
torch.Size([576, 1, 1, 576])
bert.encoder.layer.11.attention.output.dense.tensor_set.3
torch.Size([576, 1, 1, 576])
bert.encoder.layer.11.attention.output.dense.tensor_set.4
torch.Size([576, 1, 1, 576])
bert.encoder.layer.11.attention.output.dense.tensor_set.5
torch.Size([576, 1, 1, 576])
bert.encoder.layer.11.attention.output.dense.tensor_set.6
torch.Size([576, 24, 24, 1])
bert.encoder.layer.11.attention.output.LayerNorm.weight
torch.Size([768])
bert.encoder.layer.11.attention.output.LayerNorm.bias
torch.Size([768])
bert.encoder.layer.11.intermediate.dense.bias
torch.Size([3072])
bert.encoder.layer.11.intermediate.dense.tensor_set.0
torch.Size([1, 64, 32, 1152])
bert.encoder.layer.11.intermediate.dense.tensor_set.1
torch.Size([1152, 1, 1, 1152])
bert.encoder.layer.11.intermediate.dense.tensor_set.2
torch.Size([1152, 1, 1, 1152])
bert.encoder.layer.11.intermediate.dense.tensor_set.3
torch.Size([1152, 1, 1, 1152])
bert.encoder.layer.11.intermediate.dense.tensor_set.4
torch.Size([1152, 1, 1, 1152])
bert.encoder.layer.11.intermediate.dense.tensor_set.5
torch.Size([1152, 1, 1, 1152])
bert.encoder.layer.11.intermediate.dense.tensor_set.6
torch.Size([1152, 48, 24, 1])
bert.encoder.layer.11.output.dense.bias
torch.Size([768])
bert.encoder.layer.11.output.dense.tensor_set.0
torch.Size([1, 32, 64, 1152])
bert.encoder.layer.11.output.dense.tensor_set.1
torch.Size([1152, 1, 1, 1152])
bert.encoder.layer.11.output.dense.tensor_set.2
torch.Size([1152, 1, 1, 1152])
bert.encoder.layer.11.output.dense.tensor_set.3
torch.Size([1152, 1, 1, 1152])
bert.encoder.layer.11.output.dense.tensor_set.4
torch.Size([1152, 1, 1, 1152])
bert.encoder.layer.11.output.dense.tensor_set.5
torch.Size([1152, 1, 1, 1152])
bert.encoder.layer.11.output.dense.tensor_set.6
torch.Size([1152, 24, 48, 1])
bert.encoder.layer.11.output.LayerNorm.weight
torch.Size([768])
bert.encoder.layer.11.output.LayerNorm.bias
torch.Size([768])
bert.pooler.dense.weight
torch.Size([768, 768])
bert.pooler.dense.bias
torch.Size([768])
classifier.weight
torch.Size([2, 768])
classifier.bias
torch.Size([2])
05/01/2024 15:12:42 - INFO - __main__ - ***** Running training *****
05/01/2024 15:12:42 - INFO - __main__ -   Num examples = 3668
05/01/2024 15:12:42 - INFO - __main__ -   Num Epochs = 15
05/01/2024 15:12:42 - INFO - __main__ -   Instantaneous batch size per device = 32
05/01/2024 15:12:42 - INFO - __main__ -   Total train batch size (w. parallel, distributed & accumulation) = 32
05/01/2024 15:12:42 - INFO - __main__ -   Gradient Accumulation steps = 1
05/01/2024 15:12:42 - INFO - __main__ -   Total optimization steps = 1725
loss:
tensor(1.3140e-07, device='cuda:0', grad_fn=<AddBackward0>)
