01/09/2024 11:19:56 - WARNING - __main__ - Process rank: -1, device: cuda:0, n_gpu: 1distributed training: False, 16-bits training: False
01/09/2024 11:19:56 - INFO - __main__ - Training/evaluation parameters TrainingArguments(
_n_gpu=1,
adafactor=False,
adam_beta1=0.9,
adam_beta2=0.999,
adam_epsilon=1e-08,
bf16=False,
bf16_full_eval=False,
dataloader_drop_last=False,
dataloader_num_workers=0,
dataloader_pin_memory=True,
ddp_bucket_cap_mb=None,
ddp_find_unused_parameters=None,
debug=[],
deepspeed=None,
disable_tqdm=False,
do_eval=True,
do_predict=False,
do_train=True,
eval_accumulation_steps=None,
eval_steps=2,
evaluation_strategy=IntervalStrategy.NO,
fp16=False,
fp16_backend=auto,
fp16_full_eval=False,
fp16_opt_level=O1,
gradient_accumulation_steps=1,
gradient_checkpointing=False,
greater_is_better=None,
group_by_length=False,
half_precision_backend=auto,
hub_model_id=None,
hub_strategy=HubStrategy.EVERY_SAVE,
hub_token=<HUB_TOKEN>,
ignore_data_skip=False,
label_names=None,
label_smoothing_factor=0.0,
learning_rate=3e-06,
length_column_name=length,
load_best_model_at_end=False,
local_rank=-1,
log_level=-1,
log_level_replica=-1,
log_on_each_node=True,
logging_dir=/mnt/zhanyuliang/data/checkpoint/nlp/lgtm/cola_output/runs/Jan09_11-19-56_ubuntu-gd,
logging_first_step=False,
logging_nan_inf_filter=True,
logging_steps=500,
logging_strategy=IntervalStrategy.STEPS,
lr_scheduler_type=SchedulerType.LINEAR,
max_grad_norm=1.0,
max_steps=-1,
metric_for_best_model=None,
mp_parameters=,
no_cuda=False,
num_train_epochs=6.0,
optim=OptimizerNames.ADAMW_HF,
output_dir=/mnt/zhanyuliang/data/checkpoint/nlp/lgtm/cola_output/,
overwrite_output_dir=True,
past_index=-1,
per_device_eval_batch_size=32,
per_device_train_batch_size=32,
prediction_loss_only=False,
push_to_hub=False,
push_to_hub_model_id=None,
push_to_hub_organization=None,
push_to_hub_token=<PUSH_TO_HUB_TOKEN>,
remove_unused_columns=True,
report_to=[],
resume_from_checkpoint=None,
run_name=/mnt/zhanyuliang/data/checkpoint/nlp/lgtm/cola_output/,
save_on_each_node=False,
save_steps=500,
save_strategy=IntervalStrategy.STEPS,
save_total_limit=None,
seed=42,
sharded_ddp=[],
skip_memory_metrics=True,
tf32=None,
tpu_metrics_debug=False,
tpu_num_cores=None,
use_legacy_prediction_loop=False,
warmup_ratio=0.0,
warmup_steps=0,
weight_decay=0.0,
xpu_backend=None,
)
Overwrite dataset info from restored data version if exists.
01/09/2024 11:20:47 - INFO - datasets.builder - Overwrite dataset info from restored data version if exists.
Loading Dataset info from /mnt/zhanyuliang/cache/huggingface/datasets/downloads/glue/cola/0.0.0/b26533ace1c6157d
01/09/2024 11:20:47 - INFO - datasets.info - Loading Dataset info from /mnt/zhanyuliang/cache/huggingface/datasets/downloads/glue/cola/0.0.0/b26533ace1c6157d
Found cached dataset glue (/mnt/zhanyuliang/cache/huggingface/datasets/downloads/glue/cola/0.0.0/b26533ace1c6157d)
01/09/2024 11:20:47 - INFO - datasets.builder - Found cached dataset glue (/mnt/zhanyuliang/cache/huggingface/datasets/downloads/glue/cola/0.0.0/b26533ace1c6157d)
Loading Dataset info from /mnt/zhanyuliang/cache/huggingface/datasets/downloads/glue/cola/0.0.0/b26533ace1c6157d
01/09/2024 11:20:47 - INFO - datasets.info - Loading Dataset info from /mnt/zhanyuliang/cache/huggingface/datasets/downloads/glue/cola/0.0.0/b26533ace1c6157d
[INFO|configuration_utils.py:646] 2024-01-09 11:20:47,437 >> loading configuration file /mnt/zhanyuliang/data/nlp_data/theseus/BertFineTrain/download/cola/bert-base-uncased-finetuned-cola/config.json
[INFO|configuration_utils.py:684] 2024-01-09 11:20:47,439 >> Model config BertConfig {
  "_name_or_path": "/mnt/zhanyuliang/data/nlp_data/theseus/BertFineTrain/download/cola/bert-base-uncased-finetuned-cola/",
  "architectures": [
    "BertForSequenceClassification"
  ],
  "attention_probs_dropout_prob": 0.1,
  "classifier_dropout": null,
  "finetuning_task": "cola",
  "gradient_checkpointing": false,
  "hidden_act": "gelu",
  "hidden_dropout_prob": 0.1,
  "hidden_size": 768,
  "initializer_range": 0.02,
  "intermediate_size": 3072,
  "layer_norm_eps": 1e-12,
  "max_position_embeddings": 512,
  "model_type": "bert",
  "num_attention_heads": 12,
  "num_hidden_layers": 6,
  "output_hidden_states": true,
  "pad_token_id": 0,
  "position_embedding_type": "absolute",
  "problem_type": "single_label_classification",
  "torch_dtype": "float32",
  "transformers_version": "4.17.0",
  "type_vocab_size": 2,
  "use_cache": true,
  "vocab_size": 30522
}

[INFO|tokenization_utils_base.py:1703] 2024-01-09 11:20:47,440 >> Didn't find file /mnt/zhanyuliang/data/nlp_data/theseus/BertFineTrain/download/cola/bert-base-uncased-finetuned-cola/added_tokens.json. We won't load it.
[INFO|tokenization_utils_base.py:1784] 2024-01-09 11:20:47,441 >> loading file /mnt/zhanyuliang/data/nlp_data/theseus/BertFineTrain/download/cola/bert-base-uncased-finetuned-cola/vocab.txt
[INFO|tokenization_utils_base.py:1784] 2024-01-09 11:20:47,442 >> loading file /mnt/zhanyuliang/data/nlp_data/theseus/BertFineTrain/download/cola/bert-base-uncased-finetuned-cola/tokenizer.json
[INFO|tokenization_utils_base.py:1784] 2024-01-09 11:20:47,442 >> loading file None
[INFO|tokenization_utils_base.py:1784] 2024-01-09 11:20:47,443 >> loading file /mnt/zhanyuliang/data/nlp_data/theseus/BertFineTrain/download/cola/bert-base-uncased-finetuned-cola/special_tokens_map.json
[INFO|tokenization_utils_base.py:1784] 2024-01-09 11:20:47,444 >> loading file /mnt/zhanyuliang/data/nlp_data/theseus/BertFineTrain/download/cola/bert-base-uncased-finetuned-cola/tokenizer_config.json
[INFO|modeling_utils.py:1429] 2024-01-09 11:20:47,489 >> loading weights file /mnt/zhanyuliang/data/nlp_data/theseus/BertFineTrain/download/cola/bert-base-uncased-finetuned-cola/pytorch_model.bin
[WARNING|modeling_utils.py:1693] 2024-01-09 11:20:49,873 >> Some weights of the model checkpoint at /mnt/zhanyuliang/data/nlp_data/theseus/BertFineTrain/download/cola/bert-base-uncased-finetuned-cola/ were not used when initializing BertForSequenceClassification: ['bert.encoder.layer.6.output.LayerNorm.weight', 'bert.encoder.layer.7.intermediate.dense.weight', 'bert.encoder.layer.7.output.dense.bias', 'bert.encoder.layer.9.attention.self.query.weight', 'bert.encoder.layer.7.attention.self.value.bias', 'bert.encoder.layer.8.attention.output.dense.bias', 'bert.encoder.layer.8.attention.self.value.weight', 'bert.encoder.layer.11.attention.self.query.weight', 'bert.encoder.layer.7.attention.self.key.bias', 'bert.encoder.layer.6.output.dense.weight', 'bert.encoder.layer.11.intermediate.dense.bias', 'bert.encoder.layer.9.attention.self.key.bias', 'bert.encoder.layer.7.attention.self.key.weight', 'bert.encoder.layer.6.attention.output.dense.bias', 'bert.encoder.layer.7.attention.output.dense.weight', 'bert.encoder.layer.10.output.LayerNorm.bias', 'bert.encoder.layer.8.attention.output.LayerNorm.bias', 'bert.encoder.layer.6.attention.output.dense.weight', 'bert.encoder.layer.7.attention.self.value.weight', 'bert.encoder.layer.9.intermediate.dense.bias', 'bert.encoder.layer.10.attention.self.value.weight', 'bert.encoder.layer.6.attention.self.value.weight', 'bert.encoder.layer.8.attention.self.key.weight', 'bert.encoder.layer.7.attention.output.LayerNorm.weight', 'bert.encoder.layer.9.attention.self.key.weight', 'bert.encoder.layer.9.intermediate.dense.weight', 'bert.encoder.layer.11.attention.self.key.bias', 'bert.encoder.layer.8.output.LayerNorm.weight', 'bert.encoder.layer.9.attention.output.dense.bias', 'bert.encoder.layer.9.attention.output.dense.weight', 'bert.encoder.layer.9.attention.self.value.bias', 'bert.encoder.layer.6.attention.output.LayerNorm.weight', 'bert.encoder.layer.7.output.dense.weight', 'bert.encoder.layer.10.attention.self.value.bias', 'bert.encoder.layer.7.intermediate.dense.bias', 'bert.encoder.layer.11.intermediate.dense.weight', 'bert.encoder.layer.6.output.dense.bias', 'bert.encoder.layer.6.attention.self.key.bias', 'bert.encoder.layer.9.attention.output.LayerNorm.bias', 'bert.encoder.layer.10.intermediate.dense.weight', 'bert.encoder.layer.7.attention.output.LayerNorm.bias', 'bert.encoder.layer.8.intermediate.dense.bias', 'bert.encoder.layer.10.output.dense.bias', 'bert.encoder.layer.10.attention.output.LayerNorm.bias', 'bert.encoder.layer.11.attention.output.LayerNorm.weight', 'bert.encoder.layer.6.attention.self.value.bias', 'bert.encoder.layer.8.attention.self.query.weight', 'bert.encoder.layer.9.output.dense.bias', 'bert.encoder.layer.8.attention.self.query.bias', 'bert.encoder.layer.8.intermediate.dense.weight', 'bert.encoder.layer.6.attention.output.LayerNorm.bias', 'bert.encoder.layer.10.attention.self.query.weight', 'bert.encoder.layer.11.attention.self.key.weight', 'bert.encoder.layer.11.attention.output.dense.bias', 'bert.encoder.layer.7.attention.self.query.bias', 'bert.encoder.layer.9.output.LayerNorm.bias', 'bert.encoder.layer.10.attention.self.key.bias', 'bert.encoder.layer.9.attention.self.query.bias', 'bert.encoder.layer.10.attention.self.query.bias', 'bert.encoder.layer.7.attention.self.query.weight', 'bert.encoder.layer.8.output.dense.weight', 'bert.encoder.layer.11.attention.output.LayerNorm.bias', 'bert.encoder.layer.7.attention.output.dense.bias', 'bert.encoder.layer.10.attention.output.dense.bias', 'bert.encoder.layer.10.attention.self.key.weight', 'bert.encoder.layer.8.attention.self.value.bias', 'bert.encoder.layer.7.output.LayerNorm.bias', 'bert.encoder.layer.10.output.dense.weight', 'bert.encoder.layer.10.output.LayerNorm.weight', 'bert.encoder.layer.11.attention.self.query.bias', 'bert.encoder.layer.11.attention.output.dense.weight', 'bert.encoder.layer.9.output.LayerNorm.weight', 'bert.encoder.layer.10.attention.output.LayerNorm.weight', 'bert.encoder.layer.6.intermediate.dense.weight', 'bert.encoder.layer.11.attention.self.value.bias', 'bert.encoder.layer.11.attention.self.value.weight', 'bert.encoder.layer.8.output.dense.bias', 'bert.encoder.layer.8.output.LayerNorm.bias', 'bert.encoder.layer.10.intermediate.dense.bias', 'bert.encoder.layer.11.output.dense.weight', 'bert.encoder.layer.6.attention.self.query.bias', 'bert.encoder.layer.9.attention.self.value.weight', 'bert.encoder.layer.7.output.LayerNorm.weight', 'bert.encoder.layer.11.output.LayerNorm.weight', 'bert.encoder.layer.11.output.dense.bias', 'bert.encoder.layer.10.attention.output.dense.weight', 'bert.encoder.layer.6.attention.self.query.weight', 'bert.encoder.layer.6.attention.self.key.weight', 'bert.encoder.layer.8.attention.output.dense.weight', 'bert.encoder.layer.8.attention.self.key.bias', 'bert.encoder.layer.9.attention.output.LayerNorm.weight', 'bert.encoder.layer.6.output.LayerNorm.bias', 'bert.encoder.layer.11.output.LayerNorm.bias', 'bert.encoder.layer.6.intermediate.dense.bias', 'bert.encoder.layer.9.output.dense.weight', 'bert.encoder.layer.8.attention.output.LayerNorm.weight']
- This IS expected if you are initializing BertForSequenceClassification from the checkpoint of a model trained on another task or with another architecture (e.g. initializing a BertForSequenceClassification model from a BertForPreTraining model).
- This IS NOT expected if you are initializing BertForSequenceClassification from the checkpoint of a model that you expect to be exactly identical (initializing a BertForSequenceClassification model from a BertForSequenceClassification model).
[INFO|modeling_utils.py:1710] 2024-01-09 11:20:49,874 >> All the weights of BertForSequenceClassification were initialized from the model checkpoint at /mnt/zhanyuliang/data/nlp_data/theseus/BertFineTrain/download/cola/bert-base-uncased-finetuned-cola/.
If your task is similar to the task the model of the checkpoint was trained on, you can already use BertForSequenceClassification for predictions without further training.
[INFO|configuration_utils.py:648] 2024-01-09 11:20:50,269 >> loading configuration file https://huggingface.co/bert-base-uncased/resolve/main/config.json from cache at /home/zhanyuliang/.cache/huggingface/transformers/3c61d016573b14f7f008c02c4e51a366c67ab274726fe2910691e2a761acf43e.37395cee442ab11005bcd270f3c34464dc1704b715b5d7d52b1a461abe3b9e4e
[INFO|configuration_utils.py:684] 2024-01-09 11:20:50,271 >> Model config BertConfig {
  "_name_or_path": "bert-base-uncased",
  "architectures": [
    "BertForMaskedLM"
  ],
  "attention_probs_dropout_prob": 0.1,
  "classifier_dropout": null,
  "finetuning_task": "cola",
  "gradient_checkpointing": false,
  "hidden_act": "gelu",
  "hidden_dropout_prob": 0.1,
  "hidden_size": 768,
  "initializer_range": 0.02,
  "intermediate_size": 3072,
  "layer_norm_eps": 1e-12,
  "max_position_embeddings": 512,
  "model_type": "bert",
  "num_attention_heads": 12,
  "num_hidden_layers": 12,
  "output_hidden_states": true,
  "pad_token_id": 0,
  "position_embedding_type": "absolute",
  "transformers_version": "4.17.0",
  "type_vocab_size": 2,
  "use_cache": true,
  "vocab_size": 30522
}

[INFO|modeling_utils.py:1431] 2024-01-09 11:20:50,657 >> loading weights file https://huggingface.co/bert-base-uncased/resolve/main/pytorch_model.bin from cache at /home/zhanyuliang/.cache/huggingface/transformers/a8041bf617d7f94ea26d15e218abd04afc2004805632abc0ed2066aa16d50d04.faf6ea826ae9c5867d12b22257f9877e6b8367890837bd60f7c54a29633f7f2f
[WARNING|modeling_utils.py:1693] 2024-01-09 11:20:54,129 >> Some weights of the model checkpoint at bert-base-uncased were not used when initializing BertForSequenceClassification: ['cls.predictions.transform.LayerNorm.weight', 'cls.seq_relationship.weight', 'cls.predictions.decoder.weight', 'cls.predictions.transform.dense.bias', 'cls.predictions.transform.dense.weight', 'cls.predictions.bias', 'cls.seq_relationship.bias', 'cls.predictions.transform.LayerNorm.bias']
- This IS expected if you are initializing BertForSequenceClassification from the checkpoint of a model trained on another task or with another architecture (e.g. initializing a BertForSequenceClassification model from a BertForPreTraining model).
- This IS NOT expected if you are initializing BertForSequenceClassification from the checkpoint of a model that you expect to be exactly identical (initializing a BertForSequenceClassification model from a BertForSequenceClassification model).
[WARNING|modeling_utils.py:1704] 2024-01-09 11:20:54,136 >> Some weights of BertForSequenceClassification were not initialized from the model checkpoint at bert-base-uncased and are newly initialized: ['classifier.bias', 'classifier.weight']
You should probably TRAIN this model on a down-stream task to be able to use it for predictions and inference.
Loading cached processed dataset at /mnt/zhanyuliang/cache/huggingface/datasets/downloads/glue/cola/0.0.0/b26533ace1c6157d/cache-b0b50f5d0582057c.arrow
01/09/2024 11:20:54 - INFO - datasets.arrow_dataset - Loading cached processed dataset at /mnt/zhanyuliang/cache/huggingface/datasets/downloads/glue/cola/0.0.0/b26533ace1c6157d/cache-b0b50f5d0582057c.arrow
Loading cached processed dataset at /mnt/zhanyuliang/cache/huggingface/datasets/downloads/glue/cola/0.0.0/b26533ace1c6157d/cache-b0cd73d65c29f7ce.arrow
01/09/2024 11:20:54 - INFO - datasets.arrow_dataset - Loading cached processed dataset at /mnt/zhanyuliang/cache/huggingface/datasets/downloads/glue/cola/0.0.0/b26533ace1c6157d/cache-b0cd73d65c29f7ce.arrow
Loading cached processed dataset at /mnt/zhanyuliang/cache/huggingface/datasets/downloads/glue/cola/0.0.0/b26533ace1c6157d/cache-ffcb71c7563e709a.arrow
01/09/2024 11:20:54 - INFO - datasets.arrow_dataset - Loading cached processed dataset at /mnt/zhanyuliang/cache/huggingface/datasets/downloads/glue/cola/0.0.0/b26533ace1c6157d/cache-ffcb71c7563e709a.arrow
01/09/2024 11:20:54 - INFO - __main__ - The following columns  don't have a corresponding argument in `BertForSequenceClassification.forward` and have been ignored: idx, sentence.
01/09/2024 11:20:54 - INFO - __main__ - Sample 1824 of the training set: {'label': 0, 'input_ids': [101, 1045, 8969, 2008, 2026, 2269, 1010, 2002, 2001, 4389, 2004, 2019, 13547, 1012, 102, 0, 0, 0, 0, 0, 0, 0, 0, 0, 0, 0, 0, 0, 0, 0, 0, 0, 0, 0, 0, 0, 0, 0, 0, 0, 0, 0, 0, 0, 0, 0, 0, 0, 0, 0, 0, 0, 0, 0, 0, 0, 0, 0, 0, 0, 0, 0, 0, 0, 0, 0, 0, 0, 0, 0, 0, 0, 0, 0, 0, 0, 0, 0, 0, 0, 0, 0, 0, 0, 0, 0, 0, 0, 0, 0, 0, 0, 0, 0, 0, 0, 0, 0, 0, 0, 0, 0, 0, 0, 0, 0, 0, 0, 0, 0, 0, 0, 0, 0, 0, 0, 0, 0, 0, 0, 0, 0, 0, 0, 0, 0, 0, 0], 'token_type_ids': [0, 0, 0, 0, 0, 0, 0, 0, 0, 0, 0, 0, 0, 0, 0, 0, 0, 0, 0, 0, 0, 0, 0, 0, 0, 0, 0, 0, 0, 0, 0, 0, 0, 0, 0, 0, 0, 0, 0, 0, 0, 0, 0, 0, 0, 0, 0, 0, 0, 0, 0, 0, 0, 0, 0, 0, 0, 0, 0, 0, 0, 0, 0, 0, 0, 0, 0, 0, 0, 0, 0, 0, 0, 0, 0, 0, 0, 0, 0, 0, 0, 0, 0, 0, 0, 0, 0, 0, 0, 0, 0, 0, 0, 0, 0, 0, 0, 0, 0, 0, 0, 0, 0, 0, 0, 0, 0, 0, 0, 0, 0, 0, 0, 0, 0, 0, 0, 0, 0, 0, 0, 0, 0, 0, 0, 0, 0, 0], 'attention_mask': [1, 1, 1, 1, 1, 1, 1, 1, 1, 1, 1, 1, 1, 1, 1, 0, 0, 0, 0, 0, 0, 0, 0, 0, 0, 0, 0, 0, 0, 0, 0, 0, 0, 0, 0, 0, 0, 0, 0, 0, 0, 0, 0, 0, 0, 0, 0, 0, 0, 0, 0, 0, 0, 0, 0, 0, 0, 0, 0, 0, 0, 0, 0, 0, 0, 0, 0, 0, 0, 0, 0, 0, 0, 0, 0, 0, 0, 0, 0, 0, 0, 0, 0, 0, 0, 0, 0, 0, 0, 0, 0, 0, 0, 0, 0, 0, 0, 0, 0, 0, 0, 0, 0, 0, 0, 0, 0, 0, 0, 0, 0, 0, 0, 0, 0, 0, 0, 0, 0, 0, 0, 0, 0, 0, 0, 0, 0, 0]}.
01/09/2024 11:20:54 - INFO - __main__ - Sample 409 of the training set: {'label': 1, 'input_ids': [101, 2005, 2032, 2000, 2079, 2008, 2052, 2022, 1037, 6707, 1012, 102, 0, 0, 0, 0, 0, 0, 0, 0, 0, 0, 0, 0, 0, 0, 0, 0, 0, 0, 0, 0, 0, 0, 0, 0, 0, 0, 0, 0, 0, 0, 0, 0, 0, 0, 0, 0, 0, 0, 0, 0, 0, 0, 0, 0, 0, 0, 0, 0, 0, 0, 0, 0, 0, 0, 0, 0, 0, 0, 0, 0, 0, 0, 0, 0, 0, 0, 0, 0, 0, 0, 0, 0, 0, 0, 0, 0, 0, 0, 0, 0, 0, 0, 0, 0, 0, 0, 0, 0, 0, 0, 0, 0, 0, 0, 0, 0, 0, 0, 0, 0, 0, 0, 0, 0, 0, 0, 0, 0, 0, 0, 0, 0, 0, 0, 0, 0], 'token_type_ids': [0, 0, 0, 0, 0, 0, 0, 0, 0, 0, 0, 0, 0, 0, 0, 0, 0, 0, 0, 0, 0, 0, 0, 0, 0, 0, 0, 0, 0, 0, 0, 0, 0, 0, 0, 0, 0, 0, 0, 0, 0, 0, 0, 0, 0, 0, 0, 0, 0, 0, 0, 0, 0, 0, 0, 0, 0, 0, 0, 0, 0, 0, 0, 0, 0, 0, 0, 0, 0, 0, 0, 0, 0, 0, 0, 0, 0, 0, 0, 0, 0, 0, 0, 0, 0, 0, 0, 0, 0, 0, 0, 0, 0, 0, 0, 0, 0, 0, 0, 0, 0, 0, 0, 0, 0, 0, 0, 0, 0, 0, 0, 0, 0, 0, 0, 0, 0, 0, 0, 0, 0, 0, 0, 0, 0, 0, 0, 0], 'attention_mask': [1, 1, 1, 1, 1, 1, 1, 1, 1, 1, 1, 1, 0, 0, 0, 0, 0, 0, 0, 0, 0, 0, 0, 0, 0, 0, 0, 0, 0, 0, 0, 0, 0, 0, 0, 0, 0, 0, 0, 0, 0, 0, 0, 0, 0, 0, 0, 0, 0, 0, 0, 0, 0, 0, 0, 0, 0, 0, 0, 0, 0, 0, 0, 0, 0, 0, 0, 0, 0, 0, 0, 0, 0, 0, 0, 0, 0, 0, 0, 0, 0, 0, 0, 0, 0, 0, 0, 0, 0, 0, 0, 0, 0, 0, 0, 0, 0, 0, 0, 0, 0, 0, 0, 0, 0, 0, 0, 0, 0, 0, 0, 0, 0, 0, 0, 0, 0, 0, 0, 0, 0, 0, 0, 0, 0, 0, 0, 0]}.
01/09/2024 11:20:54 - INFO - __main__ - Sample 4506 of the training set: {'label': 1, 'input_ids': [101, 2984, 6369, 1037, 2299, 1010, 2021, 3389, 2196, 2106, 1012, 102, 0, 0, 0, 0, 0, 0, 0, 0, 0, 0, 0, 0, 0, 0, 0, 0, 0, 0, 0, 0, 0, 0, 0, 0, 0, 0, 0, 0, 0, 0, 0, 0, 0, 0, 0, 0, 0, 0, 0, 0, 0, 0, 0, 0, 0, 0, 0, 0, 0, 0, 0, 0, 0, 0, 0, 0, 0, 0, 0, 0, 0, 0, 0, 0, 0, 0, 0, 0, 0, 0, 0, 0, 0, 0, 0, 0, 0, 0, 0, 0, 0, 0, 0, 0, 0, 0, 0, 0, 0, 0, 0, 0, 0, 0, 0, 0, 0, 0, 0, 0, 0, 0, 0, 0, 0, 0, 0, 0, 0, 0, 0, 0, 0, 0, 0, 0], 'token_type_ids': [0, 0, 0, 0, 0, 0, 0, 0, 0, 0, 0, 0, 0, 0, 0, 0, 0, 0, 0, 0, 0, 0, 0, 0, 0, 0, 0, 0, 0, 0, 0, 0, 0, 0, 0, 0, 0, 0, 0, 0, 0, 0, 0, 0, 0, 0, 0, 0, 0, 0, 0, 0, 0, 0, 0, 0, 0, 0, 0, 0, 0, 0, 0, 0, 0, 0, 0, 0, 0, 0, 0, 0, 0, 0, 0, 0, 0, 0, 0, 0, 0, 0, 0, 0, 0, 0, 0, 0, 0, 0, 0, 0, 0, 0, 0, 0, 0, 0, 0, 0, 0, 0, 0, 0, 0, 0, 0, 0, 0, 0, 0, 0, 0, 0, 0, 0, 0, 0, 0, 0, 0, 0, 0, 0, 0, 0, 0, 0], 'attention_mask': [1, 1, 1, 1, 1, 1, 1, 1, 1, 1, 1, 1, 0, 0, 0, 0, 0, 0, 0, 0, 0, 0, 0, 0, 0, 0, 0, 0, 0, 0, 0, 0, 0, 0, 0, 0, 0, 0, 0, 0, 0, 0, 0, 0, 0, 0, 0, 0, 0, 0, 0, 0, 0, 0, 0, 0, 0, 0, 0, 0, 0, 0, 0, 0, 0, 0, 0, 0, 0, 0, 0, 0, 0, 0, 0, 0, 0, 0, 0, 0, 0, 0, 0, 0, 0, 0, 0, 0, 0, 0, 0, 0, 0, 0, 0, 0, 0, 0, 0, 0, 0, 0, 0, 0, 0, 0, 0, 0, 0, 0, 0, 0, 0, 0, 0, 0, 0, 0, 0, 0, 0, 0, 0, 0, 0, 0, 0, 0]}.
#########################################################################################################
分解前参数量：109483778
#########################################################################################################
bert.encoder.layer.0.attention.self.query.weight
bert.encoder.layer.0.attention.self.key.weight
bert.encoder.layer.0.attention.self.value.weight
bert.encoder.layer.0.attention.output.dense.weight
bert.encoder.layer.0.intermediate.dense.weight
bert.encoder.layer.0.output.dense.weight
bert.encoder.layer.1.attention.self.query.weight
bert.encoder.layer.1.attention.self.key.weight
bert.encoder.layer.1.attention.self.value.weight
bert.encoder.layer.1.attention.output.dense.weight
bert.encoder.layer.1.intermediate.dense.weight
bert.encoder.layer.1.output.dense.weight
bert.encoder.layer.2.attention.self.query.weight
bert.encoder.layer.2.attention.self.key.weight
bert.encoder.layer.2.attention.self.value.weight
bert.encoder.layer.2.attention.output.dense.weight
bert.encoder.layer.2.intermediate.dense.weight
bert.encoder.layer.2.output.dense.weight
bert.encoder.layer.3.attention.self.query.weight
bert.encoder.layer.3.attention.self.key.weight
bert.encoder.layer.3.attention.self.value.weight
bert.encoder.layer.3.attention.output.dense.weight
bert.encoder.layer.3.intermediate.dense.weight
bert.encoder.layer.3.output.dense.weight
bert.encoder.layer.4.attention.self.query.weight
bert.encoder.layer.4.attention.self.key.weight
bert.encoder.layer.4.attention.self.value.weight
bert.encoder.layer.4.attention.output.dense.weight
bert.encoder.layer.4.intermediate.dense.weight
bert.encoder.layer.4.output.dense.weight
bert.encoder.layer.5.attention.self.query.weight
bert.encoder.layer.5.attention.self.key.weight
bert.encoder.layer.5.attention.self.value.weight
bert.encoder.layer.5.attention.output.dense.weight
bert.encoder.layer.5.intermediate.dense.weight
bert.encoder.layer.5.output.dense.weight
bert.encoder.layer.6.attention.self.query.weight
bert.encoder.layer.6.attention.self.key.weight
bert.encoder.layer.6.attention.self.value.weight
bert.encoder.layer.6.attention.output.dense.weight
bert.encoder.layer.6.intermediate.dense.weight
bert.encoder.layer.6.output.dense.weight
bert.encoder.layer.7.attention.self.query.weight
bert.encoder.layer.7.attention.self.key.weight
bert.encoder.layer.7.attention.self.value.weight
bert.encoder.layer.7.attention.output.dense.weight
bert.encoder.layer.7.intermediate.dense.weight
bert.encoder.layer.7.output.dense.weight
bert.encoder.layer.8.attention.self.query.weight
bert.encoder.layer.8.attention.self.key.weight
bert.encoder.layer.8.attention.self.value.weight
bert.encoder.layer.8.attention.output.dense.weight
bert.encoder.layer.8.intermediate.dense.weight
bert.encoder.layer.8.output.dense.weight
bert.encoder.layer.9.attention.self.query.weight
bert.encoder.layer.9.attention.self.key.weight
bert.encoder.layer.9.attention.self.value.weight
bert.encoder.layer.9.attention.output.dense.weight
bert.encoder.layer.9.intermediate.dense.weight
bert.encoder.layer.9.output.dense.weight
bert.encoder.layer.10.attention.self.query.weight
bert.encoder.layer.10.attention.self.key.weight
bert.encoder.layer.10.attention.self.value.weight
bert.encoder.layer.10.attention.output.dense.weight
bert.encoder.layer.10.intermediate.dense.weight
bert.encoder.layer.10.output.dense.weight
bert.encoder.layer.11.attention.self.query.weight
bert.encoder.layer.11.attention.self.key.weight
bert.encoder.layer.11.attention.self.value.weight
bert.encoder.layer.11.attention.output.dense.weight
bert.encoder.layer.11.intermediate.dense.weight
bert.encoder.layer.11.output.dense.weight
#########################################################################################################
分解后参数量：539465474
#########################################################################################################
01/09/2024 11:42:46 - INFO - __main__ - ***** Running training *****
01/09/2024 11:42:46 - INFO - __main__ -   Num examples = 8551
01/09/2024 11:42:46 - INFO - __main__ -   Num Epochs = 6
01/09/2024 11:42:46 - INFO - __main__ -   Instantaneous batch size per device = 32
01/09/2024 11:42:46 - INFO - __main__ -   Total train batch size (w. parallel, distributed & accumulation) = 32
01/09/2024 11:42:46 - INFO - __main__ -   Gradient Accumulation steps = 1
01/09/2024 11:42:46 - INFO - __main__ -   Total optimization steps = 1608
run_glue_mpo_laterloss.py:658: FutureWarning: load_metric is deprecated and will be removed in the next major version of datasets. Use 'evaluate.load' instead, from the new library 🤗 Evaluate: https://huggingface.co/docs/evaluate
  metric = load_metric("glue", data_args.task_name)
/home/zhanyuliang/miniconda3/envs/lgtm/lib/python3.8/site-packages/transformers/optimization.py:306: FutureWarning: This implementation of AdamW is deprecated and will be removed in a future version. Use the PyTorch implementation torch.optim.AdamW instead, or set `no_deprecation_warning=True` to disable this warning
  warnings.warn(
  0%|          | 0/1608 [00:00<?, ?it/s]/home/zhanyuliang/Project/DistillingMPO/OPF/LGTM/utils_glue.py:132: UserWarning: This overload of add_ is deprecated:
	add_(Number alpha, Tensor other)
Consider using one of the following signatures instead:
	add_(Tensor other, *, Number alpha) (Triggered internally at ../torch/csrc/utils/python_arg_parser.cpp:1420.)
  exp_avg.mul_(beta1).add_(1.0 - beta1, grad)
  0%|          | 1/1608 [00:02<1:00:12,  2.25s/it]loss:
tensor(3.4323e-05, device='cuda:0', grad_fn=<AddBackward0>)
Traceback (most recent call last):
  File "run_glue_mpo_laterloss.py", line 1082, in <module>
    main()
  File "run_glue_mpo_laterloss.py", line 875, in main
    model_total.step(batch, held_inputs, optimizer)
  File "/home/zhanyuliang/Project/DistillingMPO/OPF/LGTM/utils_glue.py", line 56, in step
    self._backward_step_unrolled(inputs, eval_inputs, network_optimizer)
  File "/home/zhanyuliang/Project/DistillingMPO/OPF/LGTM/utils_glue.py", line 77, in _backward_step_unrolled
    implicit_grads = self._hessian_vector_product(vector, inputs)
  File "/home/zhanyuliang/Project/DistillingMPO/OPF/LGTM/utils_glue.py", line 194, in _hessian_vector_product
    student_outputs = self.student_model(**input)
  File "/home/zhanyuliang/miniconda3/envs/lgtm/lib/python3.8/site-packages/torch/nn/modules/module.py", line 1190, in _call_impl
    return forward_call(*input, **kwargs)
  File "/home/zhanyuliang/miniconda3/envs/lgtm/lib/python3.8/site-packages/transformers/models/bert/modeling_bert.py", line 1545, in forward
    outputs = self.bert(
  File "/home/zhanyuliang/miniconda3/envs/lgtm/lib/python3.8/site-packages/torch/nn/modules/module.py", line 1190, in _call_impl
    return forward_call(*input, **kwargs)
  File "/home/zhanyuliang/miniconda3/envs/lgtm/lib/python3.8/site-packages/transformers/models/bert/modeling_bert.py", line 996, in forward
    encoder_outputs = self.encoder(
  File "/home/zhanyuliang/miniconda3/envs/lgtm/lib/python3.8/site-packages/torch/nn/modules/module.py", line 1190, in _call_impl
    return forward_call(*input, **kwargs)
  File "/home/zhanyuliang/miniconda3/envs/lgtm/lib/python3.8/site-packages/transformers/models/bert/modeling_bert.py", line 585, in forward
    layer_outputs = layer_module(
  File "/home/zhanyuliang/miniconda3/envs/lgtm/lib/python3.8/site-packages/torch/nn/modules/module.py", line 1190, in _call_impl
    return forward_call(*input, **kwargs)
  File "/home/zhanyuliang/miniconda3/envs/lgtm/lib/python3.8/site-packages/transformers/models/bert/modeling_bert.py", line 472, in forward
    self_attention_outputs = self.attention(
  File "/home/zhanyuliang/miniconda3/envs/lgtm/lib/python3.8/site-packages/torch/nn/modules/module.py", line 1190, in _call_impl
    return forward_call(*input, **kwargs)
  File "/home/zhanyuliang/miniconda3/envs/lgtm/lib/python3.8/site-packages/transformers/models/bert/modeling_bert.py", line 402, in forward
    self_outputs = self.self(
  File "/home/zhanyuliang/miniconda3/envs/lgtm/lib/python3.8/site-packages/torch/nn/modules/module.py", line 1190, in _call_impl
    return forward_call(*input, **kwargs)
  File "/home/zhanyuliang/miniconda3/envs/lgtm/lib/python3.8/site-packages/transformers/models/bert/modeling_bert.py", line 306, in forward
    attention_scores = torch.matmul(query_layer, key_layer.transpose(-1, -2))
torch.cuda.OutOfMemoryError: CUDA out of memory. Tried to allocate 24.00 MiB (GPU 0; 23.69 GiB total capacity; 22.15 GiB already allocated; 4.69 MiB free; 22.59 GiB reserved in total by PyTorch) If reserved memory is >> allocated memory try setting max_split_size_mb to avoid fragmentation.  See documentation for Memory Management and PYTORCH_CUDA_ALLOC_CONF
  0%|          | 1/1608 [00:03<1:32:50,  3.47s/it]